#
# A fatal error has been detected by the Java Runtime Environment:
#
#  SIGSEGV (0xb) at pc=0x00007fff7567ff49, pid=32292, tid=0x0000000000006203
#
# JRE version: OpenJDK Runtime Environment (8.0_152-b08) (build 1.8.0_152-release-915-b08)
# Java VM: OpenJDK 64-Bit Server VM (25.152-b08 mixed mode bsd-amd64 compressed oops)
# Problematic frame:
# C  [libsystem_platform.dylib+0x4f49]  _platform_memmove$VARIANT$Haswell+0x29
#
# Failed to write core dump. Core dumps have been disabled. To enable core dumping, try "ulimit -c unlimited" before starting Java again
#
# If you would like to submit a bug report, please visit:
#   http://bugreport.java.com/bugreport/crash.jsp
# The crash happened outside the Java Virtual Machine in native code.
# See problematic frame for where to report the bug.
#

---------------  T H R E A D  ---------------

Current thread (0x00007fedce08d800):  JavaThread "RMI TCP Connection(6)-127.0.0.1" daemon [_thread_in_native, id=25091, stack(0x0000700005b4f000,0x0000700005c4f000)]

siginfo: si_signo: 11 (SIGSEGV), si_code: 1 (SEGV_MAPERR), si_addr: 0x000000010eff2000

Registers:
RAX=0x00007fedd136b800, RBX=0x0000000000006365, RCX=0x0000000000005c5d, RDX=0x0000000000006365
RSP=0x0000700005c4ad70, RBP=0x0000700005c4ad70, RSI=0x000000010eff2000, RDI=0x00007fedd136bf08
R8 =0x0000000000000000, R9 =0x0000000000008089, R10=0x0000000000000000, R11=0x00007fecc2379f08
R12=0x0000000000006168, R13=0x00007fedd2291400, R14=0x000000010eff18ca, R15=0x00007fedd136b800
RIP=0x00007fff7567ff49, EFLAGS=0x0000000000010206, ERR=0x0000000000000004
  TRAPNO=0x000000000000000e

Top of Stack: (sp=0x0000700005c4ad70)
0x0000700005c4ad70:   0000700005c4ae20 00000001052f8fa4
0x0000700005c4ad80:   0000700005c4b510 000000006c69706d
0x0000700005c4ad90:   00000000572f7265 000000011299fd80
0x0000700005c4ada0:   000000010eff18f8 00007fed00000000
0x0000700005c4adb0:   00000000616c632e 0000700005c4b570
0x0000700005c4adc0:   00007fedce08d800 00000000c0002248
0x0000700005c4add0:   0000000000000050 0000006100000068
0x0000700005c4ade0:   0000000106c18bf8 00007fedcdeeed10
0x0000700005c4adf0:   0000007405c4aea0 0000000000000008
0x0000700005c4ae00:   00007fedcdeeef70 00007fedcdeeee50
0x0000700005c4ae10:   0000000000000080 00000000497fa543
0x0000700005c4ae20:   0000700005c4ae80 00000001052f8c15
0x0000700005c4ae30:   0000000000000001 0000000000000037
0x0000700005c4ae40:   0000700005c4aea0 0000000105c4b2f8
0x0000700005c4ae50:   00007fedcdeeed10 0000000000000037
0x0000700005c4ae60:   0000700005c4b2f8 00007fedce08d9e0
0x0000700005c4ae70:   0000700005c4aea0 00007fedcdeeed10
0x0000700005c4ae80:   0000700005c4b2e0 00000001052f748a
0x0000700005c4ae90:   00000007c001ae38 0000000100000004
0x0000700005c4aea0:   464e492d4154454d 656369767265732f
0x0000700005c4aeb0:   2e786176616a2f73 697461746f6e6e61
0x0000700005c4aec0:   65636f72702e6e6f 72502e676e697373
0x0000700005c4aed0:   00726f737365636f 00007fedce08d800
0x0000700005c4aee0:   0000000000000000 000000010ac9fb13
0x0000700005c4aef0:   00007fedce08d800 0000000000000004
0x0000700005c4af00:   0000700005c4af30 00000001066b7649
0x0000700005c4af10:   00007fedce08d800 00007fedce08d800
0x0000700005c4af20:   00000000000000bd 0000700005c4afa8
0x0000700005c4af30:   0000700005c4af88 00000001129bc926
0x0000700005c4af40:   00000007a689af10 0000700005c4af48
0x0000700005c4af50:   000000010ac9fb13 0000700005c4afa8
0x0000700005c4af60:   000000010aca0570 0000000000000000 

Instructions: (pc=0x00007fff7567ff49)
0x00007fff7567ff29:   f3 48 89 f8 49 39 d3 72 1b 48 83 fa 60 76 2f 48
0x00007fff7567ff39:   81 fa 00 40 00 00 0f 82 cb 00 00 00 48 89 d1 fc
0x00007fff7567ff49:   f3 a4 5d c3 48 39 fe 74 f9 48 01 d6 48 01 d7 48
0x00007fff7567ff59:   83 fa 60 0f 82 8c 01 00 00 e9 a9 01 00 00 48 83 

Register to memory mapping:

RAX=0x00007fedd136b800 is an unknown value
RBX=0x0000000000006365 is an unknown value
RCX=0x0000000000005c5d is an unknown value
RDX=0x0000000000006365 is an unknown value
RSP=0x0000700005c4ad70 is pointing into the stack for thread: 0x00007fedce08d800
RBP=0x0000700005c4ad70 is pointing into the stack for thread: 0x00007fedce08d800
RSI=0x000000010eff2000 is an unknown value
RDI=0x00007fedd136bf08 is an unknown value
R8 =0x0000000000000000 is an unknown value
R9 =0x0000000000008089 is an unknown value
R10=0x0000000000000000 is an unknown value
R11=0x00007fecc2379f08 is an unknown value
R12=0x0000000000006168 is an unknown value
R13=0x00007fedd2291400 is an unknown value
R14=0x000000010eff18ca is an unknown value
R15=0x00007fedd136b800 is an unknown value


Stack: [0x0000700005b4f000,0x0000700005c4f000],  sp=0x0000700005c4ad70,  free space=1007k
Native frames: (J=compiled Java code, j=interpreted, Vv=VM code, C=native code)
C  [libsystem_platform.dylib+0x4f49]  _platform_memmove$VARIANT$Haswell+0x29
C  [libzip.dylib+0x3fa4]  newEntry+0x2ae
C  [libzip.dylib+0x3c15]  ZIP_GetEntry2+0x116
C  [libzip.dylib+0x248a]  Java_java_util_zip_ZipFile_getEntry+0x98
J 105  java.util.zip.ZipFile.getEntry(J[BZ)J (0 bytes) @ 0x0000000112acec0e [0x0000000112aceb40+0xce]
J 146 C1 java.util.zip.ZipFile.getEntry(Ljava/lang/String;)Ljava/util/zip/ZipEntry; (86 bytes) @ 0x0000000112af1b8c [0x0000000112af1920+0x26c]
J 205 C1 java.util.jar.JarFile.getEntry(Ljava/lang/String;)Ljava/util/zip/ZipEntry; (22 bytes) @ 0x0000000112b11ee4 [0x0000000112b11e60+0x84]
j  sun.net.www.protocol.jar.URLJarFile.getEntry(Ljava/lang/String;)Ljava/util/zip/ZipEntry;+2
j  sun.net.www.protocol.jar.JarURLConnection.connect()V+78
j  sun.net.www.protocol.jar.JarURLConnection.getInputStream()Ljava/io/InputStream;+1
j  java.net.URL.openStream()Ljava/io/InputStream;+4
j  java.util.ServiceLoader.parse(Ljava/lang/Class;Ljava/net/URL;)Ljava/util/Iterator;+15
j  java.util.ServiceLoader.access$200(Ljava/util/ServiceLoader;Ljava/lang/Class;Ljava/net/URL;)Ljava/util/Iterator;+3
j  java.util.ServiceLoader$LazyIterator.hasNextService()Z+140
j  java.util.ServiceLoader$LazyIterator.hasNext()Z+11
j  java.util.ServiceLoader$1.hasNext()Z+21
j  kotlin.collections.CollectionsKt___CollectionsKt.toCollection(Ljava/lang/Iterable;Ljava/util/Collection;)Ljava/util/Collection;+21
j  kotlin.collections.CollectionsKt___CollectionsKt.toMutableList(Ljava/lang/Iterable;)Ljava/util/List;+32
J 971 C1 kotlin.collections.CollectionsKt___CollectionsKt.toList(Ljava/lang/Iterable;)Ljava/util/List; (107 bytes) @ 0x0000000112cd8dec [0x0000000112cd8040+0xdac]
j  org.jetbrains.kotlin.kapt3.ClasspathBasedKapt3Extension.loadProcessors()Ljava/util/List;+192
j  org.jetbrains.kotlin.kapt3.AbstractKapt3Extension.analysisCompleted(Lorg/jetbrains/kotlin/com/intellij/openapi/project/Project;Lorg/jetbrains/kotlin/descriptors/ModuleDescriptor;Lorg/jetbrains/kotlin/resolve/BindingTrace;Ljava/util/Collection;)Lorg/jetbrains/kotlin/analyzer/AnalysisResult;+104
j  org.jetbrains.kotlin.kapt3.ClasspathBasedKapt3Extension.analysisCompleted(Lorg/jetbrains/kotlin/com/intellij/openapi/project/Project;Lorg/jetbrains/kotlin/descriptors/ModuleDescriptor;Lorg/jetbrains/kotlin/resolve/BindingTrace;Ljava/util/Collection;)Lorg/jetbrains/kotlin/analyzer/AnalysisResult;+32
j  org.jetbrains.kotlin.cli.jvm.compiler.TopDownAnalyzerFacadeForJVM$analyzeFilesWithJavaIntegration$2.invoke()Lorg/jetbrains/kotlin/analyzer/AnalysisResult;+46
j  org.jetbrains.kotlin.cli.jvm.compiler.TopDownAnalyzerFacadeForJVM.analyzeFilesWithJavaIntegration(Lorg/jetbrains/kotlin/com/intellij/openapi/project/Project;Ljava/util/Collection;Lorg/jetbrains/kotlin/resolve/BindingTrace;Lorg/jetbrains/kotlin/config/CompilerConfiguration;Lkotlin/jvm/functions/Function1;Lkotlin/jvm/functions/Function2;Lorg/jetbrains/kotlin/com/intellij/psi/search/GlobalSearchScope;)Lorg/jetbrains/kotlin/analyzer/AnalysisResult;+179
j  org.jetbrains.kotlin.cli.jvm.compiler.TopDownAnalyzerFacadeForJVM.analyzeFilesWithJavaIntegration$default(Lorg/jetbrains/kotlin/com/intellij/openapi/project/Project;Ljava/util/Collection;Lorg/jetbrains/kotlin/resolve/BindingTrace;Lorg/jetbrains/kotlin/config/CompilerConfiguration;Lkotlin/jvm/functions/Function1;Lkotlin/jvm/functions/Function2;Lorg/jetbrains/kotlin/com/intellij/psi/search/GlobalSearchScope;ILjava/lang/Object;)Lorg/jetbrains/kotlin/analyzer/AnalysisResult;+44
j  org.jetbrains.kotlin.cli.jvm.compiler.KotlinToJVMBytecodeCompiler$analyze$1.invoke()Lorg/jetbrains/kotlin/analyzer/AnalysisResult;+254
j  org.jetbrains.kotlin.cli.jvm.compiler.KotlinToJVMBytecodeCompiler$analyze$1.invoke()Ljava/lang/Object;+1
j  org.jetbrains.kotlin.cli.common.messages.AnalyzerWithCompilerReport.analyzeAndReport(Ljava/util/Collection;Lkotlin/jvm/functions/Function0;)V+16
j  org.jetbrains.kotlin.cli.jvm.compiler.KotlinToJVMBytecodeCompiler.analyze(Lorg/jetbrains/kotlin/cli/jvm/compiler/KotlinCoreEnvironment;Ljava/lang/String;)Lorg/jetbrains/kotlin/analyzer/AnalysisResult;+49
j  org.jetbrains.kotlin.cli.jvm.compiler.KotlinToJVMBytecodeCompiler.compileModules(Lorg/jetbrains/kotlin/cli/jvm/compiler/KotlinCoreEnvironment;Ljava/io/File;)Z+215
j  org.jetbrains.kotlin.cli.jvm.K2JVMCompiler.doExecute(Lorg/jetbrains/kotlin/cli/common/arguments/K2JVMCompilerArguments;Lorg/jetbrains/kotlin/config/CompilerConfiguration;Lorg/jetbrains/kotlin/com/intellij/openapi/Disposable;Lorg/jetbrains/kotlin/utils/KotlinPaths;)Lorg/jetbrains/kotlin/cli/common/ExitCode;+724
j  org.jetbrains.kotlin.cli.jvm.K2JVMCompiler.doExecute(Lorg/jetbrains/kotlin/cli/common/arguments/CommonCompilerArguments;Lorg/jetbrains/kotlin/config/CompilerConfiguration;Lorg/jetbrains/kotlin/com/intellij/openapi/Disposable;Lorg/jetbrains/kotlin/utils/KotlinPaths;)Lorg/jetbrains/kotlin/cli/common/ExitCode;+9
j  org.jetbrains.kotlin.cli.common.CLICompiler.execImpl(Lorg/jetbrains/kotlin/cli/common/messages/MessageCollector;Lorg/jetbrains/kotlin/config/Services;Lorg/jetbrains/kotlin/cli/common/arguments/CommonCompilerArguments;)Lorg/jetbrains/kotlin/cli/common/ExitCode;+162
j  org.jetbrains.kotlin.cli.common.CLICompiler.execImpl(Lorg/jetbrains/kotlin/cli/common/messages/MessageCollector;Lorg/jetbrains/kotlin/config/Services;Lorg/jetbrains/kotlin/cli/common/arguments/CommonToolArguments;)Lorg/jetbrains/kotlin/cli/common/ExitCode;+7
j  org.jetbrains.kotlin.cli.common.CLITool.exec(Lorg/jetbrains/kotlin/cli/common/messages/MessageCollector;Lorg/jetbrains/kotlin/config/Services;Lorg/jetbrains/kotlin/cli/common/arguments/CommonToolArguments;)Lorg/jetbrains/kotlin/cli/common/ExitCode;+76
j  org.jetbrains.kotlin.daemon.CompileServiceImpl$compile$1$2.invoke(Lorg/jetbrains/kotlin/daemon/EventManager;Lorg/jetbrains/kotlin/daemon/common/Profiler;)Lorg/jetbrains/kotlin/cli/common/ExitCode;+33
j  org.jetbrains.kotlin.daemon.CompileServiceImpl$compile$1$2.invoke(Ljava/lang/Object;Ljava/lang/Object;)Ljava/lang/Object;+9
j  org.jetbrains.kotlin.daemon.CompileServiceImpl$doCompile$$inlined$ifAlive$lambda$2.invoke()I+12
j  org.jetbrains.kotlin.daemon.CompileServiceImpl$doCompile$$inlined$ifAlive$lambda$2.invoke()Ljava/lang/Object;+1
j  org.jetbrains.kotlin.daemon.common.DummyProfiler.withMeasure(Ljava/lang/Object;Lkotlin/jvm/functions/Function0;)Ljava/lang/Object;+7
j  org.jetbrains.kotlin.daemon.CompileServiceImpl.checkedCompile(Lorg/jetbrains/kotlin/daemon/report/DaemonMessageReporter;Lorg/jetbrains/kotlin/daemon/common/Profiler;Lkotlin/jvm/functions/Function0;)Ljava/lang/Object;+41
j  org.jetbrains.kotlin.daemon.CompileServiceImpl.doCompile(ILorg/jetbrains/kotlin/daemon/report/DaemonMessageReporter;Lorg/jetbrains/kotlin/daemon/common/RemoteOperationsTracer;Lkotlin/jvm/functions/Function2;)Lorg/jetbrains/kotlin/daemon/common/CompileService$CallResult;+300
j  org.jetbrains.kotlin.daemon.CompileServiceImpl.compile(I[Ljava/lang/String;Lorg/jetbrains/kotlin/daemon/common/CompilationOptions;Lorg/jetbrains/kotlin/daemon/common/CompilerServicesFacadeBase;Lorg/jetbrains/kotlin/daemon/common/CompilationResults;)Lorg/jetbrains/kotlin/daemon/common/CompileService$CallResult;+529
v  ~StubRoutines::call_stub
V  [libjvm.dylib+0x2bf2fd]  JavaCalls::call_helper(JavaValue*, methodHandle*, JavaCallArguments*, Thread*)+0x597
V  [libjvm.dylib+0x47d8f7]  Reflection::invoke(instanceKlassHandle, methodHandle, Handle, bool, objArrayHandle, BasicType, objArrayHandle, bool, Thread*)+0x6e9
V  [libjvm.dylib+0x47e357]  Reflection::invoke_method(oopDesc*, Handle, objArrayHandle, Thread*)+0x173
V  [libjvm.dylib+0x3063cd]  JVM_InvokeMethod+0x1a9
J 1484  sun.reflect.NativeMethodAccessorImpl.invoke0(Ljava/lang/reflect/Method;Ljava/lang/Object;[Ljava/lang/Object;)Ljava/lang/Object; (0 bytes) @ 0x0000000112debf6d [0x0000000112debe80+0xed]
J 1483 C1 sun.reflect.NativeMethodAccessorImpl.invoke(Ljava/lang/Object;[Ljava/lang/Object;)Ljava/lang/Object; (104 bytes) @ 0x0000000112df225c [0x0000000112df1080+0x11dc]
J 1152 C1 sun.reflect.DelegatingMethodAccessorImpl.invoke(Ljava/lang/Object;[Ljava/lang/Object;)Ljava/lang/Object; (10 bytes) @ 0x0000000112d2438c [0x0000000112d24280+0x10c]
J 1151 C1 java.lang.reflect.Method.invoke(Ljava/lang/Object;[Ljava/lang/Object;)Ljava/lang/Object; (62 bytes) @ 0x0000000112d24b5c [0x0000000112d24760+0x3fc]
j  sun.rmi.server.UnicastServerRef.dispatch(Ljava/rmi/Remote;Ljava/rmi/server/RemoteCall;)V+209
j  sun.rmi.transport.Transport$1.run()Ljava/lang/Void;+23
j  sun.rmi.transport.Transport$1.run()Ljava/lang/Object;+1
v  ~StubRoutines::call_stub
V  [libjvm.dylib+0x2bf2fd]  JavaCalls::call_helper(JavaValue*, methodHandle*, JavaCallArguments*, Thread*)+0x597
V  [libjvm.dylib+0x2fca92]  JVM_DoPrivileged+0x558
J 176  java.security.AccessController.doPrivileged(Ljava/security/PrivilegedExceptionAction;Ljava/security/AccessControlContext;)Ljava/lang/Object; (0 bytes) @ 0x0000000112b07955 [0x0000000112b07880+0xd5]
j  sun.rmi.transport.Transport.serviceCall(Ljava/rmi/server/RemoteCall;)Z+157
j  sun.rmi.transport.tcp.TCPTransport.handleMessages(Lsun/rmi/transport/Connection;Z)V+185
j  sun.rmi.transport.tcp.TCPTransport$ConnectionHandler.run0()V+680
j  sun.rmi.transport.tcp.TCPTransport$ConnectionHandler.lambda$run$0()Ljava/lang/Void;+1
j  sun.rmi.transport.tcp.TCPTransport$ConnectionHandler$$Lambda$5.run()Ljava/lang/Object;+4
v  ~StubRoutines::call_stub
V  [libjvm.dylib+0x2bf2fd]  JavaCalls::call_helper(JavaValue*, methodHandle*, JavaCallArguments*, Thread*)+0x597
V  [libjvm.dylib+0x2fca92]  JVM_DoPrivileged+0x558
J 5238  java.security.AccessController.doPrivileged(Ljava/security/PrivilegedAction;Ljava/security/AccessControlContext;)Ljava/lang/Object; (0 bytes) @ 0x0000000113a2b895 [0x0000000113a2b7c0+0xd5]
j  sun.rmi.transport.tcp.TCPTransport$ConnectionHandler.run()V+58
j  java.util.concurrent.ThreadPoolExecutor.runWorker(Ljava/util/concurrent/ThreadPoolExecutor$Worker;)V+95
j  java.util.concurrent.ThreadPoolExecutor$Worker.run()V+5
j  java.lang.Thread.run()V+11
v  ~StubRoutines::call_stub
V  [libjvm.dylib+0x2bf2fd]  JavaCalls::call_helper(JavaValue*, methodHandle*, JavaCallArguments*, Thread*)+0x597
V  [libjvm.dylib+0x2be432]  JavaCalls::call_virtual(JavaValue*, KlassHandle, Symbol*, Symbol*, JavaCallArguments*, Thread*)+0x13e
V  [libjvm.dylib+0x2be571]  JavaCalls::call_virtual(JavaValue*, Handle, KlassHandle, Symbol*, Symbol*, Thread*)+0x57
V  [libjvm.dylib+0x303066]  thread_entry(JavaThread*, Thread*)+0x78
V  [libjvm.dylib+0x504ac0]  JavaThread::thread_main_inner()+0x82
V  [libjvm.dylib+0x504985]  JavaThread::run()+0x199
V  [libjvm.dylib+0x4345d9]  java_start(Thread*)+0xfa
C  [libsystem_pthread.dylib+0x36c1]  _pthread_body+0x154
C  [libsystem_pthread.dylib+0x356d]  _pthread_body+0x0
C  [libsystem_pthread.dylib+0x2c5d]  thread_start+0xd
C  0x0000000000000000

Java frames: (J=compiled Java code, j=interpreted, Vv=VM code)
J 105  java.util.zip.ZipFile.getEntry(J[BZ)J (0 bytes) @ 0x0000000112aceb98 [0x0000000112aceb40+0x58]
J 146 C1 java.util.zip.ZipFile.getEntry(Ljava/lang/String;)Ljava/util/zip/ZipEntry; (86 bytes) @ 0x0000000112af1b8c [0x0000000112af1920+0x26c]
J 205 C1 java.util.jar.JarFile.getEntry(Ljava/lang/String;)Ljava/util/zip/ZipEntry; (22 bytes) @ 0x0000000112b11ee4 [0x0000000112b11e60+0x84]
j  sun.net.www.protocol.jar.URLJarFile.getEntry(Ljava/lang/String;)Ljava/util/zip/ZipEntry;+2
j  sun.net.www.protocol.jar.JarURLConnection.connect()V+78
j  sun.net.www.protocol.jar.JarURLConnection.getInputStream()Ljava/io/InputStream;+1
j  java.net.URL.openStream()Ljava/io/InputStream;+4
j  java.util.ServiceLoader.parse(Ljava/lang/Class;Ljava/net/URL;)Ljava/util/Iterator;+15
j  java.util.ServiceLoader.access$200(Ljava/util/ServiceLoader;Ljava/lang/Class;Ljava/net/URL;)Ljava/util/Iterator;+3
j  java.util.ServiceLoader$LazyIterator.hasNextService()Z+140
j  java.util.ServiceLoader$LazyIterator.hasNext()Z+11
j  java.util.ServiceLoader$1.hasNext()Z+21
j  kotlin.collections.CollectionsKt___CollectionsKt.toCollection(Ljava/lang/Iterable;Ljava/util/Collection;)Ljava/util/Collection;+21
j  kotlin.collections.CollectionsKt___CollectionsKt.toMutableList(Ljava/lang/Iterable;)Ljava/util/List;+32
J 971 C1 kotlin.collections.CollectionsKt___CollectionsKt.toList(Ljava/lang/Iterable;)Ljava/util/List; (107 bytes) @ 0x0000000112cd8dec [0x0000000112cd8040+0xdac]
j  org.jetbrains.kotlin.kapt3.ClasspathBasedKapt3Extension.loadProcessors()Ljava/util/List;+192
j  org.jetbrains.kotlin.kapt3.AbstractKapt3Extension.analysisCompleted(Lorg/jetbrains/kotlin/com/intellij/openapi/project/Project;Lorg/jetbrains/kotlin/descriptors/ModuleDescriptor;Lorg/jetbrains/kotlin/resolve/BindingTrace;Ljava/util/Collection;)Lorg/jetbrains/kotlin/analyzer/AnalysisResult;+104
j  org.jetbrains.kotlin.kapt3.ClasspathBasedKapt3Extension.analysisCompleted(Lorg/jetbrains/kotlin/com/intellij/openapi/project/Project;Lorg/jetbrains/kotlin/descriptors/ModuleDescriptor;Lorg/jetbrains/kotlin/resolve/BindingTrace;Ljava/util/Collection;)Lorg/jetbrains/kotlin/analyzer/AnalysisResult;+32
j  org.jetbrains.kotlin.cli.jvm.compiler.TopDownAnalyzerFacadeForJVM$analyzeFilesWithJavaIntegration$2.invoke()Lorg/jetbrains/kotlin/analyzer/AnalysisResult;+46
j  org.jetbrains.kotlin.cli.jvm.compiler.TopDownAnalyzerFacadeForJVM.analyzeFilesWithJavaIntegration(Lorg/jetbrains/kotlin/com/intellij/openapi/project/Project;Ljava/util/Collection;Lorg/jetbrains/kotlin/resolve/BindingTrace;Lorg/jetbrains/kotlin/config/CompilerConfiguration;Lkotlin/jvm/functions/Function1;Lkotlin/jvm/functions/Function2;Lorg/jetbrains/kotlin/com/intellij/psi/search/GlobalSearchScope;)Lorg/jetbrains/kotlin/analyzer/AnalysisResult;+179
j  org.jetbrains.kotlin.cli.jvm.compiler.TopDownAnalyzerFacadeForJVM.analyzeFilesWithJavaIntegration$default(Lorg/jetbrains/kotlin/com/intellij/openapi/project/Project;Ljava/util/Collection;Lorg/jetbrains/kotlin/resolve/BindingTrace;Lorg/jetbrains/kotlin/config/CompilerConfiguration;Lkotlin/jvm/functions/Function1;Lkotlin/jvm/functions/Function2;Lorg/jetbrains/kotlin/com/intellij/psi/search/GlobalSearchScope;ILjava/lang/Object;)Lorg/jetbrains/kotlin/analyzer/AnalysisResult;+44
j  org.jetbrains.kotlin.cli.jvm.compiler.KotlinToJVMBytecodeCompiler$analyze$1.invoke()Lorg/jetbrains/kotlin/analyzer/AnalysisResult;+254
j  org.jetbrains.kotlin.cli.jvm.compiler.KotlinToJVMBytecodeCompiler$analyze$1.invoke()Ljava/lang/Object;+1
j  org.jetbrains.kotlin.cli.common.messages.AnalyzerWithCompilerReport.analyzeAndReport(Ljava/util/Collection;Lkotlin/jvm/functions/Function0;)V+16
j  org.jetbrains.kotlin.cli.jvm.compiler.KotlinToJVMBytecodeCompiler.analyze(Lorg/jetbrains/kotlin/cli/jvm/compiler/KotlinCoreEnvironment;Ljava/lang/String;)Lorg/jetbrains/kotlin/analyzer/AnalysisResult;+49
j  org.jetbrains.kotlin.cli.jvm.compiler.KotlinToJVMBytecodeCompiler.compileModules(Lorg/jetbrains/kotlin/cli/jvm/compiler/KotlinCoreEnvironment;Ljava/io/File;)Z+215
j  org.jetbrains.kotlin.cli.jvm.K2JVMCompiler.doExecute(Lorg/jetbrains/kotlin/cli/common/arguments/K2JVMCompilerArguments;Lorg/jetbrains/kotlin/config/CompilerConfiguration;Lorg/jetbrains/kotlin/com/intellij/openapi/Disposable;Lorg/jetbrains/kotlin/utils/KotlinPaths;)Lorg/jetbrains/kotlin/cli/common/ExitCode;+724
j  org.jetbrains.kotlin.cli.jvm.K2JVMCompiler.doExecute(Lorg/jetbrains/kotlin/cli/common/arguments/CommonCompilerArguments;Lorg/jetbrains/kotlin/config/CompilerConfiguration;Lorg/jetbrains/kotlin/com/intellij/openapi/Disposable;Lorg/jetbrains/kotlin/utils/KotlinPaths;)Lorg/jetbrains/kotlin/cli/common/ExitCode;+9
j  org.jetbrains.kotlin.cli.common.CLICompiler.execImpl(Lorg/jetbrains/kotlin/cli/common/messages/MessageCollector;Lorg/jetbrains/kotlin/config/Services;Lorg/jetbrains/kotlin/cli/common/arguments/CommonCompilerArguments;)Lorg/jetbrains/kotlin/cli/common/ExitCode;+162
j  org.jetbrains.kotlin.cli.common.CLICompiler.execImpl(Lorg/jetbrains/kotlin/cli/common/messages/MessageCollector;Lorg/jetbrains/kotlin/config/Services;Lorg/jetbrains/kotlin/cli/common/arguments/CommonToolArguments;)Lorg/jetbrains/kotlin/cli/common/ExitCode;+7
j  org.jetbrains.kotlin.cli.common.CLITool.exec(Lorg/jetbrains/kotlin/cli/common/messages/MessageCollector;Lorg/jetbrains/kotlin/config/Services;Lorg/jetbrains/kotlin/cli/common/arguments/CommonToolArguments;)Lorg/jetbrains/kotlin/cli/common/ExitCode;+76
j  org.jetbrains.kotlin.daemon.CompileServiceImpl$compile$1$2.invoke(Lorg/jetbrains/kotlin/daemon/EventManager;Lorg/jetbrains/kotlin/daemon/common/Profiler;)Lorg/jetbrains/kotlin/cli/common/ExitCode;+33
j  org.jetbrains.kotlin.daemon.CompileServiceImpl$compile$1$2.invoke(Ljava/lang/Object;Ljava/lang/Object;)Ljava/lang/Object;+9
j  org.jetbrains.kotlin.daemon.CompileServiceImpl$doCompile$$inlined$ifAlive$lambda$2.invoke()I+12
j  org.jetbrains.kotlin.daemon.CompileServiceImpl$doCompile$$inlined$ifAlive$lambda$2.invoke()Ljava/lang/Object;+1
j  org.jetbrains.kotlin.daemon.common.DummyProfiler.withMeasure(Ljava/lang/Object;Lkotlin/jvm/functions/Function0;)Ljava/lang/Object;+7
j  org.jetbrains.kotlin.daemon.CompileServiceImpl.checkedCompile(Lorg/jetbrains/kotlin/daemon/report/DaemonMessageReporter;Lorg/jetbrains/kotlin/daemon/common/Profiler;Lkotlin/jvm/functions/Function0;)Ljava/lang/Object;+41
j  org.jetbrains.kotlin.daemon.CompileServiceImpl.doCompile(ILorg/jetbrains/kotlin/daemon/report/DaemonMessageReporter;Lorg/jetbrains/kotlin/daemon/common/RemoteOperationsTracer;Lkotlin/jvm/functions/Function2;)Lorg/jetbrains/kotlin/daemon/common/CompileService$CallResult;+300
j  org.jetbrains.kotlin.daemon.CompileServiceImpl.compile(I[Ljava/lang/String;Lorg/jetbrains/kotlin/daemon/common/CompilationOptions;Lorg/jetbrains/kotlin/daemon/common/CompilerServicesFacadeBase;Lorg/jetbrains/kotlin/daemon/common/CompilationResults;)Lorg/jetbrains/kotlin/daemon/common/CompileService$CallResult;+529
v  ~StubRoutines::call_stub
J 1484  sun.reflect.NativeMethodAccessorImpl.invoke0(Ljava/lang/reflect/Method;Ljava/lang/Object;[Ljava/lang/Object;)Ljava/lang/Object; (0 bytes) @ 0x0000000112debef7 [0x0000000112debe80+0x77]
J 1483 C1 sun.reflect.NativeMethodAccessorImpl.invoke(Ljava/lang/Object;[Ljava/lang/Object;)Ljava/lang/Object; (104 bytes) @ 0x0000000112df225c [0x0000000112df1080+0x11dc]
J 1152 C1 sun.reflect.DelegatingMethodAccessorImpl.invoke(Ljava/lang/Object;[Ljava/lang/Object;)Ljava/lang/Object; (10 bytes) @ 0x0000000112d2438c [0x0000000112d24280+0x10c]
J 1151 C1 java.lang.reflect.Method.invoke(Ljava/lang/Object;[Ljava/lang/Object;)Ljava/lang/Object; (62 bytes) @ 0x0000000112d24b5c [0x0000000112d24760+0x3fc]
j  sun.rmi.server.UnicastServerRef.dispatch(Ljava/rmi/Remote;Ljava/rmi/server/RemoteCall;)V+209
j  sun.rmi.transport.Transport$1.run()Ljava/lang/Void;+23
j  sun.rmi.transport.Transport$1.run()Ljava/lang/Object;+1
v  ~StubRoutines::call_stub
J 176  java.security.AccessController.doPrivileged(Ljava/security/PrivilegedExceptionAction;Ljava/security/AccessControlContext;)Ljava/lang/Object; (0 bytes) @ 0x0000000112b078e3 [0x0000000112b07880+0x63]
j  sun.rmi.transport.Transport.serviceCall(Ljava/rmi/server/RemoteCall;)Z+157
j  sun.rmi.transport.tcp.TCPTransport.handleMessages(Lsun/rmi/transport/Connection;Z)V+185
j  sun.rmi.transport.tcp.TCPTransport$ConnectionHandler.run0()V+680
j  sun.rmi.transport.tcp.TCPTransport$ConnectionHandler.lambda$run$0()Ljava/lang/Void;+1
j  sun.rmi.transport.tcp.TCPTransport$ConnectionHandler$$Lambda$5.run()Ljava/lang/Object;+4
v  ~StubRoutines::call_stub
J 5238  java.security.AccessController.doPrivileged(Ljava/security/PrivilegedAction;Ljava/security/AccessControlContext;)Ljava/lang/Object; (0 bytes) @ 0x0000000113a2b823 [0x0000000113a2b7c0+0x63]
j  sun.rmi.transport.tcp.TCPTransport$ConnectionHandler.run()V+58
j  java.util.concurrent.ThreadPoolExecutor.runWorker(Ljava/util/concurrent/ThreadPoolExecutor$Worker;)V+95
j  java.util.concurrent.ThreadPoolExecutor$Worker.run()V+5
j  java.lang.Thread.run()V+11
v  ~StubRoutines::call_stub

---------------  P R O C E S S  ---------------

Java Threads: ( => current thread )
  0x00007fedd1104000 JavaThread "RMI RenewClean-[localhost:55429,org.jetbrains.kotlin.daemon.common.LoopbackNetworkInterface$ClientLoopbackSocketFactory@3e02a9eb]" daemon [_thread_blocked, id=4871, stack(0x000070000605e000,0x000070000615e000)]
  0x00007fedd0a27000 JavaThread "RMI RenewClean-[localhost:55429,org.jetbrains.kotlin.daemon.common.LoopbackNetworkInterface$ClientLoopbackSocketFactory@3ceddd81]" daemon [_thread_blocked, id=4359, stack(0x000070000417e000,0x000070000427e000)]
  0x00007fedceb96800 JavaThread "RMI RenewClean-[localhost:55429,org.jetbrains.kotlin.daemon.common.LoopbackNetworkInterface$ClientLoopbackSocketFactory@7cc54b74]" daemon [_thread_blocked, id=27139, stack(0x0000700005f5b000,0x000070000605b000)]
  0x00007fedcd24f800 JavaThread "RMI TCP Connection(4)-127.0.0.1" daemon [_thread_in_native, id=23559, stack(0x0000700005846000,0x0000700005946000)]
  0x00007fedcc0b9800 JavaThread "RMI RenewClean-[localhost:55429,org.jetbrains.kotlin.daemon.common.LoopbackNetworkInterface$ClientLoopbackSocketFactory@3dd7ad11]" daemon [_thread_blocked, id=26627, stack(0x0000700005e58000,0x0000700005f58000)]
  0x00007fedce173800 JavaThread "RMI TCP Connection(5)-127.0.0.1" daemon [_thread_in_native, id=26115, stack(0x0000700005d55000,0x0000700005e55000)]
  0x00007fedcc80e800 JavaThread "RMI Scheduler(0)" daemon [_thread_blocked, id=25603, stack(0x0000700005c52000,0x0000700005d52000)]
=>0x00007fedce08d800 JavaThread "RMI TCP Connection(6)-127.0.0.1" daemon [_thread_in_native, id=25091, stack(0x0000700005b4f000,0x0000700005c4f000)]
  0x00007fedd0001000 JavaThread "DestroyJavaVM" [_thread_blocked, id=6915, stack(0x0000700004307000,0x0000700004407000)]
  0x00007fedce08a000 JavaThread "GC Daemon" daemon [_thread_blocked, id=24579, stack(0x0000700005a4c000,0x0000700005b4c000)]
  0x00007fedce09b800 JavaThread "RMI Reaper" [_thread_blocked, id=24067, stack(0x0000700005949000,0x0000700005a49000)]
  0x00007fedcd1b4800 JavaThread "Timer-0" daemon [_thread_blocked, id=23043, stack(0x0000700005743000,0x0000700005843000)]
  0x00007fedcd1b3800 JavaThread "RMI TCP Accept-17758" daemon [_thread_in_native, id=22531, stack(0x0000700005640000,0x0000700005740000)]
  0x00007fedce010000 JavaThread "Service Thread" daemon [_thread_blocked, id=21507, stack(0x000070000543a000,0x000070000553a000)]
  0x00007fedcd00d000 JavaThread "C1 CompilerThread3" daemon [_thread_blocked, id=20995, stack(0x0000700005337000,0x0000700005437000)]
  0x00007fedcd005000 JavaThread "C2 CompilerThread2" daemon [_thread_blocked, id=20483, stack(0x0000700005234000,0x0000700005334000)]
  0x00007fedce019800 JavaThread "C2 CompilerThread1" daemon [_thread_blocked, id=19971, stack(0x0000700005131000,0x0000700005231000)]
  0x00007fedce004800 JavaThread "C2 CompilerThread0" daemon [_thread_blocked, id=19459, stack(0x000070000502e000,0x000070000512e000)]
  0x00007fedce82e000 JavaThread "Signal Dispatcher" daemon [_thread_blocked, id=18947, stack(0x0000700004f2b000,0x000070000502b000)]
  0x00007fedce017000 JavaThread "Finalizer" daemon [_thread_blocked, id=15107, stack(0x0000700004e28000,0x0000700004f28000)]
  0x00007fedcc063800 JavaThread "Reference Handler" daemon [_thread_blocked, id=14595, stack(0x0000700004d25000,0x0000700004e25000)]

Other Threads:
  0x00007fedcc05f000 VMThread [stack: 0x0000700004c22000,0x0000700004d22000] [id=14083]
  0x00007fedce033000 WatcherThread [stack: 0x000070000553d000,0x000070000563d000] [id=22019]

VM state:not at safepoint (normal execution)

VM Mutex/Monitor currently owned by a thread: None

Heap:
 PSYoungGen      total 157696K, used 118162K [0x00000007a0000000, 0x00000007af200000, 0x00000007c0000000)
  eden space 146944K, 73% used [0x00000007a0000000,0x00000007a68e8b78,0x00000007a8f80000)
  from space 10752K, 99% used [0x00000007ab080000,0x00000007abafbef8,0x00000007abb00000)
  to   space 33792K, 0% used [0x00000007a8f80000,0x00000007a8f80000,0x00000007ab080000)
 ParOldGen       total 169984K, used 43410K [0x0000000760000000, 0x000000076a600000, 0x00000007a0000000)
  object space 169984K, 25% used [0x0000000760000000,0x0000000762a64948,0x000000076a600000)
 Metaspace       used 50155K, capacity 50930K, committed 51328K, reserved 1093632K
  class space    used 6196K, capacity 6419K, committed 6528K, reserved 1048576K

Card table byte_map: [0x0000000107226000,0x0000000107527000] byte_map_base: 0x0000000103726000

Marking Bits: (ParMarkBitMap*) 0x0000000106bf7128
 Begin Bits: [0x0000000107727000, 0x0000000108f27000)
 End Bits:   [0x0000000108f27000, 0x000000010a727000)

Polling page: 0x00000001051e8000

CodeCache: size=245760Kb used=17483Kb max_used=17484Kb free=228276Kb
 bounds [0x0000000112998000, 0x0000000113ac8000, 0x0000000121998000]
 total_blobs=5857 nmethods=5327 adapters=443
 compilation: enabled

Compilation events (10 events):
Event: 61.055 Thread 0x00007fedcd00d000 5332       3       com.sun.org.apache.xerces.internal.xni.QName::setValues (33 bytes)
Event: 61.055 Thread 0x00007fedcd00d000 nmethod 5332 0x0000000113ab8d50 code [0x0000000113ab8ec0, 0x0000000113ab9090]
Event: 61.057 Thread 0x00007fedcd00d000 5333       1       java.net.URL::getUserInfo (5 bytes)
Event: 61.058 Thread 0x00007fedcd00d000 nmethod 5333 0x0000000113ab8a90 code [0x0000000113ab8be0, 0x0000000113ab8cf0]
Event: 61.058 Thread 0x00007fedcd00d000 5334       3       java.io.File::<init> (20 bytes)
Event: 61.058 Thread 0x00007fedcd00d000 nmethod 5334 0x0000000113ab8690 code [0x0000000113ab8800, 0x0000000113ab89f0]
Event: 61.058 Thread 0x00007fedcd00d000 5335       3       java.net.URI$Parser::substring (10 bytes)
Event: 61.058 Thread 0x00007fedcd00d000 nmethod 5335 0x0000000113ab8210 code [0x0000000113ab8380, 0x0000000113ab85a8]
Event: 61.058 Thread 0x00007fedcd00d000 5336       3       java.net.URI$Parser::checkChars (44 bytes)
Event: 61.059 Thread 0x00007fedcd00d000 nmethod 5336 0x0000000113ab7190 code [0x0000000113ab7380, 0x0000000113ab7ca8]

GC Heap History (10 events):
Event: 1.043 GC heap before
{Heap before GC invocations=5 (full 2):
 PSYoungGen      total 76288K, used 4165K [0x00000007a0000000, 0x00000007a9500000, 0x00000007c0000000)
  eden space 65536K, 0% used [0x00000007a0000000,0x00000007a0000000,0x00000007a4000000)
  from space 10752K, 38% used [0x00000007a4000000,0x00000007a44114d0,0x00000007a4a80000)
  to   space 10752K, 0% used [0x00000007a8a80000,0x00000007a8a80000,0x00000007a9500000)
 ParOldGen       total 175104K, used 5888K [0x0000000760000000, 0x000000076ab00000, 0x00000007a0000000)
  object space 175104K, 3% used [0x0000000760000000,0x00000007605c0290,0x000000076ab00000)
 Metaspace       used 20851K, capacity 21060K, committed 21296K, reserved 1069056K
  class space    used 2571K, capacity 2648K, committed 2688K, reserved 1048576K
Event: 1.061 GC heap after
Heap after GC invocations=5 (full 2):
 PSYoungGen      total 76288K, used 0K [0x00000007a0000000, 0x00000007a9500000, 0x00000007c0000000)
  eden space 65536K, 0% used [0x00000007a0000000,0x00000007a0000000,0x00000007a4000000)
  from space 10752K, 0% used [0x00000007a4000000,0x00000007a4000000,0x00000007a4a80000)
  to   space 10752K, 0% used [0x00000007a8a80000,0x00000007a8a80000,0x00000007a9500000)
 ParOldGen       total 96768K, used 5576K [0x0000000760000000, 0x0000000765e80000, 0x00000007a0000000)
  object space 96768K, 5% used [0x0000000760000000,0x0000000760572150,0x0000000765e80000)
 Metaspace       used 20851K, capacity 21060K, committed 21296K, reserved 1069056K
  class space    used 2571K, capacity 2648K, committed 2688K, reserved 1048576K
}
Event: 1.541 GC heap before
{Heap before GC invocations=6 (full 2):
 PSYoungGen      total 76288K, used 65536K [0x00000007a0000000, 0x00000007a9500000, 0x00000007c0000000)
  eden space 65536K, 100% used [0x00000007a0000000,0x00000007a4000000,0x00000007a4000000)
  from space 10752K, 0% used [0x00000007a4000000,0x00000007a4000000,0x00000007a4a80000)
  to   space 10752K, 0% used [0x00000007a8a80000,0x00000007a8a80000,0x00000007a9500000)
 ParOldGen       total 96768K, used 5576K [0x0000000760000000, 0x0000000765e80000, 0x00000007a0000000)
  object space 96768K, 5% used [0x0000000760000000,0x0000000760572150,0x0000000765e80000)
 Metaspace       used 27954K, capacity 28352K, committed 28672K, reserved 1075200K
  class space    used 3605K, capacity 3742K, committed 3840K, reserved 1048576K
Event: 1.552 GC heap after
Heap after GC invocations=6 (full 2):
 PSYoungGen      total 117248K, used 10733K [0x00000007a0000000, 0x00000007a9500000, 0x00000007c0000000)
  eden space 106496K, 0% used [0x00000007a0000000,0x00000007a0000000,0x00000007a6800000)
  from space 10752K, 99% used [0x00000007a8a80000,0x00000007a94fb770,0x00000007a9500000)
  to   space 10752K, 0% used [0x00000007a8000000,0x00000007a8000000,0x00000007a8a80000)
 ParOldGen       total 96768K, used 9869K [0x0000000760000000, 0x0000000765e80000, 0x00000007a0000000)
  object space 96768K, 10% used [0x0000000760000000,0x00000007609a3580,0x0000000765e80000)
 Metaspace       used 27954K, capacity 28352K, committed 28672K, reserved 1075200K
  class space    used 3605K, capacity 3742K, committed 3840K, reserved 1048576K
}
Event: 1.988 GC heap before
{Heap before GC invocations=7 (full 2):
 PSYoungGen      total 117248K, used 52121K [0x00000007a0000000, 0x00000007a9500000, 0x00000007c0000000)
  eden space 106496K, 38% used [0x00000007a0000000,0x00000007a286acf0,0x00000007a6800000)
  from space 10752K, 99% used [0x00000007a8a80000,0x00000007a94fb770,0x00000007a9500000)
  to   space 10752K, 0% used [0x00000007a8000000,0x00000007a8000000,0x00000007a8a80000)
 ParOldGen       total 96768K, used 9869K [0x0000000760000000, 0x0000000765e80000, 0x00000007a0000000)
  object space 96768K, 10% used [0x0000000760000000,0x00000007609a3580,0x0000000765e80000)
 Metaspace       used 34759K, capacity 35196K, committed 35496K, reserved 1081344K
  class space    used 4462K, capacity 4578K, committed 4608K, reserved 1048576K
Event: 1.998 GC heap after
Heap after GC invocations=7 (full 2):
 PSYoungGen      total 141824K, used 10742K [0x00000007a0000000, 0x00000007abb00000, 0x00000007c0000000)
  eden space 131072K, 0% used [0x00000007a0000000,0x00000007a0000000,0x00000007a8000000)
  from space 10752K, 99% used [0x00000007a8000000,0x00000007a8a7d988,0x00000007a8a80000)
  to   space 10752K, 0% used [0x00000007ab080000,0x00000007ab080000,0x00000007abb00000)
 ParOldGen       total 96768K, used 17173K [0x0000000760000000, 0x0000000765e80000, 0x00000007a0000000)
  object space 96768K, 17% used [0x0000000760000000,0x00000007610c57f8,0x0000000765e80000)
 Metaspace       used 34759K, capacity 35196K, committed 35496K, reserved 1081344K
  class space    used 4462K, capacity 4578K, committed 4608K, reserved 1048576K
}
Event: 1.998 GC heap before
{Heap before GC invocations=8 (full 3):
 PSYoungGen      total 141824K, used 10742K [0x00000007a0000000, 0x00000007abb00000, 0x00000007c0000000)
  eden space 131072K, 0% used [0x00000007a0000000,0x00000007a0000000,0x00000007a8000000)
  from space 10752K, 99% used [0x00000007a8000000,0x00000007a8a7d988,0x00000007a8a80000)
  to   space 10752K, 0% used [0x00000007ab080000,0x00000007ab080000,0x00000007abb00000)
 ParOldGen       total 96768K, used 17173K [0x0000000760000000, 0x0000000765e80000, 0x00000007a0000000)
  object space 96768K, 17% used [0x0000000760000000,0x00000007610c57f8,0x0000000765e80000)
 Metaspace       used 34759K, capacity 35196K, committed 35496K, reserved 1081344K
  class space    used 4462K, capacity 4578K, committed 4608K, reserved 1048576K
Event: 2.077 GC heap after
Heap after GC invocations=8 (full 3):
 PSYoungGen      total 141824K, used 0K [0x00000007a0000000, 0x00000007abb00000, 0x00000007c0000000)
  eden space 131072K, 0% used [0x00000007a0000000,0x00000007a0000000,0x00000007a8000000)
  from space 10752K, 0% used [0x00000007a8000000,0x00000007a8000000,0x00000007a8a80000)
  to   space 10752K, 0% used [0x00000007ab080000,0x00000007ab080000,0x00000007abb00000)
 ParOldGen       total 169984K, used 22523K [0x0000000760000000, 0x000000076a600000, 0x00000007a0000000)
  object space 169984K, 13% used [0x0000000760000000,0x00000007615fed48,0x000000076a600000)
 Metaspace       used 34759K, capacity 35196K, committed 35496K, reserved 1081344K
  class space    used 4462K, capacity 4578K, committed 4608K, reserved 1048576K
}
Event: 3.352 GC heap before
{Heap before GC invocations=9 (full 3):
 PSYoungGen      total 141824K, used 131072K [0x00000007a0000000, 0x00000007abb00000, 0x00000007c0000000)
  eden space 131072K, 100% used [0x00000007a0000000,0x00000007a8000000,0x00000007a8000000)
  from space 10752K, 0% used [0x00000007a8000000,0x00000007a8000000,0x00000007a8a80000)
  to   space 10752K, 0% used [0x00000007ab080000,0x00000007ab080000,0x00000007abb00000)
 ParOldGen       total 169984K, used 22523K [0x0000000760000000, 0x000000076a600000, 0x00000007a0000000)
  object space 169984K, 13% used [0x0000000760000000,0x00000007615fed48,0x000000076a600000)
 Metaspace       used 48229K, capacity 48908K, committed 49280K, reserved 1091584K
  class space    used 6061K, capacity 6239K, committed 6272K, reserved 1048576K
Event: 3.372 GC heap after
Heap after GC invocations=9 (full 3):
 PSYoungGen      total 157696K, used 10735K [0x00000007a0000000, 0x00000007af200000, 0x00000007c0000000)
  eden space 146944K, 0% used [0x00000007a0000000,0x00000007a0000000,0x00000007a8f80000)
  from space 10752K, 99% used [0x00000007ab080000,0x00000007abafbef8,0x00000007abb00000)
  to   space 33792K, 0% used [0x00000007a8f80000,0x00000007a8f80000,0x00000007ab080000)
 ParOldGen       total 169984K, used 43410K [0x0000000760000000, 0x000000076a600000, 0x00000007a0000000)
  object space 169984K, 25% used [0x0000000760000000,0x0000000762a64948,0x000000076a600000)
 Metaspace       used 48229K, capacity 48908K, committed 49280K, reserved 1091584K
  class space    used 6061K, capacity 6239K, committed 6272K, reserved 1048576K
}

Deoptimization events (10 events):
Event: 60.550 Thread 0x00007fedce173800 Uncommon trap: reason=class_check action=maybe_recompile pc=0x0000000113157188 method=java.lang.StringCoding.decode(Ljava/nio/charset/Charset;[BII)[C @ 1
Event: 60.558 Thread 0x00007fedce173800 Uncommon trap: reason=unstable_if action=reinterpret pc=0x0000000112e8e824 method=org.jetbrains.kotlin.com.intellij.util.containers.FactoryMap.get(Ljava/lang/Object;)Ljava/lang/Object; @ 93
Event: 60.616 Thread 0x00007fedce173800 Uncommon trap: reason=class_check action=maybe_recompile pc=0x0000000113299f88 method=org.jetbrains.kotlin.storage.LockBasedStorageManager$LockBasedLazyValue.invoke()Ljava/lang/Object; @ 24
Event: 60.625 Thread 0x00007fedce173800 Uncommon trap: reason=class_check action=maybe_recompile pc=0x0000000113295dcc method=org.jetbrains.kotlin.storage.LockBasedStorageManager$LockBasedLazyValue.invoke()Ljava/lang/Object; @ 24
Event: 60.679 Thread 0x00007fedce173800 Uncommon trap: reason=range_check action=make_not_entrant pc=0x000000011342cd1c method=org.jetbrains.org.objectweb.asm.Type.getType([CI)Lorg/jetbrains/org/objectweb/asm/Type; @ 162
Event: 60.771 Thread 0x00007fedce173800 Uncommon trap: reason=unstable_if action=reinterpret pc=0x0000000112ee5adc method=org.jetbrains.kotlin.protobuf.CodedInputStream.readRawVarint32()I @ 69
Event: 60.835 Thread 0x00007fedce173800 Uncommon trap: reason=class_check action=maybe_recompile pc=0x00000001130c1f68 method=org.jetbrains.kotlin.protobuf.CodedOutputStream.refreshBuffer()V @ 28
Event: 60.835 Thread 0x00007fedce173800 Uncommon trap: reason=class_check action=maybe_recompile pc=0x00000001130c1f68 method=org.jetbrains.kotlin.protobuf.CodedOutputStream.refreshBuffer()V @ 28
Event: 60.844 Thread 0x00007fedce173800 Uncommon trap: reason=class_check action=maybe_recompile pc=0x00000001133aa7a0 method=org.jetbrains.kotlin.gnu.trove.THashIterator.nextIndex()I @ 8
Event: 60.844 Thread 0x00007fedce173800 Uncommon trap: reason=unstable_if action=reinterpret pc=0x0000000113855f28 method=org.jetbrains.kotlin.gnu.trove.THash.postInsertHook(Z)V @ 49

Classes redefined (0 events):
No events

Internal exceptions (10 events):
Event: 2.511 Thread 0x00007fedce173800 Implicit null exception at 0x0000000112e836cc to 0x0000000112e83736
Event: 2.577 Thread 0x00007fedce173800 Exception <a 'java/lang/NoSuchMethodError': java.lang.Object.lambda$static$0(Ljava/lang/Throwable;Ljava/lang/String;)V> (0x00000007a372c008) thrown at [/Volumes/android/AOSP-openjdk-git/jdk8u/hotspot/src/share/vm/interpreter/linkResolver.cpp, line 584]
Event: 2.698 Thread 0x00007fedce173800 Exception <a 'java/lang/NoSuchMethodError': java.lang.Object.lambda$static$0(Lorg/jetbrains/kotlin/descriptors/ValueParameterDescriptor;Lorg/jetbrains/kotlin/codegen/ExpressionCodegen;)Lorg/jetbrains/kotlin/codegen/StackValue;> (0x00000007a40766c0) thrown
Event: 2.778 Thread 0x00007fedce173800 Exception <a 'java/lang/NoSuchMethodError': <clinit>> (0x00000007a45efcf0) thrown at [/Volumes/android/AOSP-openjdk-git/jdk8u/hotspot/src/share/vm/prims/jni.cpp, line 1613]
Event: 2.905 Thread 0x00007fedceb96800 Exception <a 'java/lang/InterruptedException'> (0x00000007a49d3c10) thrown at [/Volumes/android/AOSP-openjdk-git/jdk8u/hotspot/src/share/vm/runtime/objectMonitor.cpp, line 1684]
Event: 3.571 Thread 0x00007fedcd24f800 Implicit null exception at 0x000000011349358d to 0x0000000113493745
Event: 60.546 Thread 0x00007fedd0a27000 Exception <a 'java/lang/InterruptedException'> (0x00000007a1d62b50) thrown at [/Volumes/android/AOSP-openjdk-git/jdk8u/hotspot/src/share/vm/runtime/objectMonitor.cpp, line 1684]
Event: 60.550 Thread 0x00007fedce173800 Exception <a 'sun/nio/fs/UnixException'> (0x00000007a1b9a230) thrown at [/Volumes/android/AOSP-openjdk-git/jdk8u/hotspot/src/share/vm/prims/jni.cpp, line 709]
Event: 60.550 Thread 0x00007fedce173800 Exception <a 'java/lang/reflect/InvocationTargetException'> (0x00000007a1b9abb0) thrown at [/Volumes/android/AOSP-openjdk-git/jdk8u/hotspot/src/share/vm/runtime/reflection.cpp, line 1092]
Event: 60.992 Thread 0x00007fedd1104000 Exception <a 'java/lang/InterruptedException'> (0x00000007a5723568) thrown at [/Volumes/android/AOSP-openjdk-git/jdk8u/hotspot/src/share/vm/runtime/objectMonitor.cpp, line 1684]

Events (10 events):
Event: 61.057 loading class org/jetbrains/kotlin/android/synthetic/res/AndroidSyntheticPackageFragmentProvider
Event: 61.057 loading class org/jetbrains/kotlin/android/synthetic/res/AndroidSyntheticPackageFragmentProvider done
Event: 61.057 loading class org/jetbrains/kotlin/descriptors/PackageFragmentProvider
Event: 61.057 loading class org/jetbrains/kotlin/descriptors/PackageFragmentProvider done
Event: 61.057 loading class org/jetbrains/kotlin/analyzer/AnalysisResult
Event: 61.057 loading class org/jetbrains/kotlin/analyzer/AnalysisResult done
Event: 61.057 loading class org/jetbrains/kotlin/analyzer/AnalysisResult$Companion
Event: 61.057 loading class org/jetbrains/kotlin/analyzer/AnalysisResult$Companion done
Event: 61.057 loading class org/jetbrains/kotlin/kapt3/AbstractKapt3Extension$analysisCompleted$1
Event: 61.057 loading class org/jetbrains/kotlin/kapt3/AbstractKapt3Extension$analysisCompleted$1 done


Dynamic libraries:
0x0000000026776000 	/System/Library/Frameworks/Cocoa.framework/Versions/A/Cocoa
0x0000000026776000 	/System/Library/Frameworks/Security.framework/Versions/A/Security
0x0000000026776000 	/System/Library/Frameworks/ApplicationServices.framework/Versions/A/ApplicationServices
0x0000000026776000 	/usr/lib/libz.1.dylib
0x0000000026776000 	/usr/lib/libSystem.B.dylib
0x0000000026776000 	/System/Library/Frameworks/CoreFoundation.framework/Versions/A/CoreFoundation
0x0000000026776000 	/System/Library/Frameworks/Foundation.framework/Versions/C/Foundation
0x0000000026776000 	/usr/lib/libobjc.A.dylib
0x0000000026776000 	/System/Library/Frameworks/AppKit.framework/Versions/C/AppKit
0x0000000026776000 	/System/Library/Frameworks/CoreData.framework/Versions/A/CoreData
0x0000000026776000 	/System/Library/PrivateFrameworks/RemoteViewServices.framework/Versions/A/RemoteViewServices
0x0000000026776000 	/System/Library/PrivateFrameworks/UIFoundation.framework/Versions/A/UIFoundation
0x0000000026776000 	/System/Library/PrivateFrameworks/DFRFoundation.framework/Versions/A/DFRFoundation
0x0000000026776000 	/System/Library/Frameworks/Metal.framework/Versions/A/Metal
0x0000000026776000 	/System/Library/PrivateFrameworks/DesktopServicesPriv.framework/Versions/A/DesktopServicesPriv
0x0000000026776000 	/usr/lib/libenergytrace.dylib
0x0000000026776000 	/System/Library/PrivateFrameworks/SkyLight.framework/Versions/A/SkyLight
0x0000000026776000 	/System/Library/Frameworks/CoreGraphics.framework/Versions/A/CoreGraphics
0x0000000026776000 	/usr/lib/libScreenReader.dylib
0x0000000026776000 	/System/Library/Frameworks/Accelerate.framework/Versions/A/Accelerate
0x0000000026776000 	/System/Library/Frameworks/IOSurface.framework/Versions/A/IOSurface
0x0000000026776000 	/System/Library/Frameworks/AudioToolbox.framework/Versions/A/AudioToolbox
0x0000000026776000 	/System/Library/Frameworks/AudioUnit.framework/Versions/A/AudioUnit
0x0000000026776000 	/System/Library/PrivateFrameworks/DataDetectorsCore.framework/Versions/A/DataDetectorsCore
0x0000000026776000 	/System/Library/Frameworks/Carbon.framework/Versions/A/Frameworks/HIToolbox.framework/Versions/A/HIToolbox
0x0000000026776000 	/usr/lib/libicucore.A.dylib
0x0000000026776000 	/System/Library/Frameworks/QuartzCore.framework/Versions/A/QuartzCore
0x0000000026776000 	/System/Library/Frameworks/Carbon.framework/Versions/A/Frameworks/SpeechRecognition.framework/Versions/A/SpeechRecognition
0x0000000026776000 	/usr/lib/libauto.dylib
0x0000000026776000 	/usr/lib/libxml2.2.dylib
0x0000000026776000 	/System/Library/PrivateFrameworks/CoreUI.framework/Versions/A/CoreUI
0x0000000026776000 	/System/Library/Frameworks/CoreAudio.framework/Versions/A/CoreAudio
0x0000000026776000 	/System/Library/Frameworks/DiskArbitration.framework/Versions/A/DiskArbitration
0x0000000026776000 	/usr/lib/liblangid.dylib
0x0000000026776000 	/System/Library/PrivateFrameworks/MultitouchSupport.framework/Versions/A/MultitouchSupport
0x0000000026776000 	/System/Library/Frameworks/IOKit.framework/Versions/A/IOKit
0x0000000026776000 	/usr/lib/libDiagnosticMessagesClient.dylib
0x0000000026776000 	/System/Library/Frameworks/CoreServices.framework/Versions/A/CoreServices
0x0000000026776000 	/System/Library/PrivateFrameworks/PerformanceAnalysis.framework/Versions/A/PerformanceAnalysis
0x0000000026776000 	/System/Library/Frameworks/OpenGL.framework/Versions/A/OpenGL
0x0000000026776000 	/System/Library/Frameworks/ColorSync.framework/Versions/A/ColorSync
0x0000000026776000 	/System/Library/Frameworks/CoreImage.framework/Versions/A/CoreImage
0x0000000026776000 	/System/Library/Frameworks/CoreText.framework/Versions/A/CoreText
0x0000000026776000 	/System/Library/Frameworks/ImageIO.framework/Versions/A/ImageIO
0x0000000026776000 	/System/Library/PrivateFrameworks/Backup.framework/Versions/A/Backup
0x0000000026776000 	/usr/lib/libarchive.2.dylib
0x0000000026776000 	/System/Library/Frameworks/CFNetwork.framework/Versions/A/CFNetwork
0x0000000026776000 	/System/Library/Frameworks/SystemConfiguration.framework/Versions/A/SystemConfiguration
0x0000000026776000 	/usr/lib/libCRFSuite.dylib
0x0000000026776000 	/usr/lib/libc++.1.dylib
0x0000000026776000 	/usr/lib/libc++abi.dylib
0x0000000026776000 	/usr/lib/system/libcache.dylib
0x0000000026776000 	/usr/lib/system/libcommonCrypto.dylib
0x0000000026776000 	/usr/lib/system/libcompiler_rt.dylib
0x0000000026776000 	/usr/lib/system/libcopyfile.dylib
0x0000000026776000 	/usr/lib/system/libcorecrypto.dylib
0x0000000026776000 	/usr/lib/system/libdispatch.dylib
0x0000000026776000 	/usr/lib/system/libdyld.dylib
0x0000000026776000 	/usr/lib/system/libkeymgr.dylib
0x0000000026776000 	/usr/lib/system/liblaunch.dylib
0x0000000026776000 	/usr/lib/system/libmacho.dylib
0x0000000026776000 	/usr/lib/system/libquarantine.dylib
0x0000000026776000 	/usr/lib/system/libremovefile.dylib
0x0000000026776000 	/usr/lib/system/libsystem_asl.dylib
0x0000000026776000 	/usr/lib/system/libsystem_blocks.dylib
0x0000000026776000 	/usr/lib/system/libsystem_c.dylib
0x0000000026776000 	/usr/lib/system/libsystem_configuration.dylib
0x0000000026776000 	/usr/lib/system/libsystem_coreservices.dylib
0x0000000026776000 	/usr/lib/system/libsystem_darwin.dylib
0x0000000026776000 	/usr/lib/system/libsystem_dnssd.dylib
0x0000000026776000 	/usr/lib/system/libsystem_info.dylib
0x0000000026776000 	/usr/lib/system/libsystem_m.dylib
0x0000000026776000 	/usr/lib/system/libsystem_malloc.dylib
0x0000000026776000 	/usr/lib/system/libsystem_network.dylib
0x0000000026776000 	/usr/lib/system/libsystem_networkextension.dylib
0x0000000026776000 	/usr/lib/system/libsystem_notify.dylib
0x0000000026776000 	/usr/lib/system/libsystem_sandbox.dylib
0x0000000026776000 	/usr/lib/system/libsystem_secinit.dylib
0x0000000026776000 	/usr/lib/system/libsystem_kernel.dylib
0x0000000026776000 	/usr/lib/system/libsystem_platform.dylib
0x0000000026776000 	/usr/lib/system/libsystem_pthread.dylib
0x0000000026776000 	/usr/lib/system/libsystem_symptoms.dylib
0x0000000026776000 	/usr/lib/system/libsystem_trace.dylib
0x0000000026776000 	/usr/lib/system/libunwind.dylib
0x0000000026776000 	/usr/lib/system/libxpc.dylib
0x0000000026776000 	/usr/lib/closure/libclosured.dylib
0x0000000026776000 	/usr/lib/libbsm.0.dylib
0x0000000026776000 	/usr/lib/system/libkxld.dylib
0x0000000026776000 	/usr/lib/libOpenScriptingUtil.dylib
0x0000000026776000 	/usr/lib/libcoretls.dylib
0x0000000026776000 	/usr/lib/libcoretls_cfhelpers.dylib
0x0000000026776000 	/usr/lib/libpam.2.dylib
0x0000000026776000 	/usr/lib/libsqlite3.dylib
0x0000000026776000 	/usr/lib/libxar.1.dylib
0x0000000026776000 	/usr/lib/libbz2.1.0.dylib
0x0000000026776000 	/usr/lib/liblzma.5.dylib
0x0000000026776000 	/usr/lib/libnetwork.dylib
0x0000000026776000 	/usr/lib/libapple_nghttp2.dylib
0x0000000026776000 	/usr/lib/libpcap.A.dylib
0x0000000026776000 	/usr/lib/libboringssl.dylib
0x0000000026776000 	/usr/lib/libusrtcp.dylib
0x0000000026776000 	/usr/lib/libapple_crypto.dylib
0x0000000026776000 	/System/Library/Frameworks/CoreServices.framework/Versions/A/Frameworks/FSEvents.framework/Versions/A/FSEvents
0x0000000026776000 	/System/Library/Frameworks/CoreServices.framework/Versions/A/Frameworks/CarbonCore.framework/Versions/A/CarbonCore
0x0000000026776000 	/System/Library/Frameworks/CoreServices.framework/Versions/A/Frameworks/Metadata.framework/Versions/A/Metadata
0x0000000026776000 	/System/Library/Frameworks/CoreServices.framework/Versions/A/Frameworks/OSServices.framework/Versions/A/OSServices
0x0000000026776000 	/System/Library/Frameworks/CoreServices.framework/Versions/A/Frameworks/SearchKit.framework/Versions/A/SearchKit
0x0000000026776000 	/System/Library/Frameworks/CoreServices.framework/Versions/A/Frameworks/AE.framework/Versions/A/AE
0x0000000026776000 	/System/Library/Frameworks/CoreServices.framework/Versions/A/Frameworks/LaunchServices.framework/Versions/A/LaunchServices
0x0000000026776000 	/System/Library/Frameworks/CoreServices.framework/Versions/A/Frameworks/DictionaryServices.framework/Versions/A/DictionaryServices
0x0000000026776000 	/System/Library/Frameworks/CoreServices.framework/Versions/A/Frameworks/SharedFileList.framework/Versions/A/SharedFileList
0x0000000026776000 	/System/Library/Frameworks/NetFS.framework/Versions/A/NetFS
0x0000000026776000 	/System/Library/PrivateFrameworks/NetAuth.framework/Versions/A/NetAuth
0x0000000026776000 	/System/Library/PrivateFrameworks/login.framework/Versions/A/Frameworks/loginsupport.framework/Versions/A/loginsupport
0x0000000026776000 	/System/Library/PrivateFrameworks/TCC.framework/Versions/A/TCC
0x0000000026776000 	/usr/lib/libmecabra.dylib
0x0000000026776000 	/System/Library/Frameworks/ApplicationServices.framework/Versions/A/Frameworks/ATS.framework/Versions/A/ATS
0x0000000026776000 	/System/Library/Frameworks/ApplicationServices.framework/Versions/A/Frameworks/ColorSyncLegacy.framework/Versions/A/ColorSyncLegacy
0x0000000026776000 	/System/Library/Frameworks/ApplicationServices.framework/Versions/A/Frameworks/HIServices.framework/Versions/A/HIServices
0x0000000026776000 	/System/Library/Frameworks/ApplicationServices.framework/Versions/A/Frameworks/LangAnalysis.framework/Versions/A/LangAnalysis
0x0000000026776000 	/System/Library/Frameworks/ApplicationServices.framework/Versions/A/Frameworks/PrintCore.framework/Versions/A/PrintCore
0x0000000026776000 	/System/Library/Frameworks/ApplicationServices.framework/Versions/A/Frameworks/QD.framework/Versions/A/QD
0x0000000026776000 	/System/Library/Frameworks/ApplicationServices.framework/Versions/A/Frameworks/SpeechSynthesis.framework/Versions/A/SpeechSynthesis
0x0000000026776000 	/System/Library/Frameworks/CoreDisplay.framework/Versions/A/CoreDisplay
0x0000000026776000 	/System/Library/Frameworks/Accelerate.framework/Versions/A/Frameworks/vImage.framework/Versions/A/vImage
0x0000000026776000 	/System/Library/Frameworks/Accelerate.framework/Versions/A/Frameworks/vecLib.framework/Versions/A/vecLib
0x0000000026776000 	/System/Library/Frameworks/Accelerate.framework/Versions/A/Frameworks/vecLib.framework/Versions/A/libvDSP.dylib
0x0000000026776000 	/System/Library/Frameworks/Accelerate.framework/Versions/A/Frameworks/vecLib.framework/Versions/A/libBNNS.dylib
0x0000000026776000 	/System/Library/Frameworks/Accelerate.framework/Versions/A/Frameworks/vecLib.framework/Versions/A/libQuadrature.dylib
0x0000000026776000 	/System/Library/Frameworks/Accelerate.framework/Versions/A/Frameworks/vecLib.framework/Versions/A/libvMisc.dylib
0x0000000026776000 	/System/Library/Frameworks/Accelerate.framework/Versions/A/Frameworks/vecLib.framework/Versions/A/libLAPACK.dylib
0x0000000026776000 	/System/Library/Frameworks/Accelerate.framework/Versions/A/Frameworks/vecLib.framework/Versions/A/libBLAS.dylib
0x0000000026776000 	/System/Library/Frameworks/Accelerate.framework/Versions/A/Frameworks/vecLib.framework/Versions/A/libLinearAlgebra.dylib
0x0000000026776000 	/System/Library/Frameworks/Accelerate.framework/Versions/A/Frameworks/vecLib.framework/Versions/A/libSparse.dylib
0x0000000026776000 	/System/Library/Frameworks/Accelerate.framework/Versions/A/Frameworks/vecLib.framework/Versions/A/libSparseBLAS.dylib
0x0000000026776000 	/System/Library/PrivateFrameworks/IOAccelerator.framework/Versions/A/IOAccelerator
0x0000000026776000 	/System/Library/PrivateFrameworks/IOPresentment.framework/Versions/A/IOPresentment
0x0000000026776000 	/System/Library/PrivateFrameworks/DSExternalDisplay.framework/Versions/A/DSExternalDisplay
0x0000000026776000 	/System/Library/Frameworks/OpenGL.framework/Versions/A/Libraries/libCoreFSCache.dylib
0x0000000026776000 	/System/Library/Frameworks/CoreVideo.framework/Versions/A/CoreVideo
0x0000000026776000 	/System/Library/PrivateFrameworks/GraphVisualizer.framework/Versions/A/GraphVisualizer
0x0000000026776000 	/System/Library/Frameworks/MetalPerformanceShaders.framework/Versions/A/MetalPerformanceShaders
0x0000000026776000 	/usr/lib/libFosl_dynamic.dylib
0x0000000026776000 	/System/Library/PrivateFrameworks/FaceCore.framework/Versions/A/FaceCore
0x0000000026776000 	/System/Library/Frameworks/OpenCL.framework/Versions/A/OpenCL
0x0000000026776000 	/usr/lib/libcompression.dylib
0x0000000026776000 	/System/Library/Frameworks/ApplicationServices.framework/Versions/A/Frameworks/ATS.framework/Versions/A/Resources/libFontParser.dylib
0x0000000026776000 	/System/Library/Frameworks/ApplicationServices.framework/Versions/A/Frameworks/ATS.framework/Versions/A/Resources/libFontRegistry.dylib
0x0000000026776000 	/System/Library/Frameworks/ImageIO.framework/Versions/A/Resources/libJPEG.dylib
0x0000000026776000 	/System/Library/Frameworks/ImageIO.framework/Versions/A/Resources/libTIFF.dylib
0x0000000026776000 	/System/Library/Frameworks/ImageIO.framework/Versions/A/Resources/libPng.dylib
0x0000000026776000 	/System/Library/Frameworks/ImageIO.framework/Versions/A/Resources/libGIF.dylib
0x0000000026776000 	/System/Library/Frameworks/ImageIO.framework/Versions/A/Resources/libJP2.dylib
0x0000000026776000 	/System/Library/Frameworks/ImageIO.framework/Versions/A/Resources/libRadiance.dylib
0x0000000026776000 	/System/Library/PrivateFrameworks/AppleJPEG.framework/Versions/A/AppleJPEG
0x0000000026776000 	/System/Library/PrivateFrameworks/MetalTools.framework/Versions/A/MetalTools
0x0000000026776000 	/System/Library/Frameworks/MetalPerformanceShaders.framework/Frameworks/MPSCore.framework/Versions/A/MPSCore
0x0000000026776000 	/System/Library/Frameworks/MetalPerformanceShaders.framework/Frameworks/MPSImage.framework/Versions/A/MPSImage
0x0000000026776000 	/System/Library/Frameworks/MetalPerformanceShaders.framework/Frameworks/MPSMatrix.framework/Versions/A/MPSMatrix
0x0000000026776000 	/System/Library/Frameworks/MetalPerformanceShaders.framework/Frameworks/MPSNeuralNetwork.framework/Versions/A/MPSNeuralNetwork
0x0000000026776000 	/System/Library/Frameworks/OpenGL.framework/Versions/A/Libraries/libGLU.dylib
0x0000000026776000 	/System/Library/Frameworks/OpenGL.framework/Versions/A/Libraries/libGFXShared.dylib
0x0000000026776000 	/System/Library/Frameworks/OpenGL.framework/Versions/A/Libraries/libGL.dylib
0x0000000026776000 	/System/Library/Frameworks/OpenGL.framework/Versions/A/Libraries/libGLImage.dylib
0x0000000026776000 	/System/Library/Frameworks/OpenGL.framework/Versions/A/Libraries/libCVMSPluginSupport.dylib
0x0000000026776000 	/System/Library/Frameworks/OpenGL.framework/Versions/A/Libraries/libCoreVMClient.dylib
0x0000000026776000 	/usr/lib/libcups.2.dylib
0x0000000026776000 	/System/Library/Frameworks/Kerberos.framework/Versions/A/Kerberos
0x0000000026776000 	/System/Library/Frameworks/GSS.framework/Versions/A/GSS
0x0000000026776000 	/usr/lib/libresolv.9.dylib
0x0000000026776000 	/usr/lib/libiconv.2.dylib
0x0000000026776000 	/System/Library/PrivateFrameworks/Heimdal.framework/Versions/A/Heimdal
0x0000000026776000 	/usr/lib/libheimdal-asn1.dylib
0x00000001051e9000 	/System/Library/Frameworks/OpenDirectory.framework/Versions/A/OpenDirectory
0x0000000026776000 	/System/Library/PrivateFrameworks/CommonAuth.framework/Versions/A/CommonAuth
0x000000010520f000 	/System/Library/Frameworks/OpenDirectory.framework/Versions/A/Frameworks/CFOpenDirectory.framework/Versions/A/CFOpenDirectory
0x0000000026776000 	/System/Library/Frameworks/SecurityFoundation.framework/Versions/A/SecurityFoundation
0x0000000026776000 	/System/Library/PrivateFrameworks/APFS.framework/Versions/A/APFS
0x0000000026776000 	/usr/lib/libutil.dylib
0x0000000026776000 	/System/Library/PrivateFrameworks/AppleSauce.framework/Versions/A/AppleSauce
0x0000000026776000 	/System/Library/PrivateFrameworks/LinguisticData.framework/Versions/A/LinguisticData
0x0000000026776000 	/usr/lib/libmarisa.dylib
0x0000000026776000 	/System/Library/PrivateFrameworks/Lexicon.framework/Versions/A/Lexicon
0x0000000026776000 	/usr/lib/libChineseTokenizer.dylib
0x0000000026776000 	/usr/lib/libcmph.dylib
0x0000000026776000 	/System/Library/PrivateFrameworks/LanguageModeling.framework/Versions/A/LanguageModeling
0x0000000026776000 	/System/Library/PrivateFrameworks/CoreEmoji.framework/Versions/A/CoreEmoji
0x0000000026776000 	/System/Library/Frameworks/ServiceManagement.framework/Versions/A/ServiceManagement
0x0000000026776000 	/System/Library/PrivateFrameworks/BackgroundTaskManagement.framework/Versions/A/BackgroundTaskManagement
0x0000000026776000 	/usr/lib/libxslt.1.dylib
0x0000000026776000 	/System/Library/Frameworks/Carbon.framework/Versions/A/Frameworks/Ink.framework/Versions/A/Ink
0x0000000026776000 	/System/Library/PrivateFrameworks/TextureIO.framework/Versions/A/TextureIO
0x0000000026776000 	/usr/lib/libate.dylib
0x0000000026776000 	/System/Library/PrivateFrameworks/CrashReporterSupport.framework/Versions/A/CrashReporterSupport
0x0000000026776000 	/System/Library/PrivateFrameworks/Sharing.framework/Versions/A/Sharing
0x0000000026776000 	/System/Library/PrivateFrameworks/IconServices.framework/Versions/A/IconServices
0x0000000026776000 	/System/Library/PrivateFrameworks/ProtocolBuffer.framework/Versions/A/ProtocolBuffer
0x0000000026776000 	/System/Library/PrivateFrameworks/Apple80211.framework/Versions/A/Apple80211
0x0000000026776000 	/System/Library/Frameworks/CoreWLAN.framework/Versions/A/CoreWLAN
0x0000000026776000 	/System/Library/PrivateFrameworks/CoreUtils.framework/Versions/A/CoreUtils
0x0000000026776000 	/System/Library/Frameworks/IOBluetooth.framework/Versions/A/IOBluetooth
0x0000000026776000 	/System/Library/PrivateFrameworks/CoreWiFi.framework/Versions/A/CoreWiFi
0x0000000026776000 	/System/Library/Frameworks/CoreBluetooth.framework/Versions/A/CoreBluetooth
0x0000000026776000 	/System/Library/PrivateFrameworks/SignpostNotification.framework/Versions/A/SignpostNotification
0x0000000026776000 	/System/Library/PrivateFrameworks/DebugSymbols.framework/Versions/A/DebugSymbols
0x0000000026776000 	/System/Library/PrivateFrameworks/CoreSymbolication.framework/Versions/A/CoreSymbolication
0x0000000026776000 	/System/Library/PrivateFrameworks/Symbolication.framework/Versions/A/Symbolication
0x0000000026776000 	/System/Library/PrivateFrameworks/AppleFSCompression.framework/Versions/A/AppleFSCompression
0x0000000026776000 	/System/Library/PrivateFrameworks/SpeechRecognitionCore.framework/Versions/A/SpeechRecognitionCore
0x0000000026776000 	/System/Library/CoreServices/Encodings/libSimplifiedChineseConverter.dylib
0x0000000106400000 	/Applications/Android Studio.app/Contents/jre/jdk/Contents/Home/jre/lib/server/libjvm.dylib
0x0000000026776000 	/usr/lib/libstdc++.6.0.9.dylib
0x000000010526d000 	/Applications/Android Studio.app/Contents/jre/jdk/Contents/Home/jre/lib/libverify.dylib
0x0000000105279000 	/Applications/Android Studio.app/Contents/jre/jdk/Contents/Home/jre/lib/libjava.dylib
0x00000001052f5000 	/Applications/Android Studio.app/Contents/jre/jdk/Contents/Home/jre/lib/libzip.dylib
0x000000010ecef000 	/Applications/Android Studio.app/Contents/jre/jdk/Contents/Home/jre/lib/libmanagement.dylib
0x000000010ecf9000 	/Applications/Android Studio.app/Contents/jre/jdk/Contents/Home/jre/lib/libnio.dylib
0x000000010ed09000 	/Applications/Android Studio.app/Contents/jre/jdk/Contents/Home/jre/lib/./libnet.dylib

VM Arguments:
jvm_args: -Djava.awt.headless=true -Djava.rmi.server.hostname=localhost -Xmx1536m -Dkotlin.environment.keepalive 
java_command: org.jetbrains.kotlin.daemon.KotlinCompileDaemon --daemon-runFilesPath /Users/zenochan/Library/Application Support/kotlin/daemon --daemon-autoshutdownIdleSeconds=7200 --daemon-compilerClasspath /Users/zenochan/.gradle/caches/modules-2/files-2.1/org.jetbrains.kotlin/kotlin-compiler-embeddable/1.2.0/17eefd45a8efe1fd7d537d3f8e981f6d76c5ae0e/kotlin-compiler-embeddable-1.2.0.jar:/Users/zenochan/.gradle/caches/modules-2/files-2.1/org.jetbrains.kotlin/kotlin-stdlib/1.2.0/25eb440d6eeb9fc60299121020fe726eb2100d03/kotlin-stdlib-1.2.0.jar:/Users/zenochan/.gradle/caches/modules-2/files-2.1/org.jetbrains.kotlin/kotlin-script-runtime/1.2.0/269ab8b6a2d55c23dbf2e317a1af2b4c7e8d54b6/kotlin-script-runtime-1.2.0.jar:/Users/zenochan/.gradle/caches/modules-2/files-2.1/org.jetbrains.kotlin/kotlin-reflect/1.2.0/4bbda3b5425aa38a9f6960468a29c5ef3e8a28c9/kotlin-reflect-1.2.0.jar:/Applications/Android Studio.app/Contents/jre/jdk/Contents/Home/lib/tools.jar
java_class_path (initial): /Users/zenochan/.gradle/caches/modules-2/files-2.1/org.jetbrains.kotlin/kotlin-compiler-embeddable/1.2.0/17eefd45a8efe1fd7d537d3f8e981f6d76c5ae0e/kotlin-compiler-embeddable-1.2.0.jar:/Users/zenochan/.gradle/caches/modules-2/files-2.1/org.jetbrains.kotlin/kotlin-stdlib/1.2.0/25eb440d6eeb9fc60299121020fe726eb2100d03/kotlin-stdlib-1.2.0.jar:/Users/zenochan/.gradle/caches/modules-2/files-2.1/org.jetbrains.kotlin/kotlin-script-runtime/1.2.0/269ab8b6a2d55c23dbf2e317a1af2b4c7e8d54b6/kotlin-script-runtime-1.2.0.jar:/Users/zenochan/.gradle/caches/modules-2/files-2.1/org.jetbrains.kotlin/kotlin-reflect/1.2.0/4bbda3b5425aa38a9f6960468a29c5ef3e8a28c9/kotlin-reflect-1.2.0.jar:/Applications/Android Studio.app/Contents/jre/jdk/Contents/Home/lib/tools.jar
Launcher Type: SUN_STANDARD

Environment Variables:
PATH=/usr/bin:/bin:/usr/sbin:/sbin
SHELL=/bin/bash
DISPLAY=/private/tmp/com.apple.launchd.xor9cR1wPf/org.macosforge.xquartz:0

Signal Handlers:
SIGSEGV: [libjvm.dylib+0x53e133], sa_mask[0]=11111111011111110111111111111111, sa_flags=SA_ONSTACK|SA_RESTART|SA_SIGINFO
SIGBUS: [libjvm.dylib+0x53e133], sa_mask[0]=11111111011111110111111111111111, sa_flags=SA_RESTART|SA_SIGINFO
SIGFPE: [libjvm.dylib+0x4369af], sa_mask[0]=11111111011111110111111111111111, sa_flags=SA_RESTART|SA_SIGINFO
SIGPIPE: [libjvm.dylib+0x4369af], sa_mask[0]=11111111011111110111111111111111, sa_flags=SA_RESTART|SA_SIGINFO
SIGXFSZ: [libjvm.dylib+0x4369af], sa_mask[0]=11111111011111110111111111111111, sa_flags=SA_RESTART|SA_SIGINFO
SIGILL: [libjvm.dylib+0x4369af], sa_mask[0]=11111111011111110111111111111111, sa_flags=SA_RESTART|SA_SIGINFO
SIGUSR1: SIG_DFL, sa_mask[0]=00000000000000000000000000000000, sa_flags=none
SIGUSR2: [libjvm.dylib+0x4372d4], sa_mask[0]=00100000000000000000000000000000, sa_flags=SA_RESTART|SA_SIGINFO
SIGHUP: [libjvm.dylib+0x4354c9], sa_mask[0]=11111111011111110111111111111111, sa_flags=SA_RESTART|SA_SIGINFO
SIGINT: [libjvm.dylib+0x4354c9], sa_mask[0]=11111111011111110111111111111111, sa_flags=SA_RESTART|SA_SIGINFO
SIGTERM: [libjvm.dylib+0x4354c9], sa_mask[0]=11111111011111110111111111111111, sa_flags=SA_RESTART|SA_SIGINFO
SIGQUIT: [libjvm.dylib+0x4354c9], sa_mask[0]=11111111011111110111111111111111, sa_flags=SA_RESTART|SA_SIGINFO


---------------  S Y S T E M  ---------------

OS:Bsduname:Darwin 17.2.0 Darwin Kernel Version 17.2.0: Fri Sep 29 18:27:05 PDT 2017; root:xnu-4570.20.62~3/RELEASE_X86_64 x86_64
rlimit: STACK 8192k, CORE 0k, NPROC 1418, NOFILE 10240, AS infinity
load average:2.75 2.69 2.90

CPU:total 8 (initial active 8) (4 cores per cpu, 2 threads per core) family 6 model 70 stepping 1, cmov, cx8, fxsr, mmx, sse, sse2, sse3, ssse3, sse4.1, sse4.2, popcnt, avx, avx2, aes, clmul, erms, lzcnt, ht, tsc, tscinvbit, bmi1, bmi2

Memory: 4k page, physical 16777216k(1054300k free)

/proc/meminfo:


vm_info: OpenJDK 64-Bit Server VM (25.152-b08) for bsd-amd64 JRE (1.8.0_152-release-915-b08), built by "builder" with gcc 4.2.1 Compatible Apple LLVM 8.1.0 (clang-802.0.42)

time: Thu Dec  7 15:32:48 2017
elapsed time: 61 seconds (0d 0h 1m 1s)

