#
# A fatal error has been detected by the Java Runtime Environment:
#
#  SIGSEGV (0xb) at pc=0x00007fff7568005c, pid=33007, tid=0x0000000000007103
#
# JRE version: OpenJDK Runtime Environment (8.0_152-b08) (build 1.8.0_152-release-915-b08)
# Java VM: OpenJDK 64-Bit Server VM (25.152-b08 mixed mode bsd-amd64 compressed oops)
# Problematic frame:
# C  [libsystem_platform.dylib+0x505c]  _platform_memmove$VARIANT$Haswell+0x13c
#
# Failed to write core dump. Core dumps have been disabled. To enable core dumping, try "ulimit -c unlimited" before starting Java again
#
# If you would like to submit a bug report, please visit:
#   http://bugreport.java.com/bugreport/crash.jsp
# The crash happened outside the Java Virtual Machine in native code.
# See problematic frame for where to report the bug.
#

---------------  T H R E A D  ---------------

Current thread (0x00007fcd46e84800):  JavaThread "RMI TCP Connection(17)-127.0.0.1" daemon [_thread_in_native, id=28931, stack(0x000070000694e000,0x0000700006a4e000)]

siginfo: si_signo: 11 (SIGSEGV), si_code: 1 (SEGV_MAPERR), si_addr: 0x000000010f7d0000

Registers:
RAX=0x00007fcd4630b800, RBX=0x0000000000000808, RCX=0x0000000000000020, RDX=0x0000000000000228
RSP=0x0000700006a498b0, RBP=0x0000700006a498b0, RSI=0x000000010f7cffe5, RDI=0x00007fcd4630bda0
R8 =0x0000000000000000, R9 =0x000000000000800d, R10=0x0000000000000000, R11=0x00007fcc36b3bdbb
R12=0x0000000000006c00, R13=0x00007fcd44274250, R14=0x000000010f7cfa17, R15=0x00007fcd4630b800
RIP=0x00007fff7568005c, EFLAGS=0x0000000000010206, ERR=0x0000000000000004
  TRAPNO=0x000000000000000e

Top of Stack: (sp=0x0000700006a498b0)
0x0000700006a498b0:   0000700006a49960 00000001075fafa4
0x0000700006a498c0:   0000700006a4a0a0 000000001402014b
0x0000700006a498d0:   0000000000000a03 00007fcd00000000
0x0000700006a498e0:   000000010f7cfa45 0000700006a4a0a0
0x0000700006a498f0:   0000000000000000 0000000108a91c7c
0x0000700006a49900:   000000010cd893f8 0000000046e84800
0x0000700006a49910:   0000000000000087 0000006c00000000
0x0000700006a49920:   0000000108e18bf8 00007fcd48069bb0
0x0000700006a49930:   0000007c06a499e0 0000000000000008
0x0000700006a49940:   00007fcd48069cf0 00007fcd480909f0
0x0000700006a49950:   0000000000000080 00000000497fa543
0x0000700006a49960:   0000700006a499c0 00000001075fac15
0x0000700006a49970:   0000700006a499e0 0000000000000037
0x0000700006a49980:   0000700006a499e0 0000000106a49e38
0x0000700006a49990:   00007fcd48069bb0 0000000000000037
0x0000700006a499a0:   0000700006a49e38 00007fcd46e849e0
0x0000700006a499b0:   0000700006a499e0 00007fcd48069bb0
0x0000700006a499c0:   0000700006a49e20 00000001075f948a
0x0000700006a499d0:   00007fcd46e84800 0000000100000004
0x0000700006a499e0:   464e492d4154454d 656369767265732f
0x0000700006a499f0:   2e786176616a2f73 697461746f6e6e61
0x0000700006a49a00:   65636f72702e6e6f 72502e676e697373
0x0000700006a49a10:   00726f737365636f 000000010cf31b13
0x0000700006a49a20:   00007fcd46e84800 0000000000000004
0x0000700006a49a30:   0000700006a49a60 00000001088b7649
0x0000700006a49a40:   00007fcd46e84800 00007fcd46e84800
0x0000700006a49a50:   00000000000000bd 0000700006a49ad8
0x0000700006a49a60:   0000700006a49ab8 000000011068d926
0x0000700006a49a70:   00000007a3f45140 0000700006a49a78
0x0000700006a49a80:   000000010cf31b13 0000700006a49ad8
0x0000700006a49a90:   000000010cf32570 0000000000000000
0x0000700006a49aa0:   000000010cf31b60 0000000000000000 

Instructions: (pc=0x00007fff7568005c)
0x00007fff7568003c:   40 48 81 ea 80 00 00 00 76 5a 48 f7 c6 1f 00 00
0x00007fff7568004c:   00 74 31 c5 fc 29 0f c5 fc 29 57 20 48 83 c7 40
0x00007fff7568005c:   c5 fc 10 0e c5 fc 10 56 20 48 83 c6 40 48 83 ea
0x00007fff7568006c:   40 77 e0 eb 2f 66 66 66 66 66 66 2e 0f 1f 84 00 

Register to memory mapping:

RAX=0x00007fcd4630b800 is an unknown value
RBX=0x0000000000000808 is an unknown value
RCX=0x0000000000000020 is an unknown value
RDX=0x0000000000000228 is an unknown value
RSP=0x0000700006a498b0 is pointing into the stack for thread: 0x00007fcd46e84800
RBP=0x0000700006a498b0 is pointing into the stack for thread: 0x00007fcd46e84800
RSI=0x000000010f7cffe5 is an unknown value
RDI=0x00007fcd4630bda0 is an unknown value
R8 =0x0000000000000000 is an unknown value
R9 =0x000000000000800d is an unknown value
R10=0x0000000000000000 is an unknown value
R11=0x00007fcc36b3bdbb is an unknown value
R12=0x0000000000006c00 is an unknown value
R13=0x00007fcd44274250 is an unknown value
R14=0x000000010f7cfa17 is an unknown value
R15=0x00007fcd4630b800 is an unknown value


Stack: [0x000070000694e000,0x0000700006a4e000],  sp=0x0000700006a498b0,  free space=1006k
Native frames: (J=compiled Java code, j=interpreted, Vv=VM code, C=native code)
C  [libsystem_platform.dylib+0x505c]  _platform_memmove$VARIANT$Haswell+0x13c
C  [libzip.dylib+0x3fa4]  newEntry+0x2ae
C  [libzip.dylib+0x3c15]  ZIP_GetEntry2+0x116
C  [libzip.dylib+0x248a]  Java_java_util_zip_ZipFile_getEntry+0x98
J 108  java.util.zip.ZipFile.getEntry(J[BZ)J (0 bytes) @ 0x00000001107a108e [0x00000001107a0fc0+0xce]
J 147 C1 java.util.zip.ZipFile.getEntry(Ljava/lang/String;)Ljava/util/zip/ZipEntry; (86 bytes) @ 0x00000001107c5d4c [0x00000001107c5ae0+0x26c]
J 206 C1 java.util.jar.JarFile.getEntry(Ljava/lang/String;)Ljava/util/zip/ZipEntry; (22 bytes) @ 0x00000001107e7624 [0x00000001107e75a0+0x84]
j  sun.net.www.protocol.jar.URLJarFile.getEntry(Ljava/lang/String;)Ljava/util/zip/ZipEntry;+2
j  sun.net.www.protocol.jar.JarURLConnection.connect()V+78
j  sun.net.www.protocol.jar.JarURLConnection.getInputStream()Ljava/io/InputStream;+1
j  java.net.URL.openStream()Ljava/io/InputStream;+4
j  java.util.ServiceLoader.parse(Ljava/lang/Class;Ljava/net/URL;)Ljava/util/Iterator;+15
j  java.util.ServiceLoader.access$200(Ljava/util/ServiceLoader;Ljava/lang/Class;Ljava/net/URL;)Ljava/util/Iterator;+3
j  java.util.ServiceLoader$LazyIterator.hasNextService()Z+140
j  java.util.ServiceLoader$LazyIterator.hasNext()Z+11
j  java.util.ServiceLoader$1.hasNext()Z+21
J 8895 C1 kotlin.collections.CollectionsKt___CollectionsKt.toCollection(Ljava/lang/Iterable;Ljava/util/Collection;)Ljava/util/Collection; (49 bytes) @ 0x000000011105b19c [0x000000011105ad00+0x49c]
j  kotlin.collections.CollectionsKt___CollectionsKt.toMutableList(Ljava/lang/Iterable;)Ljava/util/List;+32
J 4400 C2 kotlin.collections.CollectionsKt___CollectionsKt.toList(Ljava/lang/Iterable;)Ljava/util/List; (107 bytes) @ 0x000000011147772c [0x0000000111477500+0x22c]
j  org.jetbrains.kotlin.kapt3.ClasspathBasedKapt3Extension.loadProcessors()Ljava/util/List;+192
j  org.jetbrains.kotlin.kapt3.AbstractKapt3Extension.analysisCompleted(Lorg/jetbrains/kotlin/com/intellij/openapi/project/Project;Lorg/jetbrains/kotlin/descriptors/ModuleDescriptor;Lorg/jetbrains/kotlin/resolve/BindingTrace;Ljava/util/Collection;)Lorg/jetbrains/kotlin/analyzer/AnalysisResult;+104
j  org.jetbrains.kotlin.kapt3.ClasspathBasedKapt3Extension.analysisCompleted(Lorg/jetbrains/kotlin/com/intellij/openapi/project/Project;Lorg/jetbrains/kotlin/descriptors/ModuleDescriptor;Lorg/jetbrains/kotlin/resolve/BindingTrace;Ljava/util/Collection;)Lorg/jetbrains/kotlin/analyzer/AnalysisResult;+32
j  org.jetbrains.kotlin.cli.jvm.compiler.TopDownAnalyzerFacadeForJVM$analyzeFilesWithJavaIntegration$2.invoke()Lorg/jetbrains/kotlin/analyzer/AnalysisResult;+46
j  org.jetbrains.kotlin.cli.jvm.compiler.TopDownAnalyzerFacadeForJVM.analyzeFilesWithJavaIntegration(Lorg/jetbrains/kotlin/com/intellij/openapi/project/Project;Ljava/util/Collection;Lorg/jetbrains/kotlin/resolve/BindingTrace;Lorg/jetbrains/kotlin/config/CompilerConfiguration;Lkotlin/jvm/functions/Function1;Lkotlin/jvm/functions/Function2;Lorg/jetbrains/kotlin/com/intellij/psi/search/GlobalSearchScope;)Lorg/jetbrains/kotlin/analyzer/AnalysisResult;+179
j  org.jetbrains.kotlin.cli.jvm.compiler.TopDownAnalyzerFacadeForJVM.analyzeFilesWithJavaIntegration$default(Lorg/jetbrains/kotlin/com/intellij/openapi/project/Project;Ljava/util/Collection;Lorg/jetbrains/kotlin/resolve/BindingTrace;Lorg/jetbrains/kotlin/config/CompilerConfiguration;Lkotlin/jvm/functions/Function1;Lkotlin/jvm/functions/Function2;Lorg/jetbrains/kotlin/com/intellij/psi/search/GlobalSearchScope;ILjava/lang/Object;)Lorg/jetbrains/kotlin/analyzer/AnalysisResult;+44
j  org.jetbrains.kotlin.cli.jvm.compiler.KotlinToJVMBytecodeCompiler$analyze$1.invoke()Lorg/jetbrains/kotlin/analyzer/AnalysisResult;+254
j  org.jetbrains.kotlin.cli.jvm.compiler.KotlinToJVMBytecodeCompiler$analyze$1.invoke()Ljava/lang/Object;+1
j  org.jetbrains.kotlin.cli.common.messages.AnalyzerWithCompilerReport.analyzeAndReport(Ljava/util/Collection;Lkotlin/jvm/functions/Function0;)V+16
j  org.jetbrains.kotlin.cli.jvm.compiler.KotlinToJVMBytecodeCompiler.analyze(Lorg/jetbrains/kotlin/cli/jvm/compiler/KotlinCoreEnvironment;Ljava/lang/String;)Lorg/jetbrains/kotlin/analyzer/AnalysisResult;+49
j  org.jetbrains.kotlin.cli.jvm.compiler.KotlinToJVMBytecodeCompiler.compileModules(Lorg/jetbrains/kotlin/cli/jvm/compiler/KotlinCoreEnvironment;Ljava/io/File;)Z+215
j  org.jetbrains.kotlin.cli.jvm.K2JVMCompiler.doExecute(Lorg/jetbrains/kotlin/cli/common/arguments/K2JVMCompilerArguments;Lorg/jetbrains/kotlin/config/CompilerConfiguration;Lorg/jetbrains/kotlin/com/intellij/openapi/Disposable;Lorg/jetbrains/kotlin/utils/KotlinPaths;)Lorg/jetbrains/kotlin/cli/common/ExitCode;+724
j  org.jetbrains.kotlin.cli.jvm.K2JVMCompiler.doExecute(Lorg/jetbrains/kotlin/cli/common/arguments/CommonCompilerArguments;Lorg/jetbrains/kotlin/config/CompilerConfiguration;Lorg/jetbrains/kotlin/com/intellij/openapi/Disposable;Lorg/jetbrains/kotlin/utils/KotlinPaths;)Lorg/jetbrains/kotlin/cli/common/ExitCode;+9
j  org.jetbrains.kotlin.cli.common.CLICompiler.execImpl(Lorg/jetbrains/kotlin/cli/common/messages/MessageCollector;Lorg/jetbrains/kotlin/config/Services;Lorg/jetbrains/kotlin/cli/common/arguments/CommonCompilerArguments;)Lorg/jetbrains/kotlin/cli/common/ExitCode;+162
j  org.jetbrains.kotlin.cli.common.CLICompiler.execImpl(Lorg/jetbrains/kotlin/cli/common/messages/MessageCollector;Lorg/jetbrains/kotlin/config/Services;Lorg/jetbrains/kotlin/cli/common/arguments/CommonToolArguments;)Lorg/jetbrains/kotlin/cli/common/ExitCode;+7
j  org.jetbrains.kotlin.cli.common.CLITool.exec(Lorg/jetbrains/kotlin/cli/common/messages/MessageCollector;Lorg/jetbrains/kotlin/config/Services;Lorg/jetbrains/kotlin/cli/common/arguments/CommonToolArguments;)Lorg/jetbrains/kotlin/cli/common/ExitCode;+76
j  org.jetbrains.kotlin.incremental.IncrementalJvmCompilerRunner.runCompiler(Ljava/util/Set;Lorg/jetbrains/kotlin/cli/common/arguments/K2JVMCompilerArguments;Lorg/jetbrains/kotlin/incremental/IncrementalJvmCachesManager;Lorg/jetbrains/kotlin/config/Services;Lorg/jetbrains/kotlin/cli/common/messages/MessageCollector;)Lorg/jetbrains/kotlin/cli/common/ExitCode;+172
j  org.jetbrains.kotlin.incremental.IncrementalJvmCompilerRunner.runCompiler(Ljava/util/Set;Lorg/jetbrains/kotlin/cli/common/arguments/CommonCompilerArguments;Lorg/jetbrains/kotlin/incremental/IncrementalCachesManager;Lorg/jetbrains/kotlin/config/Services;Lorg/jetbrains/kotlin/cli/common/messages/MessageCollector;)Lorg/jetbrains/kotlin/cli/common/ExitCode;+14
j  org.jetbrains.kotlin.incremental.IncrementalCompilerRunner.compileIncrementally(Lorg/jetbrains/kotlin/cli/common/arguments/CommonCompilerArguments;Lorg/jetbrains/kotlin/incremental/IncrementalCachesManager;Ljava/util/List;Lorg/jetbrains/kotlin/incremental/IncrementalCompilerRunner$CompilationMode;Lorg/jetbrains/kotlin/cli/common/messages/MessageCollector;)Lorg/jetbrains/kotlin/cli/common/ExitCode;+422
j  org.jetbrains.kotlin.incremental.IncrementalCompilerRunner.access$compileIncrementally(Lorg/jetbrains/kotlin/incremental/IncrementalCompilerRunner;Lorg/jetbrains/kotlin/cli/common/arguments/CommonCompilerArguments;Lorg/jetbrains/kotlin/incremental/IncrementalCachesManager;Ljava/util/List;Lorg/jetbrains/kotlin/incremental/IncrementalCompilerRunner$CompilationMode;Lorg/jetbrains/kotlin/cli/common/messages/MessageCollector;)Lorg/jetbrains/kotlin/cli/common/ExitCode;+8
j  org.jetbrains.kotlin.incremental.IncrementalCompilerRunner$compile$2.invoke()Lorg/jetbrains/kotlin/cli/common/ExitCode;+123
j  org.jetbrains.kotlin.incremental.IncrementalCompilerRunner.compile(Ljava/util/List;Lorg/jetbrains/kotlin/cli/common/arguments/CommonCompilerArguments;Lorg/jetbrains/kotlin/cli/common/messages/MessageCollector;Lkotlin/jvm/functions/Function1;)Lorg/jetbrains/kotlin/cli/common/ExitCode;+194
j  org.jetbrains.kotlin.daemon.CompileServiceImpl.execIncrementalCompiler(Lorg/jetbrains/kotlin/cli/common/arguments/K2JVMCompilerArguments;Lorg/jetbrains/kotlin/daemon/common/IncrementalCompilationOptions;Lorg/jetbrains/kotlin/daemon/common/IncrementalCompilerServicesFacade;Lorg/jetbrains/kotlin/daemon/common/CompilationResults;Lorg/jetbrains/kotlin/cli/common/messages/MessageCollector;Lorg/jetbrains/kotlin/daemon/report/DaemonMessageReporter;)Lorg/jetbrains/kotlin/cli/common/ExitCode;+980
j  org.jetbrains.kotlin.daemon.CompileServiceImpl.access$execIncrementalCompiler(Lorg/jetbrains/kotlin/daemon/CompileServiceImpl;Lorg/jetbrains/kotlin/cli/common/arguments/K2JVMCompilerArguments;Lorg/jetbrains/kotlin/daemon/common/IncrementalCompilationOptions;Lorg/jetbrains/kotlin/daemon/common/IncrementalCompilerServicesFacade;Lorg/jetbrains/kotlin/daemon/common/CompilationResults;Lorg/jetbrains/kotlin/cli/common/messages/MessageCollector;Lorg/jetbrains/kotlin/daemon/report/DaemonMessageReporter;)Lorg/jetbrains/kotlin/cli/common/ExitCode;+10
j  org.jetbrains.kotlin.daemon.CompileServiceImpl$compile$$inlined$ifAlive$lambda$2.invoke(Lorg/jetbrains/kotlin/daemon/EventManager;Lorg/jetbrains/kotlin/daemon/common/Profiler;)Lorg/jetbrains/kotlin/cli/common/ExitCode;+50
j  org.jetbrains.kotlin.daemon.CompileServiceImpl$compile$$inlined$ifAlive$lambda$2.invoke(Ljava/lang/Object;Ljava/lang/Object;)Ljava/lang/Object;+9
j  org.jetbrains.kotlin.daemon.CompileServiceImpl$doCompile$$inlined$ifAlive$lambda$2.invoke()I+12
j  org.jetbrains.kotlin.daemon.CompileServiceImpl$doCompile$$inlined$ifAlive$lambda$2.invoke()Ljava/lang/Object;+1
j  org.jetbrains.kotlin.daemon.common.DummyProfiler.withMeasure(Ljava/lang/Object;Lkotlin/jvm/functions/Function0;)Ljava/lang/Object;+7
j  org.jetbrains.kotlin.daemon.CompileServiceImpl.checkedCompile(Lorg/jetbrains/kotlin/daemon/report/DaemonMessageReporter;Lorg/jetbrains/kotlin/daemon/common/Profiler;Lkotlin/jvm/functions/Function0;)Ljava/lang/Object;+41
j  org.jetbrains.kotlin.daemon.CompileServiceImpl.doCompile(ILorg/jetbrains/kotlin/daemon/report/DaemonMessageReporter;Lorg/jetbrains/kotlin/daemon/common/RemoteOperationsTracer;Lkotlin/jvm/functions/Function2;)Lorg/jetbrains/kotlin/daemon/common/CompileService$CallResult;+300
j  org.jetbrains.kotlin.daemon.CompileServiceImpl.compile(I[Ljava/lang/String;Lorg/jetbrains/kotlin/daemon/common/CompilationOptions;Lorg/jetbrains/kotlin/daemon/common/CompilerServicesFacadeBase;Lorg/jetbrains/kotlin/daemon/common/CompilationResults;)Lorg/jetbrains/kotlin/daemon/common/CompileService$CallResult;+655
v  ~StubRoutines::call_stub
V  [libjvm.dylib+0x2bf2fd]  JavaCalls::call_helper(JavaValue*, methodHandle*, JavaCallArguments*, Thread*)+0x597
V  [libjvm.dylib+0x47d8f7]  Reflection::invoke(instanceKlassHandle, methodHandle, Handle, bool, objArrayHandle, BasicType, objArrayHandle, bool, Thread*)+0x6e9
V  [libjvm.dylib+0x47e357]  Reflection::invoke_method(oopDesc*, Handle, objArrayHandle, Thread*)+0x173
V  [libjvm.dylib+0x3063cd]  JVM_InvokeMethod+0x1a9
J 1490  sun.reflect.NativeMethodAccessorImpl.invoke0(Ljava/lang/reflect/Method;Ljava/lang/Object;[Ljava/lang/Object;)Ljava/lang/Object; (0 bytes) @ 0x0000000110ad1fad [0x0000000110ad1ec0+0xed]
J 1489 C1 sun.reflect.NativeMethodAccessorImpl.invoke(Ljava/lang/Object;[Ljava/lang/Object;)Ljava/lang/Object; (104 bytes) @ 0x0000000110adcc5c [0x0000000110adba80+0x11dc]
J 4860 C2 java.lang.reflect.Method.invoke(Ljava/lang/Object;[Ljava/lang/Object;)Ljava/lang/Object; (62 bytes) @ 0x0000000111625c10 [0x0000000111625b80+0x90]
j  sun.rmi.server.UnicastServerRef.dispatch(Ljava/rmi/Remote;Ljava/rmi/server/RemoteCall;)V+209
j  sun.rmi.transport.Transport$1.run()Ljava/lang/Void;+23
j  sun.rmi.transport.Transport$1.run()Ljava/lang/Object;+1
v  ~StubRoutines::call_stub
V  [libjvm.dylib+0x2bf2fd]  JavaCalls::call_helper(JavaValue*, methodHandle*, JavaCallArguments*, Thread*)+0x597
V  [libjvm.dylib+0x2fca92]  JVM_DoPrivileged+0x558
J 180  java.security.AccessController.doPrivileged(Ljava/security/PrivilegedExceptionAction;Ljava/security/AccessControlContext;)Ljava/lang/Object; (0 bytes) @ 0x00000001107d9dd5 [0x00000001107d9d00+0xd5]
j  sun.rmi.transport.Transport.serviceCall(Ljava/rmi/server/RemoteCall;)Z+157
j  sun.rmi.transport.tcp.TCPTransport.handleMessages(Lsun/rmi/transport/Connection;Z)V+185
j  sun.rmi.transport.tcp.TCPTransport$ConnectionHandler.run0()V+680
j  sun.rmi.transport.tcp.TCPTransport$ConnectionHandler.lambda$run$0()Ljava/lang/Void;+1
j  sun.rmi.transport.tcp.TCPTransport$ConnectionHandler$$Lambda$5.run()Ljava/lang/Object;+4
v  ~StubRoutines::call_stub
V  [libjvm.dylib+0x2bf2fd]  JavaCalls::call_helper(JavaValue*, methodHandle*, JavaCallArguments*, Thread*)+0x597
V  [libjvm.dylib+0x2fca92]  JVM_DoPrivileged+0x558
J 5381  java.security.AccessController.doPrivileged(Ljava/security/PrivilegedAction;Ljava/security/AccessControlContext;)Ljava/lang/Object; (0 bytes) @ 0x00000001117c9b95 [0x00000001117c9ac0+0xd5]
j  sun.rmi.transport.tcp.TCPTransport$ConnectionHandler.run()V+58
j  java.util.concurrent.ThreadPoolExecutor.runWorker(Ljava/util/concurrent/ThreadPoolExecutor$Worker;)V+95
j  java.util.concurrent.ThreadPoolExecutor$Worker.run()V+5
j  java.lang.Thread.run()V+11
v  ~StubRoutines::call_stub
V  [libjvm.dylib+0x2bf2fd]  JavaCalls::call_helper(JavaValue*, methodHandle*, JavaCallArguments*, Thread*)+0x597
V  [libjvm.dylib+0x2be432]  JavaCalls::call_virtual(JavaValue*, KlassHandle, Symbol*, Symbol*, JavaCallArguments*, Thread*)+0x13e
V  [libjvm.dylib+0x2be571]  JavaCalls::call_virtual(JavaValue*, Handle, KlassHandle, Symbol*, Symbol*, Thread*)+0x57
V  [libjvm.dylib+0x303066]  thread_entry(JavaThread*, Thread*)+0x78
V  [libjvm.dylib+0x504ac0]  JavaThread::thread_main_inner()+0x82
V  [libjvm.dylib+0x504985]  JavaThread::run()+0x199
V  [libjvm.dylib+0x4345d9]  java_start(Thread*)+0xfa
C  [libsystem_pthread.dylib+0x36c1]  _pthread_body+0x154
C  [libsystem_pthread.dylib+0x356d]  _pthread_body+0x0
C  [libsystem_pthread.dylib+0x2c5d]  thread_start+0xd
C  0x0000000000000000

Java frames: (J=compiled Java code, j=interpreted, Vv=VM code)
J 108  java.util.zip.ZipFile.getEntry(J[BZ)J (0 bytes) @ 0x00000001107a1018 [0x00000001107a0fc0+0x58]
J 147 C1 java.util.zip.ZipFile.getEntry(Ljava/lang/String;)Ljava/util/zip/ZipEntry; (86 bytes) @ 0x00000001107c5d4c [0x00000001107c5ae0+0x26c]
J 206 C1 java.util.jar.JarFile.getEntry(Ljava/lang/String;)Ljava/util/zip/ZipEntry; (22 bytes) @ 0x00000001107e7624 [0x00000001107e75a0+0x84]
j  sun.net.www.protocol.jar.URLJarFile.getEntry(Ljava/lang/String;)Ljava/util/zip/ZipEntry;+2
j  sun.net.www.protocol.jar.JarURLConnection.connect()V+78
j  sun.net.www.protocol.jar.JarURLConnection.getInputStream()Ljava/io/InputStream;+1
j  java.net.URL.openStream()Ljava/io/InputStream;+4
j  java.util.ServiceLoader.parse(Ljava/lang/Class;Ljava/net/URL;)Ljava/util/Iterator;+15
j  java.util.ServiceLoader.access$200(Ljava/util/ServiceLoader;Ljava/lang/Class;Ljava/net/URL;)Ljava/util/Iterator;+3
j  java.util.ServiceLoader$LazyIterator.hasNextService()Z+140
j  java.util.ServiceLoader$LazyIterator.hasNext()Z+11
j  java.util.ServiceLoader$1.hasNext()Z+21
J 8895 C1 kotlin.collections.CollectionsKt___CollectionsKt.toCollection(Ljava/lang/Iterable;Ljava/util/Collection;)Ljava/util/Collection; (49 bytes) @ 0x000000011105b19c [0x000000011105ad00+0x49c]
j  kotlin.collections.CollectionsKt___CollectionsKt.toMutableList(Ljava/lang/Iterable;)Ljava/util/List;+32
J 4400 C2 kotlin.collections.CollectionsKt___CollectionsKt.toList(Ljava/lang/Iterable;)Ljava/util/List; (107 bytes) @ 0x000000011147772c [0x0000000111477500+0x22c]
j  org.jetbrains.kotlin.kapt3.ClasspathBasedKapt3Extension.loadProcessors()Ljava/util/List;+192
j  org.jetbrains.kotlin.kapt3.AbstractKapt3Extension.analysisCompleted(Lorg/jetbrains/kotlin/com/intellij/openapi/project/Project;Lorg/jetbrains/kotlin/descriptors/ModuleDescriptor;Lorg/jetbrains/kotlin/resolve/BindingTrace;Ljava/util/Collection;)Lorg/jetbrains/kotlin/analyzer/AnalysisResult;+104
j  org.jetbrains.kotlin.kapt3.ClasspathBasedKapt3Extension.analysisCompleted(Lorg/jetbrains/kotlin/com/intellij/openapi/project/Project;Lorg/jetbrains/kotlin/descriptors/ModuleDescriptor;Lorg/jetbrains/kotlin/resolve/BindingTrace;Ljava/util/Collection;)Lorg/jetbrains/kotlin/analyzer/AnalysisResult;+32
j  org.jetbrains.kotlin.cli.jvm.compiler.TopDownAnalyzerFacadeForJVM$analyzeFilesWithJavaIntegration$2.invoke()Lorg/jetbrains/kotlin/analyzer/AnalysisResult;+46
j  org.jetbrains.kotlin.cli.jvm.compiler.TopDownAnalyzerFacadeForJVM.analyzeFilesWithJavaIntegration(Lorg/jetbrains/kotlin/com/intellij/openapi/project/Project;Ljava/util/Collection;Lorg/jetbrains/kotlin/resolve/BindingTrace;Lorg/jetbrains/kotlin/config/CompilerConfiguration;Lkotlin/jvm/functions/Function1;Lkotlin/jvm/functions/Function2;Lorg/jetbrains/kotlin/com/intellij/psi/search/GlobalSearchScope;)Lorg/jetbrains/kotlin/analyzer/AnalysisResult;+179
j  org.jetbrains.kotlin.cli.jvm.compiler.TopDownAnalyzerFacadeForJVM.analyzeFilesWithJavaIntegration$default(Lorg/jetbrains/kotlin/com/intellij/openapi/project/Project;Ljava/util/Collection;Lorg/jetbrains/kotlin/resolve/BindingTrace;Lorg/jetbrains/kotlin/config/CompilerConfiguration;Lkotlin/jvm/functions/Function1;Lkotlin/jvm/functions/Function2;Lorg/jetbrains/kotlin/com/intellij/psi/search/GlobalSearchScope;ILjava/lang/Object;)Lorg/jetbrains/kotlin/analyzer/AnalysisResult;+44
j  org.jetbrains.kotlin.cli.jvm.compiler.KotlinToJVMBytecodeCompiler$analyze$1.invoke()Lorg/jetbrains/kotlin/analyzer/AnalysisResult;+254
j  org.jetbrains.kotlin.cli.jvm.compiler.KotlinToJVMBytecodeCompiler$analyze$1.invoke()Ljava/lang/Object;+1
j  org.jetbrains.kotlin.cli.common.messages.AnalyzerWithCompilerReport.analyzeAndReport(Ljava/util/Collection;Lkotlin/jvm/functions/Function0;)V+16
j  org.jetbrains.kotlin.cli.jvm.compiler.KotlinToJVMBytecodeCompiler.analyze(Lorg/jetbrains/kotlin/cli/jvm/compiler/KotlinCoreEnvironment;Ljava/lang/String;)Lorg/jetbrains/kotlin/analyzer/AnalysisResult;+49
j  org.jetbrains.kotlin.cli.jvm.compiler.KotlinToJVMBytecodeCompiler.compileModules(Lorg/jetbrains/kotlin/cli/jvm/compiler/KotlinCoreEnvironment;Ljava/io/File;)Z+215
j  org.jetbrains.kotlin.cli.jvm.K2JVMCompiler.doExecute(Lorg/jetbrains/kotlin/cli/common/arguments/K2JVMCompilerArguments;Lorg/jetbrains/kotlin/config/CompilerConfiguration;Lorg/jetbrains/kotlin/com/intellij/openapi/Disposable;Lorg/jetbrains/kotlin/utils/KotlinPaths;)Lorg/jetbrains/kotlin/cli/common/ExitCode;+724
j  org.jetbrains.kotlin.cli.jvm.K2JVMCompiler.doExecute(Lorg/jetbrains/kotlin/cli/common/arguments/CommonCompilerArguments;Lorg/jetbrains/kotlin/config/CompilerConfiguration;Lorg/jetbrains/kotlin/com/intellij/openapi/Disposable;Lorg/jetbrains/kotlin/utils/KotlinPaths;)Lorg/jetbrains/kotlin/cli/common/ExitCode;+9
j  org.jetbrains.kotlin.cli.common.CLICompiler.execImpl(Lorg/jetbrains/kotlin/cli/common/messages/MessageCollector;Lorg/jetbrains/kotlin/config/Services;Lorg/jetbrains/kotlin/cli/common/arguments/CommonCompilerArguments;)Lorg/jetbrains/kotlin/cli/common/ExitCode;+162
j  org.jetbrains.kotlin.cli.common.CLICompiler.execImpl(Lorg/jetbrains/kotlin/cli/common/messages/MessageCollector;Lorg/jetbrains/kotlin/config/Services;Lorg/jetbrains/kotlin/cli/common/arguments/CommonToolArguments;)Lorg/jetbrains/kotlin/cli/common/ExitCode;+7
j  org.jetbrains.kotlin.cli.common.CLITool.exec(Lorg/jetbrains/kotlin/cli/common/messages/MessageCollector;Lorg/jetbrains/kotlin/config/Services;Lorg/jetbrains/kotlin/cli/common/arguments/CommonToolArguments;)Lorg/jetbrains/kotlin/cli/common/ExitCode;+76
j  org.jetbrains.kotlin.incremental.IncrementalJvmCompilerRunner.runCompiler(Ljava/util/Set;Lorg/jetbrains/kotlin/cli/common/arguments/K2JVMCompilerArguments;Lorg/jetbrains/kotlin/incremental/IncrementalJvmCachesManager;Lorg/jetbrains/kotlin/config/Services;Lorg/jetbrains/kotlin/cli/common/messages/MessageCollector;)Lorg/jetbrains/kotlin/cli/common/ExitCode;+172
j  org.jetbrains.kotlin.incremental.IncrementalJvmCompilerRunner.runCompiler(Ljava/util/Set;Lorg/jetbrains/kotlin/cli/common/arguments/CommonCompilerArguments;Lorg/jetbrains/kotlin/incremental/IncrementalCachesManager;Lorg/jetbrains/kotlin/config/Services;Lorg/jetbrains/kotlin/cli/common/messages/MessageCollector;)Lorg/jetbrains/kotlin/cli/common/ExitCode;+14
j  org.jetbrains.kotlin.incremental.IncrementalCompilerRunner.compileIncrementally(Lorg/jetbrains/kotlin/cli/common/arguments/CommonCompilerArguments;Lorg/jetbrains/kotlin/incremental/IncrementalCachesManager;Ljava/util/List;Lorg/jetbrains/kotlin/incremental/IncrementalCompilerRunner$CompilationMode;Lorg/jetbrains/kotlin/cli/common/messages/MessageCollector;)Lorg/jetbrains/kotlin/cli/common/ExitCode;+422
j  org.jetbrains.kotlin.incremental.IncrementalCompilerRunner.access$compileIncrementally(Lorg/jetbrains/kotlin/incremental/IncrementalCompilerRunner;Lorg/jetbrains/kotlin/cli/common/arguments/CommonCompilerArguments;Lorg/jetbrains/kotlin/incremental/IncrementalCachesManager;Ljava/util/List;Lorg/jetbrains/kotlin/incremental/IncrementalCompilerRunner$CompilationMode;Lorg/jetbrains/kotlin/cli/common/messages/MessageCollector;)Lorg/jetbrains/kotlin/cli/common/ExitCode;+8
j  org.jetbrains.kotlin.incremental.IncrementalCompilerRunner$compile$2.invoke()Lorg/jetbrains/kotlin/cli/common/ExitCode;+123
j  org.jetbrains.kotlin.incremental.IncrementalCompilerRunner.compile(Ljava/util/List;Lorg/jetbrains/kotlin/cli/common/arguments/CommonCompilerArguments;Lorg/jetbrains/kotlin/cli/common/messages/MessageCollector;Lkotlin/jvm/functions/Function1;)Lorg/jetbrains/kotlin/cli/common/ExitCode;+194
j  org.jetbrains.kotlin.daemon.CompileServiceImpl.execIncrementalCompiler(Lorg/jetbrains/kotlin/cli/common/arguments/K2JVMCompilerArguments;Lorg/jetbrains/kotlin/daemon/common/IncrementalCompilationOptions;Lorg/jetbrains/kotlin/daemon/common/IncrementalCompilerServicesFacade;Lorg/jetbrains/kotlin/daemon/common/CompilationResults;Lorg/jetbrains/kotlin/cli/common/messages/MessageCollector;Lorg/jetbrains/kotlin/daemon/report/DaemonMessageReporter;)Lorg/jetbrains/kotlin/cli/common/ExitCode;+980
j  org.jetbrains.kotlin.daemon.CompileServiceImpl.access$execIncrementalCompiler(Lorg/jetbrains/kotlin/daemon/CompileServiceImpl;Lorg/jetbrains/kotlin/cli/common/arguments/K2JVMCompilerArguments;Lorg/jetbrains/kotlin/daemon/common/IncrementalCompilationOptions;Lorg/jetbrains/kotlin/daemon/common/IncrementalCompilerServicesFacade;Lorg/jetbrains/kotlin/daemon/common/CompilationResults;Lorg/jetbrains/kotlin/cli/common/messages/MessageCollector;Lorg/jetbrains/kotlin/daemon/report/DaemonMessageReporter;)Lorg/jetbrains/kotlin/cli/common/ExitCode;+10
j  org.jetbrains.kotlin.daemon.CompileServiceImpl$compile$$inlined$ifAlive$lambda$2.invoke(Lorg/jetbrains/kotlin/daemon/EventManager;Lorg/jetbrains/kotlin/daemon/common/Profiler;)Lorg/jetbrains/kotlin/cli/common/ExitCode;+50
j  org.jetbrains.kotlin.daemon.CompileServiceImpl$compile$$inlined$ifAlive$lambda$2.invoke(Ljava/lang/Object;Ljava/lang/Object;)Ljava/lang/Object;+9
j  org.jetbrains.kotlin.daemon.CompileServiceImpl$doCompile$$inlined$ifAlive$lambda$2.invoke()I+12
j  org.jetbrains.kotlin.daemon.CompileServiceImpl$doCompile$$inlined$ifAlive$lambda$2.invoke()Ljava/lang/Object;+1
j  org.jetbrains.kotlin.daemon.common.DummyProfiler.withMeasure(Ljava/lang/Object;Lkotlin/jvm/functions/Function0;)Ljava/lang/Object;+7
j  org.jetbrains.kotlin.daemon.CompileServiceImpl.checkedCompile(Lorg/jetbrains/kotlin/daemon/report/DaemonMessageReporter;Lorg/jetbrains/kotlin/daemon/common/Profiler;Lkotlin/jvm/functions/Function0;)Ljava/lang/Object;+41
j  org.jetbrains.kotlin.daemon.CompileServiceImpl.doCompile(ILorg/jetbrains/kotlin/daemon/report/DaemonMessageReporter;Lorg/jetbrains/kotlin/daemon/common/RemoteOperationsTracer;Lkotlin/jvm/functions/Function2;)Lorg/jetbrains/kotlin/daemon/common/CompileService$CallResult;+300
j  org.jetbrains.kotlin.daemon.CompileServiceImpl.compile(I[Ljava/lang/String;Lorg/jetbrains/kotlin/daemon/common/CompilationOptions;Lorg/jetbrains/kotlin/daemon/common/CompilerServicesFacadeBase;Lorg/jetbrains/kotlin/daemon/common/CompilationResults;)Lorg/jetbrains/kotlin/daemon/common/CompileService$CallResult;+655
v  ~StubRoutines::call_stub
J 1490  sun.reflect.NativeMethodAccessorImpl.invoke0(Ljava/lang/reflect/Method;Ljava/lang/Object;[Ljava/lang/Object;)Ljava/lang/Object; (0 bytes) @ 0x0000000110ad1f37 [0x0000000110ad1ec0+0x77]
J 1489 C1 sun.reflect.NativeMethodAccessorImpl.invoke(Ljava/lang/Object;[Ljava/lang/Object;)Ljava/lang/Object; (104 bytes) @ 0x0000000110adcc5c [0x0000000110adba80+0x11dc]
J 4860 C2 java.lang.reflect.Method.invoke(Ljava/lang/Object;[Ljava/lang/Object;)Ljava/lang/Object; (62 bytes) @ 0x0000000111625c10 [0x0000000111625b80+0x90]
j  sun.rmi.server.UnicastServerRef.dispatch(Ljava/rmi/Remote;Ljava/rmi/server/RemoteCall;)V+209
j  sun.rmi.transport.Transport$1.run()Ljava/lang/Void;+23
j  sun.rmi.transport.Transport$1.run()Ljava/lang/Object;+1
v  ~StubRoutines::call_stub
J 180  java.security.AccessController.doPrivileged(Ljava/security/PrivilegedExceptionAction;Ljava/security/AccessControlContext;)Ljava/lang/Object; (0 bytes) @ 0x00000001107d9d63 [0x00000001107d9d00+0x63]
j  sun.rmi.transport.Transport.serviceCall(Ljava/rmi/server/RemoteCall;)Z+157
j  sun.rmi.transport.tcp.TCPTransport.handleMessages(Lsun/rmi/transport/Connection;Z)V+185
j  sun.rmi.transport.tcp.TCPTransport$ConnectionHandler.run0()V+680
j  sun.rmi.transport.tcp.TCPTransport$ConnectionHandler.lambda$run$0()Ljava/lang/Void;+1
j  sun.rmi.transport.tcp.TCPTransport$ConnectionHandler$$Lambda$5.run()Ljava/lang/Object;+4
v  ~StubRoutines::call_stub
J 5381  java.security.AccessController.doPrivileged(Ljava/security/PrivilegedAction;Ljava/security/AccessControlContext;)Ljava/lang/Object; (0 bytes) @ 0x00000001117c9b23 [0x00000001117c9ac0+0x63]
j  sun.rmi.transport.tcp.TCPTransport$ConnectionHandler.run()V+58
j  java.util.concurrent.ThreadPoolExecutor.runWorker(Ljava/util/concurrent/ThreadPoolExecutor$Worker;)V+95
j  java.util.concurrent.ThreadPoolExecutor$Worker.run()V+5
j  java.lang.Thread.run()V+11
v  ~StubRoutines::call_stub

---------------  P R O C E S S  ---------------

Java Threads: ( => current thread )
  0x00007fcd47023800 JavaThread "RMI RenewClean-[localhost:55429,org.jetbrains.kotlin.daemon.common.LoopbackNetworkInterface$ClientLoopbackSocketFactory@2c964c62]" daemon [_thread_blocked, id=29443, stack(0x0000700006a51000,0x0000700006b51000)]
=>0x00007fcd46e84800 JavaThread "RMI TCP Connection(17)-127.0.0.1" daemon [_thread_in_native, id=28931, stack(0x000070000694e000,0x0000700006a4e000)]
  0x00007fcd46e7c000 JavaThread "RMI TCP Connection(16)-127.0.0.1" daemon [_thread_in_native, id=27911, stack(0x0000700006645000,0x0000700006745000)]
  0x00007fcd47aa0000 JavaThread "RMI TCP Connection(14)-127.0.0.1" daemon [_thread_in_native, id=4363, stack(0x000070000633c000,0x000070000643c000)]
  0x00007fcd4712f000 JavaThread "RMI TCP Connection(15)-127.0.0.1" daemon [_thread_in_native, id=25351, stack(0x0000700005d2a000,0x0000700005e2a000)]
  0x00007fcd46877800 JavaThread "RMI TCP Connection(12)-127.0.0.1" daemon [_thread_in_native, id=27399, stack(0x0000700004662000,0x0000700004762000)]
  0x00007fcd4309a800 JavaThread "RMI Scheduler(0)" daemon [_thread_blocked, id=24835, stack(0x0000700006033000,0x0000700006133000)]
  0x00007fcd43099800 JavaThread "DestroyJavaVM" [_thread_blocked, id=6915, stack(0x00007000047eb000,0x00007000048eb000)]
  0x00007fcd421c3000 JavaThread "GC Daemon" daemon [_thread_blocked, id=24323, stack(0x0000700005f30000,0x0000700006030000)]
  0x00007fcd421d4800 JavaThread "RMI Reaper" [_thread_blocked, id=23811, stack(0x0000700005e2d000,0x0000700005f2d000)]
  0x00007fcd43924800 JavaThread "Timer-0" daemon [_thread_blocked, id=22787, stack(0x0000700005c27000,0x0000700005d27000)]
  0x00007fcd43923800 JavaThread "RMI TCP Accept-17642" daemon [_thread_in_native, id=22275, stack(0x0000700005b24000,0x0000700005c24000)]
  0x00007fcd43827000 JavaThread "Service Thread" daemon [_thread_blocked, id=21251, stack(0x000070000591e000,0x0000700005a1e000)]
  0x00007fcd42849000 JavaThread "C1 CompilerThread3" daemon [_thread_blocked, id=20739, stack(0x000070000581b000,0x000070000591b000)]
  0x00007fcd42848800 JavaThread "C2 CompilerThread2" daemon [_thread_in_native, id=20227, stack(0x0000700005718000,0x0000700005818000)]
  0x00007fcd42847800 JavaThread "C2 CompilerThread1" daemon [_thread_in_native, id=19715, stack(0x0000700005615000,0x0000700005715000)]
  0x00007fcd43003800 JavaThread "C2 CompilerThread0" daemon [_thread_in_native, id=19203, stack(0x0000700005512000,0x0000700005612000)]
  0x00007fcd42815800 JavaThread "Signal Dispatcher" daemon [_thread_blocked, id=18691, stack(0x000070000540f000,0x000070000550f000)]
  0x00007fcd42008800 JavaThread "Finalizer" daemon [_thread_blocked, id=15107, stack(0x000070000530c000,0x000070000540c000)]
  0x00007fcd42831800 JavaThread "Reference Handler" daemon [_thread_blocked, id=14595, stack(0x0000700005209000,0x0000700005309000)]

Other Threads:
  0x00007fcd4282c800 VMThread [stack: 0x0000700005106000,0x0000700005206000] [id=14083]
  0x00007fcd4382d800 WatcherThread [stack: 0x0000700005a21000,0x0000700005b21000] [id=21763]

VM state:not at safepoint (normal execution)

VM Mutex/Monitor currently owned by a thread: None

Heap:
 PSYoungGen      total 415232K, used 65568K [0x00000007a0000000, 0x00000007c0000000, 0x00000007c0000000)
  eden space 354816K, 18% used [0x00000007a0000000,0x00000007a40081b0,0x00000007b5a80000)
  from space 60416K, 0% used [0x00000007b5a80000,0x00000007b5a80000,0x00000007b9580000)
  to   space 56832K, 0% used [0x00000007bc880000,0x00000007bc880000,0x00000007c0000000)
 ParOldGen       total 215040K, used 34233K [0x0000000760000000, 0x000000076d200000, 0x00000007a0000000)
  object space 215040K, 15% used [0x0000000760000000,0x000000076216e618,0x000000076d200000)
 Metaspace       used 57595K, capacity 58922K, committed 59136K, reserved 1101824K
  class space    used 6983K, capacity 7333K, committed 7424K, reserved 1048576K

Card table byte_map: [0x000000010949a000,0x000000010979b000] byte_map_base: 0x000000010599a000

Marking Bits: (ParMarkBitMap*) 0x0000000108df7128
 Begin Bits: [0x000000010999b000, 0x000000010b19b000)
 End Bits:   [0x000000010b19b000, 0x000000010c99b000)

Polling page: 0x000000010757f000

CodeCache: size=245760Kb used=27675Kb max_used=27675Kb free=218084Kb
 bounds [0x0000000110669000, 0x0000000112199000, 0x000000011f669000]
 total_blobs=8373 nmethods=7832 adapters=452
 compilation: enabled

Compilation events (10 events):
Event: 1446.477 Thread 0x00007fcd42849000 nmethod 9007 0x000000011217e090 code [0x000000011217e2a0, 0x000000011217ea38]
Event: 1446.477 Thread 0x00007fcd42849000 9008       3       org.jetbrains.kotlin.resolve.SinceKotlinUtilKt::getOwnSinceKotlinVersion (357 bytes)
Event: 1446.479 Thread 0x00007fcd42849000 nmethod 9008 0x000000011217ed50 code [0x000000011217f1a0, 0x0000000112182548]
Event: 1446.479 Thread 0x00007fcd42849000 9009       3       org.jetbrains.kotlin.resolve.FindLoopsInSupertypes$isReachable$1::<init> (15 bytes)
Event: 1446.479 Thread 0x00007fcd42849000 nmethod 9009 0x00000001114efb90 code [0x00000001114efd00, 0x00000001114eff50]
Event: 1446.479 Thread 0x00007fcd42849000 9010       3       org.jetbrains.kotlin.resolve.FindLoopsInSupertypes$isReachable$1::result (8 bytes)
Event: 1446.479 Thread 0x00007fcd42849000 nmethod 9010 0x0000000112183450 code [0x00000001121835c0, 0x00000001121837f0]
Event: 1446.479 Thread 0x00007fcd42849000 9011       3       org.jetbrains.kotlin.resolve.FindLoopsInSupertypes$isReachable$1::result (1 bytes)
Event: 1446.479 Thread 0x00007fcd42849000 nmethod 9011 0x0000000112183890 code [0x00000001121839e0, 0x0000000112183b30]
Event: 1446.484 Thread 0x00007fcd42849000 9012       3       java.net.URI::quote (208 bytes)

GC Heap History (10 events):
Event: 6.299 GC heap before
{Heap before GC invocations=11 (full 3):
 PSYoungGen      total 197632K, used 179691K [0x00000007a0000000, 0x00000007b2a00000, 0x00000007c0000000)
  eden space 163328K, 93% used [0x00000007a0000000,0x00000007a954b3e0,0x00000007a9f80000)
  from space 34304K, 78% used [0x00000007a9f80000,0x00000007ab9afaf8,0x00000007ac100000)
  to   space 37888K, 0% used [0x00000007b0500000,0x00000007b0500000,0x00000007b2a00000)
 ParOldGen       total 155648K, used 44662K [0x0000000760000000, 0x0000000769800000, 0x00000007a0000000)
  object space 155648K, 28% used [0x0000000760000000,0x0000000762b9d8c8,0x0000000769800000)
 Metaspace       used 54135K, capacity 55064K, committed 55552K, reserved 1097728K
  class space    used 6673K, capacity 6907K, committed 6912K, reserved 1048576K
Event: 6.332 GC heap after
Heap after GC invocations=11 (full 3):
 PSYoungGen      total 252416K, used 37884K [0x00000007a0000000, 0x00000007b5200000, 0x00000007c0000000)
  eden space 214528K, 0% used [0x00000007a0000000,0x00000007a0000000,0x00000007ad180000)
  from space 37888K, 99% used [0x00000007b0500000,0x00000007b29ff200,0x00000007b2a00000)
  to   space 52736K, 0% used [0x00000007ad180000,0x00000007ad180000,0x00000007b0500000)
 ParOldGen       total 155648K, used 62497K [0x0000000760000000, 0x0000000769800000, 0x00000007a0000000)
  object space 155648K, 40% used [0x0000000760000000,0x0000000763d084b8,0x0000000769800000)
 Metaspace       used 54135K, capacity 55064K, committed 55552K, reserved 1097728K
  class space    used 6673K, capacity 6907K, committed 6912K, reserved 1048576K
}
Event: 6.407 GC heap before
{Heap before GC invocations=12 (full 3):
 PSYoungGen      total 252416K, used 249474K [0x00000007a0000000, 0x00000007b5200000, 0x00000007c0000000)
  eden space 214528K, 98% used [0x00000007a0000000,0x00000007acea1818,0x00000007ad180000)
  from space 37888K, 99% used [0x00000007b0500000,0x00000007b29ff200,0x00000007b2a00000)
  to   space 52736K, 0% used [0x00000007ad180000,0x00000007ad180000,0x00000007b0500000)
 ParOldGen       total 155648K, used 62497K [0x0000000760000000, 0x0000000769800000, 0x00000007a0000000)
  object space 155648K, 40% used [0x0000000760000000,0x0000000763d084b8,0x0000000769800000)
 Metaspace       used 54904K, capacity 55888K, committed 56320K, reserved 1097728K
  class space    used 6781K, capacity 7049K, committed 7168K, reserved 1048576K
Event: 6.453 GC heap after
Heap after GC invocations=12 (full 3):
 PSYoungGen      total 267264K, used 38758K [0x00000007a0000000, 0x00000007bde00000, 0x00000007c0000000)
  eden space 214528K, 0% used [0x00000007a0000000,0x00000007a0000000,0x00000007ad180000)
  from space 52736K, 73% used [0x00000007ad180000,0x00000007af759888,0x00000007b0500000)
  to   space 56320K, 0% used [0x00000007ba700000,0x00000007ba700000,0x00000007bde00000)
 ParOldGen       total 155648K, used 103532K [0x0000000760000000, 0x0000000769800000, 0x00000007a0000000)
  object space 155648K, 66% used [0x0000000760000000,0x000000076651b320,0x0000000769800000)
 Metaspace       used 54904K, capacity 55888K, committed 56320K, reserved 1097728K
  class space    used 6781K, capacity 7049K, committed 7168K, reserved 1048576K
}
Event: 1425.406 GC heap before
{Heap before GC invocations=13 (full 3):
 PSYoungGen      total 267264K, used 253286K [0x00000007a0000000, 0x00000007bde00000, 0x00000007c0000000)
  eden space 214528K, 100% used [0x00000007a0000000,0x00000007ad180000,0x00000007ad180000)
  from space 52736K, 73% used [0x00000007ad180000,0x00000007af759888,0x00000007b0500000)
  to   space 56320K, 0% used [0x00000007ba700000,0x00000007ba700000,0x00000007bde00000)
 ParOldGen       total 155648K, used 103532K [0x0000000760000000, 0x0000000769800000, 0x00000007a0000000)
  object space 155648K, 66% used [0x0000000760000000,0x000000076651b320,0x0000000769800000)
 Metaspace       used 55687K, capacity 56688K, committed 57088K, reserved 1099776K
  class space    used 6840K, capacity 7119K, committed 7168K, reserved 1048576K
Event: 1425.436 GC heap after
Heap after GC invocations=13 (full 3):
 PSYoungGen      total 347648K, used 42401K [0x00000007a0000000, 0x00000007bd080000, 0x00000007c0000000)
  eden space 305152K, 0% used [0x00000007a0000000,0x00000007a0000000,0x00000007b2a00000)
  from space 42496K, 99% used [0x00000007ba700000,0x00000007bd068488,0x00000007bd080000)
  to   space 60416K, 0% used [0x00000007b5a80000,0x00000007b5a80000,0x00000007b9580000)
 ParOldGen       total 155648K, used 103540K [0x0000000760000000, 0x0000000769800000, 0x00000007a0000000)
  object space 155648K, 66% used [0x0000000760000000,0x000000076651d320,0x0000000769800000)
 Metaspace       used 55687K, capacity 56688K, committed 57088K, reserved 1099776K
  class space    used 6840K, capacity 7119K, committed 7168K, reserved 1048576K
}
Event: 1446.155 GC heap before
{Heap before GC invocations=14 (full 3):
 PSYoungGen      total 347648K, used 215692K [0x00000007a0000000, 0x00000007bd080000, 0x00000007c0000000)
  eden space 305152K, 56% used [0x00000007a0000000,0x00000007aa93abc0,0x00000007b2a00000)
  from space 42496K, 99% used [0x00000007ba700000,0x00000007bd068488,0x00000007bd080000)
  to   space 60416K, 0% used [0x00000007b5a80000,0x00000007b5a80000,0x00000007b9580000)
 ParOldGen       total 155648K, used 103540K [0x0000000760000000, 0x0000000769800000, 0x00000007a0000000)
  object space 155648K, 66% used [0x0000000760000000,0x000000076651d320,0x0000000769800000)
 Metaspace       used 57637K, capacity 59004K, committed 59136K, reserved 1101824K
  class space    used 6983K, capacity 7343K, committed 7424K, reserved 1048576K
Event: 1446.182 GC heap after
Heap after GC invocations=14 (full 3):
 PSYoungGen      total 415232K, used 25359K [0x00000007a0000000, 0x00000007c0000000, 0x00000007c0000000)
  eden space 354816K, 0% used [0x00000007a0000000,0x00000007a0000000,0x00000007b5a80000)
  from space 60416K, 41% used [0x00000007b5a80000,0x00000007b7343ee8,0x00000007b9580000)
  to   space 56832K, 0% used [0x00000007bc880000,0x00000007bc880000,0x00000007c0000000)
 ParOldGen       total 155648K, used 124106K [0x0000000760000000, 0x0000000769800000, 0x00000007a0000000)
  object space 155648K, 79% used [0x0000000760000000,0x0000000767932920,0x0000000769800000)
 Metaspace       used 57637K, capacity 59004K, committed 59136K, reserved 1101824K
  class space    used 6983K, capacity 7343K, committed 7424K, reserved 1048576K
}
Event: 1446.182 GC heap before
{Heap before GC invocations=15 (full 4):
 PSYoungGen      total 415232K, used 25359K [0x00000007a0000000, 0x00000007c0000000, 0x00000007c0000000)
  eden space 354816K, 0% used [0x00000007a0000000,0x00000007a0000000,0x00000007b5a80000)
  from space 60416K, 41% used [0x00000007b5a80000,0x00000007b7343ee8,0x00000007b9580000)
  to   space 56832K, 0% used [0x00000007bc880000,0x00000007bc880000,0x00000007c0000000)
 ParOldGen       total 155648K, used 124106K [0x0000000760000000, 0x0000000769800000, 0x00000007a0000000)
  object space 155648K, 79% used [0x0000000760000000,0x0000000767932920,0x0000000769800000)
 Metaspace       used 57637K, capacity 59004K, committed 59136K, reserved 1101824K
  class space    used 6983K, capacity 7343K, committed 7424K, reserved 1048576K
Event: 1446.280 GC heap after
Heap after GC invocations=15 (full 4):
 PSYoungGen      total 415232K, used 0K [0x00000007a0000000, 0x00000007c0000000, 0x00000007c0000000)
  eden space 354816K, 0% used [0x00000007a0000000,0x00000007a0000000,0x00000007b5a80000)
  from space 60416K, 0% used [0x00000007b5a80000,0x00000007b5a80000,0x00000007b9580000)
  to   space 56832K, 0% used [0x00000007bc880000,0x00000007bc880000,0x00000007c0000000)
 ParOldGen       total 215040K, used 34233K [0x0000000760000000, 0x000000076d200000, 0x00000007a0000000)
  object space 215040K, 15% used [0x0000000760000000,0x000000076216e618,0x000000076d200000)
 Metaspace       used 57467K, capacity 58762K, committed 59136K, reserved 1101824K
  class space    used 6971K, capacity 7301K, committed 7424K, reserved 1048576K
}

Deoptimization events (10 events):
Event: 1425.520 Thread 0x00007fcd4712f000 Uncommon trap: reason=class_check action=maybe_recompile pc=0x0000000111c1a874 method=org.jetbrains.kotlin.load.java.lazy.descriptors.LazyJavaScope.getContributedVariables(Lorg/jetbrains/kotlin/name/Name;Lorg/jetbrains/kotlin/incremental/components/Lookup
Event: 1425.522 Thread 0x00007fcd4712f000 Uncommon trap: reason=class_check action=maybe_recompile pc=0x0000000111c1a874 method=org.jetbrains.kotlin.load.java.lazy.descriptors.LazyJavaScope.getContributedVariables(Lorg/jetbrains/kotlin/name/Name;Lorg/jetbrains/kotlin/incremental/components/Lookup
Event: 1444.658 Thread 0x00007fcd47aa0000 Uncommon trap: reason=class_check action=maybe_recompile pc=0x0000000111b033d0 method=org.jetbrains.kotlin.com.intellij.util.text.ImmutableText.getChars(II[CI)V @ 51
Event: 1444.735 Thread 0x00007fcd47aa0000 Uncommon trap: reason=class_check action=maybe_recompile pc=0x000000011167c2cc method=org.jetbrains.kotlin.types.TypeConstructorSubstitution$Companion$createByConstructorsMap$1.isEmpty()Z @ 4
Event: 1444.738 Thread 0x00007fcd47aa0000 Uncommon trap: reason=class_check action=maybe_recompile pc=0x000000011167c2cc method=org.jetbrains.kotlin.types.TypeConstructorSubstitution$Companion$createByConstructorsMap$1.isEmpty()Z @ 4
Event: 1444.745 Thread 0x00007fcd47aa0000 Uncommon trap: reason=class_check action=maybe_recompile pc=0x000000011174196c method=org.jetbrains.kotlin.resolve.MemberComparator$NameAndTypeMemberComparator.getDeclarationPriority(Lorg/jetbrains/kotlin/descriptors/DeclarationDescriptor;)I @ 28
Event: 1444.751 Thread 0x00007fcd47aa0000 Uncommon trap: reason=class_check action=maybe_recompile pc=0x0000000111222c9c method=org.jetbrains.kotlin.gnu.trove.TObjectHash.insertionIndex(Ljava/lang/Object;)I @ 213
Event: 1444.775 Thread 0x00007fcd47aa0000 Uncommon trap: reason=class_check action=maybe_recompile pc=0x0000000111222c9c method=org.jetbrains.kotlin.gnu.trove.TObjectHash.insertionIndex(Ljava/lang/Object;)I @ 213
Event: 1446.151 Thread 0x00007fcd46e84800 Uncommon trap: reason=unstable_if action=reinterpret pc=0x00000001107ad694 method=sun.nio.cs.UTF_8$Decoder.decodeArrayLoop(Ljava/nio/ByteBuffer;Ljava/nio/CharBuffer;)Ljava/nio/charset/CoderResult; @ 84
Event: 1446.152 Thread 0x00007fcd46e84800 Uncommon trap: reason=class_check action=maybe_recompile pc=0x0000000111b033d0 method=org.jetbrains.kotlin.com.intellij.util.text.ImmutableText.getChars(II[CI)V @ 51

Classes redefined (0 events):
No events

Internal exceptions (10 events):
Event: 1445.992 Thread 0x00007fcd46e7c000 Exception <a 'sun/nio/fs/UnixException'> (0x00000007a91a1370) thrown at [/Volumes/android/AOSP-openjdk-git/jdk8u/hotspot/src/share/vm/prims/jni.cpp, line 709]
Event: 1445.995 Thread 0x00007fcd46e7c000 Exception <a 'sun/nio/fs/UnixException'> (0x00000007a91bc730) thrown at [/Volumes/android/AOSP-openjdk-git/jdk8u/hotspot/src/share/vm/prims/jni.cpp, line 709]
Event: 1445.999 Thread 0x00007fcd46e7c000 Exception <a 'sun/nio/fs/UnixException'> (0x00000007a91ed3c0) thrown at [/Volumes/android/AOSP-openjdk-git/jdk8u/hotspot/src/share/vm/prims/jni.cpp, line 709]
Event: 1446.001 Thread 0x00007fcd46e7c000 Exception <a 'sun/nio/fs/UnixException'> (0x00000007a9203140) thrown at [/Volumes/android/AOSP-openjdk-git/jdk8u/hotspot/src/share/vm/prims/jni.cpp, line 709]
Event: 1446.004 Thread 0x00007fcd46e7c000 Exception <a 'sun/nio/fs/UnixException'> (0x00000007a9224298) thrown at [/Volumes/android/AOSP-openjdk-git/jdk8u/hotspot/src/share/vm/prims/jni.cpp, line 709]
Event: 1446.005 Thread 0x00007fcd46e7c000 Exception <a 'sun/nio/fs/UnixException'> (0x00000007a923d528) thrown at [/Volumes/android/AOSP-openjdk-git/jdk8u/hotspot/src/share/vm/prims/jni.cpp, line 709]
Event: 1446.007 Thread 0x00007fcd46e7c000 Exception <a 'sun/nio/fs/UnixException'> (0x00000007a925cb78) thrown at [/Volumes/android/AOSP-openjdk-git/jdk8u/hotspot/src/share/vm/prims/jni.cpp, line 709]
Event: 1446.009 Thread 0x00007fcd46e7c000 Exception <a 'sun/nio/fs/UnixException'> (0x00000007a927e750) thrown at [/Volumes/android/AOSP-openjdk-git/jdk8u/hotspot/src/share/vm/prims/jni.cpp, line 709]
Event: 1446.075 Thread 0x00007fcd47023800 Exception <a 'java/lang/InterruptedException'> (0x00000007a94b0778) thrown at [/Volumes/android/AOSP-openjdk-git/jdk8u/hotspot/src/share/vm/runtime/objectMonitor.cpp, line 1684]
Event: 1446.079 Thread 0x00007fcd46e84800 Exception <a 'sun/nio/fs/UnixException'> (0x00000007a95e8d88) thrown at [/Volumes/android/AOSP-openjdk-git/jdk8u/hotspot/src/share/vm/prims/jni.cpp, line 709]

Events (10 events):
Event: 1446.471 Executing VM operation: ForceSafepoint
Event: 1446.471 Executing VM operation: ForceSafepoint done
Event: 1446.473 loading class org/jetbrains/kotlin/psi/KtExpression
Event: 1446.473 loading class org/jetbrains/kotlin/psi/KtExpression done
Event: 1446.473 loading class org/jetbrains/kotlin/descriptors/PropertyDescriptor
Event: 1446.473 loading class org/jetbrains/kotlin/descriptors/PropertyDescriptor done
Event: 1446.482 loading class org/jetbrains/kotlin/kapt3/AbstractKapt3Extension$analysisCompleted$1
Event: 1446.482 loading class org/jetbrains/kotlin/kapt3/AbstractKapt3Extension$analysisCompleted$1 done
Event: 1446.484 Executing VM operation: RevokeBias
Event: 1446.485 Executing VM operation: RevokeBias done


Dynamic libraries:
0x0000000026776000 	/System/Library/Frameworks/Cocoa.framework/Versions/A/Cocoa
0x0000000026776000 	/System/Library/Frameworks/Security.framework/Versions/A/Security
0x0000000026776000 	/System/Library/Frameworks/ApplicationServices.framework/Versions/A/ApplicationServices
0x0000000026776000 	/usr/lib/libz.1.dylib
0x0000000026776000 	/usr/lib/libSystem.B.dylib
0x0000000026776000 	/System/Library/Frameworks/CoreFoundation.framework/Versions/A/CoreFoundation
0x0000000026776000 	/System/Library/Frameworks/Foundation.framework/Versions/C/Foundation
0x0000000026776000 	/usr/lib/libobjc.A.dylib
0x0000000026776000 	/System/Library/Frameworks/AppKit.framework/Versions/C/AppKit
0x0000000026776000 	/System/Library/Frameworks/CoreData.framework/Versions/A/CoreData
0x0000000026776000 	/System/Library/PrivateFrameworks/RemoteViewServices.framework/Versions/A/RemoteViewServices
0x0000000026776000 	/System/Library/PrivateFrameworks/UIFoundation.framework/Versions/A/UIFoundation
0x0000000026776000 	/System/Library/PrivateFrameworks/DFRFoundation.framework/Versions/A/DFRFoundation
0x0000000026776000 	/System/Library/Frameworks/Metal.framework/Versions/A/Metal
0x0000000026776000 	/System/Library/PrivateFrameworks/DesktopServicesPriv.framework/Versions/A/DesktopServicesPriv
0x0000000026776000 	/usr/lib/libenergytrace.dylib
0x0000000026776000 	/System/Library/PrivateFrameworks/SkyLight.framework/Versions/A/SkyLight
0x0000000026776000 	/System/Library/Frameworks/CoreGraphics.framework/Versions/A/CoreGraphics
0x0000000026776000 	/usr/lib/libScreenReader.dylib
0x0000000026776000 	/System/Library/Frameworks/Accelerate.framework/Versions/A/Accelerate
0x0000000026776000 	/System/Library/Frameworks/IOSurface.framework/Versions/A/IOSurface
0x0000000026776000 	/System/Library/Frameworks/AudioToolbox.framework/Versions/A/AudioToolbox
0x0000000026776000 	/System/Library/Frameworks/AudioUnit.framework/Versions/A/AudioUnit
0x0000000026776000 	/System/Library/PrivateFrameworks/DataDetectorsCore.framework/Versions/A/DataDetectorsCore
0x0000000026776000 	/System/Library/Frameworks/Carbon.framework/Versions/A/Frameworks/HIToolbox.framework/Versions/A/HIToolbox
0x0000000026776000 	/usr/lib/libicucore.A.dylib
0x0000000026776000 	/System/Library/Frameworks/QuartzCore.framework/Versions/A/QuartzCore
0x0000000026776000 	/System/Library/Frameworks/Carbon.framework/Versions/A/Frameworks/SpeechRecognition.framework/Versions/A/SpeechRecognition
0x0000000026776000 	/usr/lib/libauto.dylib
0x0000000026776000 	/usr/lib/libxml2.2.dylib
0x0000000026776000 	/System/Library/PrivateFrameworks/CoreUI.framework/Versions/A/CoreUI
0x0000000026776000 	/System/Library/Frameworks/CoreAudio.framework/Versions/A/CoreAudio
0x0000000026776000 	/System/Library/Frameworks/DiskArbitration.framework/Versions/A/DiskArbitration
0x0000000026776000 	/usr/lib/liblangid.dylib
0x0000000026776000 	/System/Library/PrivateFrameworks/MultitouchSupport.framework/Versions/A/MultitouchSupport
0x0000000026776000 	/System/Library/Frameworks/IOKit.framework/Versions/A/IOKit
0x0000000026776000 	/usr/lib/libDiagnosticMessagesClient.dylib
0x0000000026776000 	/System/Library/Frameworks/CoreServices.framework/Versions/A/CoreServices
0x0000000026776000 	/System/Library/PrivateFrameworks/PerformanceAnalysis.framework/Versions/A/PerformanceAnalysis
0x0000000026776000 	/System/Library/Frameworks/OpenGL.framework/Versions/A/OpenGL
0x0000000026776000 	/System/Library/Frameworks/ColorSync.framework/Versions/A/ColorSync
0x0000000026776000 	/System/Library/Frameworks/CoreImage.framework/Versions/A/CoreImage
0x0000000026776000 	/System/Library/Frameworks/CoreText.framework/Versions/A/CoreText
0x0000000026776000 	/System/Library/Frameworks/ImageIO.framework/Versions/A/ImageIO
0x0000000026776000 	/System/Library/PrivateFrameworks/Backup.framework/Versions/A/Backup
0x0000000026776000 	/usr/lib/libarchive.2.dylib
0x0000000026776000 	/System/Library/Frameworks/CFNetwork.framework/Versions/A/CFNetwork
0x0000000026776000 	/System/Library/Frameworks/SystemConfiguration.framework/Versions/A/SystemConfiguration
0x0000000026776000 	/usr/lib/libCRFSuite.dylib
0x0000000026776000 	/usr/lib/libc++.1.dylib
0x0000000026776000 	/usr/lib/libc++abi.dylib
0x0000000026776000 	/usr/lib/system/libcache.dylib
0x0000000026776000 	/usr/lib/system/libcommonCrypto.dylib
0x0000000026776000 	/usr/lib/system/libcompiler_rt.dylib
0x0000000026776000 	/usr/lib/system/libcopyfile.dylib
0x0000000026776000 	/usr/lib/system/libcorecrypto.dylib
0x0000000026776000 	/usr/lib/system/libdispatch.dylib
0x0000000026776000 	/usr/lib/system/libdyld.dylib
0x0000000026776000 	/usr/lib/system/libkeymgr.dylib
0x0000000026776000 	/usr/lib/system/liblaunch.dylib
0x0000000026776000 	/usr/lib/system/libmacho.dylib
0x0000000026776000 	/usr/lib/system/libquarantine.dylib
0x0000000026776000 	/usr/lib/system/libremovefile.dylib
0x0000000026776000 	/usr/lib/system/libsystem_asl.dylib
0x0000000026776000 	/usr/lib/system/libsystem_blocks.dylib
0x0000000026776000 	/usr/lib/system/libsystem_c.dylib
0x0000000026776000 	/usr/lib/system/libsystem_configuration.dylib
0x0000000026776000 	/usr/lib/system/libsystem_coreservices.dylib
0x0000000026776000 	/usr/lib/system/libsystem_darwin.dylib
0x0000000026776000 	/usr/lib/system/libsystem_dnssd.dylib
0x0000000026776000 	/usr/lib/system/libsystem_info.dylib
0x0000000026776000 	/usr/lib/system/libsystem_m.dylib
0x0000000026776000 	/usr/lib/system/libsystem_malloc.dylib
0x0000000026776000 	/usr/lib/system/libsystem_network.dylib
0x0000000026776000 	/usr/lib/system/libsystem_networkextension.dylib
0x0000000026776000 	/usr/lib/system/libsystem_notify.dylib
0x0000000026776000 	/usr/lib/system/libsystem_sandbox.dylib
0x0000000026776000 	/usr/lib/system/libsystem_secinit.dylib
0x0000000026776000 	/usr/lib/system/libsystem_kernel.dylib
0x0000000026776000 	/usr/lib/system/libsystem_platform.dylib
0x0000000026776000 	/usr/lib/system/libsystem_pthread.dylib
0x0000000026776000 	/usr/lib/system/libsystem_symptoms.dylib
0x0000000026776000 	/usr/lib/system/libsystem_trace.dylib
0x0000000026776000 	/usr/lib/system/libunwind.dylib
0x0000000026776000 	/usr/lib/system/libxpc.dylib
0x0000000026776000 	/usr/lib/closure/libclosured.dylib
0x0000000026776000 	/usr/lib/libbsm.0.dylib
0x0000000026776000 	/usr/lib/system/libkxld.dylib
0x0000000026776000 	/usr/lib/libOpenScriptingUtil.dylib
0x0000000026776000 	/usr/lib/libcoretls.dylib
0x0000000026776000 	/usr/lib/libcoretls_cfhelpers.dylib
0x0000000026776000 	/usr/lib/libpam.2.dylib
0x0000000026776000 	/usr/lib/libsqlite3.dylib
0x0000000026776000 	/usr/lib/libxar.1.dylib
0x0000000026776000 	/usr/lib/libbz2.1.0.dylib
0x0000000026776000 	/usr/lib/liblzma.5.dylib
0x0000000026776000 	/usr/lib/libnetwork.dylib
0x0000000026776000 	/usr/lib/libapple_nghttp2.dylib
0x0000000026776000 	/usr/lib/libpcap.A.dylib
0x0000000026776000 	/usr/lib/libboringssl.dylib
0x0000000026776000 	/usr/lib/libusrtcp.dylib
0x0000000026776000 	/usr/lib/libapple_crypto.dylib
0x0000000026776000 	/System/Library/Frameworks/CoreServices.framework/Versions/A/Frameworks/FSEvents.framework/Versions/A/FSEvents
0x0000000026776000 	/System/Library/Frameworks/CoreServices.framework/Versions/A/Frameworks/CarbonCore.framework/Versions/A/CarbonCore
0x0000000026776000 	/System/Library/Frameworks/CoreServices.framework/Versions/A/Frameworks/Metadata.framework/Versions/A/Metadata
0x0000000026776000 	/System/Library/Frameworks/CoreServices.framework/Versions/A/Frameworks/OSServices.framework/Versions/A/OSServices
0x0000000026776000 	/System/Library/Frameworks/CoreServices.framework/Versions/A/Frameworks/SearchKit.framework/Versions/A/SearchKit
0x0000000026776000 	/System/Library/Frameworks/CoreServices.framework/Versions/A/Frameworks/AE.framework/Versions/A/AE
0x0000000026776000 	/System/Library/Frameworks/CoreServices.framework/Versions/A/Frameworks/LaunchServices.framework/Versions/A/LaunchServices
0x0000000026776000 	/System/Library/Frameworks/CoreServices.framework/Versions/A/Frameworks/DictionaryServices.framework/Versions/A/DictionaryServices
0x0000000026776000 	/System/Library/Frameworks/CoreServices.framework/Versions/A/Frameworks/SharedFileList.framework/Versions/A/SharedFileList
0x0000000026776000 	/System/Library/Frameworks/NetFS.framework/Versions/A/NetFS
0x0000000026776000 	/System/Library/PrivateFrameworks/NetAuth.framework/Versions/A/NetAuth
0x0000000026776000 	/System/Library/PrivateFrameworks/login.framework/Versions/A/Frameworks/loginsupport.framework/Versions/A/loginsupport
0x0000000026776000 	/System/Library/PrivateFrameworks/TCC.framework/Versions/A/TCC
0x0000000026776000 	/usr/lib/libmecabra.dylib
0x0000000026776000 	/System/Library/Frameworks/ApplicationServices.framework/Versions/A/Frameworks/ATS.framework/Versions/A/ATS
0x0000000026776000 	/System/Library/Frameworks/ApplicationServices.framework/Versions/A/Frameworks/ColorSyncLegacy.framework/Versions/A/ColorSyncLegacy
0x0000000026776000 	/System/Library/Frameworks/ApplicationServices.framework/Versions/A/Frameworks/HIServices.framework/Versions/A/HIServices
0x0000000026776000 	/System/Library/Frameworks/ApplicationServices.framework/Versions/A/Frameworks/LangAnalysis.framework/Versions/A/LangAnalysis
0x0000000026776000 	/System/Library/Frameworks/ApplicationServices.framework/Versions/A/Frameworks/PrintCore.framework/Versions/A/PrintCore
0x0000000026776000 	/System/Library/Frameworks/ApplicationServices.framework/Versions/A/Frameworks/QD.framework/Versions/A/QD
0x0000000026776000 	/System/Library/Frameworks/ApplicationServices.framework/Versions/A/Frameworks/SpeechSynthesis.framework/Versions/A/SpeechSynthesis
0x0000000026776000 	/System/Library/Frameworks/CoreDisplay.framework/Versions/A/CoreDisplay
0x0000000026776000 	/System/Library/Frameworks/Accelerate.framework/Versions/A/Frameworks/vImage.framework/Versions/A/vImage
0x0000000026776000 	/System/Library/Frameworks/Accelerate.framework/Versions/A/Frameworks/vecLib.framework/Versions/A/vecLib
0x0000000026776000 	/System/Library/Frameworks/Accelerate.framework/Versions/A/Frameworks/vecLib.framework/Versions/A/libvDSP.dylib
0x0000000026776000 	/System/Library/Frameworks/Accelerate.framework/Versions/A/Frameworks/vecLib.framework/Versions/A/libBNNS.dylib
0x0000000026776000 	/System/Library/Frameworks/Accelerate.framework/Versions/A/Frameworks/vecLib.framework/Versions/A/libQuadrature.dylib
0x0000000026776000 	/System/Library/Frameworks/Accelerate.framework/Versions/A/Frameworks/vecLib.framework/Versions/A/libvMisc.dylib
0x0000000026776000 	/System/Library/Frameworks/Accelerate.framework/Versions/A/Frameworks/vecLib.framework/Versions/A/libLAPACK.dylib
0x0000000026776000 	/System/Library/Frameworks/Accelerate.framework/Versions/A/Frameworks/vecLib.framework/Versions/A/libBLAS.dylib
0x0000000026776000 	/System/Library/Frameworks/Accelerate.framework/Versions/A/Frameworks/vecLib.framework/Versions/A/libLinearAlgebra.dylib
0x0000000026776000 	/System/Library/Frameworks/Accelerate.framework/Versions/A/Frameworks/vecLib.framework/Versions/A/libSparse.dylib
0x0000000026776000 	/System/Library/Frameworks/Accelerate.framework/Versions/A/Frameworks/vecLib.framework/Versions/A/libSparseBLAS.dylib
0x0000000026776000 	/System/Library/PrivateFrameworks/IOAccelerator.framework/Versions/A/IOAccelerator
0x0000000026776000 	/System/Library/PrivateFrameworks/IOPresentment.framework/Versions/A/IOPresentment
0x0000000026776000 	/System/Library/PrivateFrameworks/DSExternalDisplay.framework/Versions/A/DSExternalDisplay
0x0000000026776000 	/System/Library/Frameworks/OpenGL.framework/Versions/A/Libraries/libCoreFSCache.dylib
0x0000000026776000 	/System/Library/Frameworks/CoreVideo.framework/Versions/A/CoreVideo
0x0000000026776000 	/System/Library/PrivateFrameworks/GraphVisualizer.framework/Versions/A/GraphVisualizer
0x0000000026776000 	/System/Library/Frameworks/MetalPerformanceShaders.framework/Versions/A/MetalPerformanceShaders
0x0000000026776000 	/usr/lib/libFosl_dynamic.dylib
0x0000000026776000 	/System/Library/PrivateFrameworks/FaceCore.framework/Versions/A/FaceCore
0x0000000026776000 	/System/Library/Frameworks/OpenCL.framework/Versions/A/OpenCL
0x0000000026776000 	/usr/lib/libcompression.dylib
0x0000000026776000 	/System/Library/Frameworks/ApplicationServices.framework/Versions/A/Frameworks/ATS.framework/Versions/A/Resources/libFontParser.dylib
0x0000000026776000 	/System/Library/Frameworks/ApplicationServices.framework/Versions/A/Frameworks/ATS.framework/Versions/A/Resources/libFontRegistry.dylib
0x0000000026776000 	/System/Library/Frameworks/ImageIO.framework/Versions/A/Resources/libJPEG.dylib
0x0000000026776000 	/System/Library/Frameworks/ImageIO.framework/Versions/A/Resources/libTIFF.dylib
0x0000000026776000 	/System/Library/Frameworks/ImageIO.framework/Versions/A/Resources/libPng.dylib
0x0000000026776000 	/System/Library/Frameworks/ImageIO.framework/Versions/A/Resources/libGIF.dylib
0x0000000026776000 	/System/Library/Frameworks/ImageIO.framework/Versions/A/Resources/libJP2.dylib
0x0000000026776000 	/System/Library/Frameworks/ImageIO.framework/Versions/A/Resources/libRadiance.dylib
0x0000000026776000 	/System/Library/PrivateFrameworks/AppleJPEG.framework/Versions/A/AppleJPEG
0x0000000026776000 	/System/Library/PrivateFrameworks/MetalTools.framework/Versions/A/MetalTools
0x0000000026776000 	/System/Library/Frameworks/MetalPerformanceShaders.framework/Frameworks/MPSCore.framework/Versions/A/MPSCore
0x0000000026776000 	/System/Library/Frameworks/MetalPerformanceShaders.framework/Frameworks/MPSImage.framework/Versions/A/MPSImage
0x0000000026776000 	/System/Library/Frameworks/MetalPerformanceShaders.framework/Frameworks/MPSMatrix.framework/Versions/A/MPSMatrix
0x0000000026776000 	/System/Library/Frameworks/MetalPerformanceShaders.framework/Frameworks/MPSNeuralNetwork.framework/Versions/A/MPSNeuralNetwork
0x0000000026776000 	/System/Library/Frameworks/OpenGL.framework/Versions/A/Libraries/libGLU.dylib
0x0000000026776000 	/System/Library/Frameworks/OpenGL.framework/Versions/A/Libraries/libGFXShared.dylib
0x0000000026776000 	/System/Library/Frameworks/OpenGL.framework/Versions/A/Libraries/libGL.dylib
0x0000000026776000 	/System/Library/Frameworks/OpenGL.framework/Versions/A/Libraries/libGLImage.dylib
0x0000000026776000 	/System/Library/Frameworks/OpenGL.framework/Versions/A/Libraries/libCVMSPluginSupport.dylib
0x0000000026776000 	/System/Library/Frameworks/OpenGL.framework/Versions/A/Libraries/libCoreVMClient.dylib
0x0000000026776000 	/usr/lib/libcups.2.dylib
0x0000000026776000 	/System/Library/Frameworks/Kerberos.framework/Versions/A/Kerberos
0x0000000026776000 	/System/Library/Frameworks/GSS.framework/Versions/A/GSS
0x0000000026776000 	/usr/lib/libresolv.9.dylib
0x0000000026776000 	/usr/lib/libiconv.2.dylib
0x0000000026776000 	/System/Library/PrivateFrameworks/Heimdal.framework/Versions/A/Heimdal
0x0000000026776000 	/usr/lib/libheimdal-asn1.dylib
0x000000010755f000 	/System/Library/Frameworks/OpenDirectory.framework/Versions/A/OpenDirectory
0x0000000026776000 	/System/Library/PrivateFrameworks/CommonAuth.framework/Versions/A/CommonAuth
0x0000000107585000 	/System/Library/Frameworks/OpenDirectory.framework/Versions/A/Frameworks/CFOpenDirectory.framework/Versions/A/CFOpenDirectory
0x0000000026776000 	/System/Library/Frameworks/SecurityFoundation.framework/Versions/A/SecurityFoundation
0x0000000026776000 	/System/Library/PrivateFrameworks/APFS.framework/Versions/A/APFS
0x0000000026776000 	/usr/lib/libutil.dylib
0x0000000026776000 	/System/Library/PrivateFrameworks/AppleSauce.framework/Versions/A/AppleSauce
0x0000000026776000 	/System/Library/PrivateFrameworks/LinguisticData.framework/Versions/A/LinguisticData
0x0000000026776000 	/usr/lib/libmarisa.dylib
0x0000000026776000 	/System/Library/PrivateFrameworks/Lexicon.framework/Versions/A/Lexicon
0x0000000026776000 	/usr/lib/libChineseTokenizer.dylib
0x0000000026776000 	/usr/lib/libcmph.dylib
0x0000000026776000 	/System/Library/PrivateFrameworks/LanguageModeling.framework/Versions/A/LanguageModeling
0x0000000026776000 	/System/Library/PrivateFrameworks/CoreEmoji.framework/Versions/A/CoreEmoji
0x0000000026776000 	/System/Library/Frameworks/ServiceManagement.framework/Versions/A/ServiceManagement
0x0000000026776000 	/System/Library/PrivateFrameworks/BackgroundTaskManagement.framework/Versions/A/BackgroundTaskManagement
0x0000000026776000 	/usr/lib/libxslt.1.dylib
0x0000000026776000 	/System/Library/Frameworks/Carbon.framework/Versions/A/Frameworks/Ink.framework/Versions/A/Ink
0x0000000026776000 	/System/Library/PrivateFrameworks/TextureIO.framework/Versions/A/TextureIO
0x0000000026776000 	/usr/lib/libate.dylib
0x0000000026776000 	/System/Library/PrivateFrameworks/CrashReporterSupport.framework/Versions/A/CrashReporterSupport
0x0000000026776000 	/System/Library/PrivateFrameworks/Sharing.framework/Versions/A/Sharing
0x0000000026776000 	/System/Library/PrivateFrameworks/IconServices.framework/Versions/A/IconServices
0x0000000026776000 	/System/Library/PrivateFrameworks/ProtocolBuffer.framework/Versions/A/ProtocolBuffer
0x0000000026776000 	/System/Library/PrivateFrameworks/Apple80211.framework/Versions/A/Apple80211
0x0000000026776000 	/System/Library/Frameworks/CoreWLAN.framework/Versions/A/CoreWLAN
0x0000000026776000 	/System/Library/PrivateFrameworks/CoreUtils.framework/Versions/A/CoreUtils
0x0000000026776000 	/System/Library/Frameworks/IOBluetooth.framework/Versions/A/IOBluetooth
0x0000000026776000 	/System/Library/PrivateFrameworks/CoreWiFi.framework/Versions/A/CoreWiFi
0x0000000026776000 	/System/Library/Frameworks/CoreBluetooth.framework/Versions/A/CoreBluetooth
0x0000000026776000 	/System/Library/PrivateFrameworks/SignpostNotification.framework/Versions/A/SignpostNotification
0x0000000026776000 	/System/Library/PrivateFrameworks/DebugSymbols.framework/Versions/A/DebugSymbols
0x0000000026776000 	/System/Library/PrivateFrameworks/CoreSymbolication.framework/Versions/A/CoreSymbolication
0x0000000026776000 	/System/Library/PrivateFrameworks/Symbolication.framework/Versions/A/Symbolication
0x0000000026776000 	/System/Library/PrivateFrameworks/AppleFSCompression.framework/Versions/A/AppleFSCompression
0x0000000026776000 	/System/Library/PrivateFrameworks/SpeechRecognitionCore.framework/Versions/A/SpeechRecognitionCore
0x0000000026776000 	/System/Library/CoreServices/Encodings/libSimplifiedChineseConverter.dylib
0x0000000108600000 	/Applications/Android Studio.app/Contents/jre/jdk/Contents/Home/jre/lib/server/libjvm.dylib
0x0000000026776000 	/usr/lib/libstdc++.6.0.9.dylib
0x00000001075e3000 	/Applications/Android Studio.app/Contents/jre/jdk/Contents/Home/jre/lib/libverify.dylib
0x0000000109066000 	/Applications/Android Studio.app/Contents/jre/jdk/Contents/Home/jre/lib/libjava.dylib
0x00000001075f7000 	/Applications/Android Studio.app/Contents/jre/jdk/Contents/Home/jre/lib/libzip.dylib
0x000000010f6da000 	/Applications/Android Studio.app/Contents/jre/jdk/Contents/Home/jre/lib/libmanagement.dylib
0x000000010f6e4000 	/Applications/Android Studio.app/Contents/jre/jdk/Contents/Home/jre/lib/libnio.dylib
0x000000010f6f4000 	/Applications/Android Studio.app/Contents/jre/jdk/Contents/Home/jre/lib/./libnet.dylib

VM Arguments:
jvm_args: -Djava.awt.headless=true -Djava.rmi.server.hostname=localhost -Xmx1536m -Dkotlin.environment.keepalive 
java_command: org.jetbrains.kotlin.daemon.KotlinCompileDaemon --daemon-runFilesPath /Users/zenochan/Library/Application Support/kotlin/daemon --daemon-autoshutdownIdleSeconds=7200 --daemon-compilerClasspath /Users/zenochan/.gradle/caches/modules-2/files-2.1/org.jetbrains.kotlin/kotlin-compiler-embeddable/1.2.0/17eefd45a8efe1fd7d537d3f8e981f6d76c5ae0e/kotlin-compiler-embeddable-1.2.0.jar:/Users/zenochan/.gradle/caches/modules-2/files-2.1/org.jetbrains.kotlin/kotlin-stdlib/1.2.0/25eb440d6eeb9fc60299121020fe726eb2100d03/kotlin-stdlib-1.2.0.jar:/Users/zenochan/.gradle/caches/modules-2/files-2.1/org.jetbrains.kotlin/kotlin-script-runtime/1.2.0/269ab8b6a2d55c23dbf2e317a1af2b4c7e8d54b6/kotlin-script-runtime-1.2.0.jar:/Users/zenochan/.gradle/caches/modules-2/files-2.1/org.jetbrains.kotlin/kotlin-reflect/1.2.0/4bbda3b5425aa38a9f6960468a29c5ef3e8a28c9/kotlin-reflect-1.2.0.jar:/Applications/Android Studio.app/Contents/jre/jdk/Contents/Home/lib/tools.jar
java_class_path (initial): /Users/zenochan/.gradle/caches/modules-2/files-2.1/org.jetbrains.kotlin/kotlin-compiler-embeddable/1.2.0/17eefd45a8efe1fd7d537d3f8e981f6d76c5ae0e/kotlin-compiler-embeddable-1.2.0.jar:/Users/zenochan/.gradle/caches/modules-2/files-2.1/org.jetbrains.kotlin/kotlin-stdlib/1.2.0/25eb440d6eeb9fc60299121020fe726eb2100d03/kotlin-stdlib-1.2.0.jar:/Users/zenochan/.gradle/caches/modules-2/files-2.1/org.jetbrains.kotlin/kotlin-script-runtime/1.2.0/269ab8b6a2d55c23dbf2e317a1af2b4c7e8d54b6/kotlin-script-runtime-1.2.0.jar:/Users/zenochan/.gradle/caches/modules-2/files-2.1/org.jetbrains.kotlin/kotlin-reflect/1.2.0/4bbda3b5425aa38a9f6960468a29c5ef3e8a28c9/kotlin-reflect-1.2.0.jar:/Applications/Android Studio.app/Contents/jre/jdk/Contents/Home/lib/tools.jar
Launcher Type: SUN_STANDARD

Environment Variables:
PATH=/usr/bin:/bin:/usr/sbin:/sbin
SHELL=/bin/bash
DISPLAY=/private/tmp/com.apple.launchd.xor9cR1wPf/org.macosforge.xquartz:0

Signal Handlers:
SIGSEGV: [libjvm.dylib+0x53e133], sa_mask[0]=11111111011111110111111111111111, sa_flags=SA_ONSTACK|SA_RESTART|SA_SIGINFO
SIGBUS: [libjvm.dylib+0x53e133], sa_mask[0]=11111111011111110111111111111111, sa_flags=SA_RESTART|SA_SIGINFO
SIGFPE: [libjvm.dylib+0x4369af], sa_mask[0]=11111111011111110111111111111111, sa_flags=SA_RESTART|SA_SIGINFO
SIGPIPE: [libjvm.dylib+0x4369af], sa_mask[0]=11111111011111110111111111111111, sa_flags=SA_RESTART|SA_SIGINFO
SIGXFSZ: [libjvm.dylib+0x4369af], sa_mask[0]=11111111011111110111111111111111, sa_flags=SA_RESTART|SA_SIGINFO
SIGILL: [libjvm.dylib+0x4369af], sa_mask[0]=11111111011111110111111111111111, sa_flags=SA_RESTART|SA_SIGINFO
SIGUSR1: SIG_DFL, sa_mask[0]=00000000000000000000000000000000, sa_flags=none
SIGUSR2: [libjvm.dylib+0x4372d4], sa_mask[0]=00100000000000000000000000000000, sa_flags=SA_RESTART|SA_SIGINFO
SIGHUP: [libjvm.dylib+0x4354c9], sa_mask[0]=11111111011111110111111111111111, sa_flags=SA_RESTART|SA_SIGINFO
SIGINT: [libjvm.dylib+0x4354c9], sa_mask[0]=11111111011111110111111111111111, sa_flags=SA_RESTART|SA_SIGINFO
SIGTERM: [libjvm.dylib+0x4354c9], sa_mask[0]=11111111011111110111111111111111, sa_flags=SA_RESTART|SA_SIGINFO
SIGQUIT: [libjvm.dylib+0x4354c9], sa_mask[0]=11111111011111110111111111111111, sa_flags=SA_RESTART|SA_SIGINFO


---------------  S Y S T E M  ---------------

OS:Bsduname:Darwin 17.2.0 Darwin Kernel Version 17.2.0: Fri Sep 29 18:27:05 PDT 2017; root:xnu-4570.20.62~3/RELEASE_X86_64 x86_64
rlimit: STACK 8192k, CORE 0k, NPROC 1418, NOFILE 10240, AS infinity
load average:3.54 2.77 2.71

CPU:total 8 (initial active 8) (4 cores per cpu, 2 threads per core) family 6 model 70 stepping 1, cmov, cx8, fxsr, mmx, sse, sse2, sse3, ssse3, sse4.1, sse4.2, popcnt, avx, avx2, aes, clmul, erms, lzcnt, ht, tsc, tscinvbit, bmi1, bmi2

Memory: 4k page, physical 16777216k(310092k free)

/proc/meminfo:


vm_info: OpenJDK 64-Bit Server VM (25.152-b08) for bsd-amd64 JRE (1.8.0_152-release-915-b08), built by "builder" with gcc 4.2.1 Compatible Apple LLVM 8.1.0 (clang-802.0.42)

time: Thu Dec  7 16:04:26 2017
elapsed time: 1446 seconds (0d 0h 24m 6s)

