#
# A fatal error has been detected by the Java Runtime Environment:
#
#  SIGSEGV (0xb) at pc=0x00007fff7567ff49, pid=32452, tid=0x0000000000006303
#
# JRE version: OpenJDK Runtime Environment (8.0_152-b08) (build 1.8.0_152-release-915-b08)
# Java VM: OpenJDK 64-Bit Server VM (25.152-b08 mixed mode bsd-amd64 compressed oops)
# Problematic frame:
# C  [libsystem_platform.dylib+0x4f49]  _platform_memmove$VARIANT$Haswell+0x29
#
# Failed to write core dump. Core dumps have been disabled. To enable core dumping, try "ulimit -c unlimited" before starting Java again
#
# If you would like to submit a bug report, please visit:
#   http://bugreport.java.com/bugreport/crash.jsp
# The crash happened outside the Java Virtual Machine in native code.
# See problematic frame for where to report the bug.
#

---------------  T H R E A D  ---------------

Current thread (0x00007fe6fb838800):  JavaThread "RMI TCP Connection(17)-127.0.0.1" daemon [_thread_in_native, id=25347, stack(0x000070000c5e3000,0x000070000c6e3000)]

siginfo: si_signo: 11 (SIGSEGV), si_code: 1 (SEGV_MAPERR), si_addr: 0x00000001167ef000

Registers:
RAX=0x00007fe6fc84fe00, RBX=0x000000000000b24b, RCX=0x000000000000aa3d, RDX=0x000000000000b24b
RSP=0x000070000c6de8b0, RBP=0x000070000c6de8b0, RSI=0x00000001167ef000, RDI=0x00007fe6fc85060e
R8 =0x00007fe6fcd89a00, R9 =0x0000000000008027, R10=0x00007fe6fc800000, R11=0x00007fe5e606160e
R12=0x000000000000027f, R13=0x00007fe6f95f6c30, R14=0x00000001167ee7c4, R15=0x00007fe6fc84fe00
RIP=0x00007fff7567ff49, EFLAGS=0x0000000000010206, ERR=0x0000000000000004
  TRAPNO=0x000000000000000e

Top of Stack: (sp=0x000070000c6de8b0)
0x000070000c6de8b0:   000070000c6de960 000000010cac6fa4
0x000070000c6de8c0:   000070000c6df0a0 0000000008080000
0x000070000c6de8d0:   0000000087767500 00007fe600000000
0x000070000c6de8e0:   00000001167ee7f2 000070000c6df0a0
0x000070000c6de8f0:   0000000000000000 000000010e091c7c
0x000070000c6de900:   00000001122f73f8 000000001ba667bc
0x000070000c6de910:   000000000000001b 000000020000007f
0x000070000c6de920:   000000010e418bf8 00007fe6fd87c110
0x000070000c6de930:   000000ee0c6de9e0 0000000000000008
0x000070000c6de940:   00007fe6fd87c250 00007fe6fd92c190
0x000070000c6de950:   0000000000000080 00000000497fa543
0x000070000c6de960:   000070000c6de9c0 000000010cac6c15
0x000070000c6de970:   00000007a19e2fb0 0000000000000037
0x000070000c6de980:   000070000c6de9e0 000000010c6dee38
0x000070000c6de990:   00007fe6fd87c110 0000000000000037
0x000070000c6de9a0:   000070000c6dee38 00007fe6fb8389e0
0x000070000c6de9b0:   000070000c6de9e0 00007fe6fd87c110
0x000070000c6de9c0:   000070000c6dee20 000000010cac548a
0x000070000c6de9d0:   000070000c6deb10 000000011b647958
0x000070000c6de9e0:   464e492d4154454d 656369767265732f
0x000070000c6de9f0:   2e786176616a2f73 697461746f6e6e61
0x000070000c6dea00:   65636f72702e6e6f 72502e676e697373
0x000070000c6dea10:   00726f737365636f 00007fe6fb838800
0x000070000c6dea20:   000070000c6dee40 000000011b794d44
0x000070000c6dea30:   00000007a19e9350 000000011223b900
0x000070000c6dea40:   000070000c6deaa0 000000011ab95ffd
0x000070000c6dea50:   000000011ab95ffd 00000007a19e9350
0x000070000c6dea60:   000070000c6dea60 0000000118f8f951
0x000070000c6dea70:   000070000c6deab0 0000000118f90088
0x000070000c6dea80:   0000000000000000 000000011ac9df99
0x000070000c6dea90:   0000000000000000 0000000000000000
0x000070000c6deaa0:   00000007a19ee460 00000007a19ee498 

Instructions: (pc=0x00007fff7567ff49)
0x00007fff7567ff29:   f3 48 89 f8 49 39 d3 72 1b 48 83 fa 60 76 2f 48
0x00007fff7567ff39:   81 fa 00 40 00 00 0f 82 cb 00 00 00 48 89 d1 fc
0x00007fff7567ff49:   f3 a4 5d c3 48 39 fe 74 f9 48 01 d6 48 01 d7 48
0x00007fff7567ff59:   83 fa 60 0f 82 8c 01 00 00 e9 a9 01 00 00 48 83 

Register to memory mapping:

RAX=0x00007fe6fc84fe00 is an unknown value
RBX=0x000000000000b24b is an unknown value
RCX=0x000000000000aa3d is an unknown value
RDX=0x000000000000b24b is an unknown value
RSP=0x000070000c6de8b0 is pointing into the stack for thread: 0x00007fe6fb838800
RBP=0x000070000c6de8b0 is pointing into the stack for thread: 0x00007fe6fb838800
RSI=0x00000001167ef000 is an unknown value
RDI=0x00007fe6fc85060e is an unknown value
R8 =0x00007fe6fcd89a00 is an unknown value
R9 =0x0000000000008027 is an unknown value
R10=0x00007fe6fc800000 is an unknown value
R11=0x00007fe5e606160e is an unknown value
R12=0x000000000000027f is an unknown value
R13=0x00007fe6f95f6c30 is an unknown value
R14=0x00000001167ee7c4 is an unknown value
R15=0x00007fe6fc84fe00 is an unknown value


Stack: [0x000070000c5e3000,0x000070000c6e3000],  sp=0x000070000c6de8b0,  free space=1006k
Native frames: (J=compiled Java code, j=interpreted, Vv=VM code, C=native code)
C  [libsystem_platform.dylib+0x4f49]  _platform_memmove$VARIANT$Haswell+0x29
C  [libzip.dylib+0x3fa4]  newEntry+0x2ae
C  [libzip.dylib+0x3c15]  ZIP_GetEntry2+0x116
C  [libzip.dylib+0x248a]  Java_java_util_zip_ZipFile_getEntry+0x98
J 108  java.util.zip.ZipFile.getEntry(J[BZ)J (0 bytes) @ 0x000000011acc5f4e [0x000000011acc5e80+0xce]
J 146 C1 java.util.zip.ZipFile.getEntry(Ljava/lang/String;)Ljava/util/zip/ZipEntry; (86 bytes) @ 0x000000011ace920c [0x000000011ace8fa0+0x26c]
J 204 C1 java.util.jar.JarFile.getEntry(Ljava/lang/String;)Ljava/util/zip/ZipEntry; (22 bytes) @ 0x000000011ad095e4 [0x000000011ad09560+0x84]
j  sun.net.www.protocol.jar.URLJarFile.getEntry(Ljava/lang/String;)Ljava/util/zip/ZipEntry;+2
j  sun.net.www.protocol.jar.JarURLConnection.connect()V+78
j  sun.net.www.protocol.jar.JarURLConnection.getInputStream()Ljava/io/InputStream;+1
j  java.net.URL.openStream()Ljava/io/InputStream;+4
j  java.util.ServiceLoader.parse(Ljava/lang/Class;Ljava/net/URL;)Ljava/util/Iterator;+15
j  java.util.ServiceLoader.access$200(Ljava/util/ServiceLoader;Ljava/lang/Class;Ljava/net/URL;)Ljava/util/Iterator;+3
j  java.util.ServiceLoader$LazyIterator.hasNextService()Z+140
j  java.util.ServiceLoader$LazyIterator.hasNext()Z+11
j  java.util.ServiceLoader$1.hasNext()Z+21
J 8387 C1 kotlin.collections.CollectionsKt___CollectionsKt.toCollection(Ljava/lang/Iterable;Ljava/util/Collection;)Ljava/util/Collection; (49 bytes) @ 0x000000011c4a441c [0x000000011c4a3f80+0x49c]
j  kotlin.collections.CollectionsKt___CollectionsKt.toMutableList(Ljava/lang/Iterable;)Ljava/util/List;+32
J 5065 C2 kotlin.collections.CollectionsKt___CollectionsKt.toList(Ljava/lang/Iterable;)Ljava/util/List; (107 bytes) @ 0x000000011bc14aac [0x000000011bc14880+0x22c]
j  org.jetbrains.kotlin.kapt3.ClasspathBasedKapt3Extension.loadProcessors()Ljava/util/List;+192
j  org.jetbrains.kotlin.kapt3.AbstractKapt3Extension.analysisCompleted(Lorg/jetbrains/kotlin/com/intellij/openapi/project/Project;Lorg/jetbrains/kotlin/descriptors/ModuleDescriptor;Lorg/jetbrains/kotlin/resolve/BindingTrace;Ljava/util/Collection;)Lorg/jetbrains/kotlin/analyzer/AnalysisResult;+104
j  org.jetbrains.kotlin.kapt3.ClasspathBasedKapt3Extension.analysisCompleted(Lorg/jetbrains/kotlin/com/intellij/openapi/project/Project;Lorg/jetbrains/kotlin/descriptors/ModuleDescriptor;Lorg/jetbrains/kotlin/resolve/BindingTrace;Ljava/util/Collection;)Lorg/jetbrains/kotlin/analyzer/AnalysisResult;+32
j  org.jetbrains.kotlin.cli.jvm.compiler.TopDownAnalyzerFacadeForJVM$analyzeFilesWithJavaIntegration$2.invoke()Lorg/jetbrains/kotlin/analyzer/AnalysisResult;+46
j  org.jetbrains.kotlin.cli.jvm.compiler.TopDownAnalyzerFacadeForJVM.analyzeFilesWithJavaIntegration(Lorg/jetbrains/kotlin/com/intellij/openapi/project/Project;Ljava/util/Collection;Lorg/jetbrains/kotlin/resolve/BindingTrace;Lorg/jetbrains/kotlin/config/CompilerConfiguration;Lkotlin/jvm/functions/Function1;Lkotlin/jvm/functions/Function2;Lorg/jetbrains/kotlin/com/intellij/psi/search/GlobalSearchScope;)Lorg/jetbrains/kotlin/analyzer/AnalysisResult;+179
j  org.jetbrains.kotlin.cli.jvm.compiler.TopDownAnalyzerFacadeForJVM.analyzeFilesWithJavaIntegration$default(Lorg/jetbrains/kotlin/com/intellij/openapi/project/Project;Ljava/util/Collection;Lorg/jetbrains/kotlin/resolve/BindingTrace;Lorg/jetbrains/kotlin/config/CompilerConfiguration;Lkotlin/jvm/functions/Function1;Lkotlin/jvm/functions/Function2;Lorg/jetbrains/kotlin/com/intellij/psi/search/GlobalSearchScope;ILjava/lang/Object;)Lorg/jetbrains/kotlin/analyzer/AnalysisResult;+44
j  org.jetbrains.kotlin.cli.jvm.compiler.KotlinToJVMBytecodeCompiler$analyze$1.invoke()Lorg/jetbrains/kotlin/analyzer/AnalysisResult;+254
j  org.jetbrains.kotlin.cli.jvm.compiler.KotlinToJVMBytecodeCompiler$analyze$1.invoke()Ljava/lang/Object;+1
j  org.jetbrains.kotlin.cli.common.messages.AnalyzerWithCompilerReport.analyzeAndReport(Ljava/util/Collection;Lkotlin/jvm/functions/Function0;)V+16
j  org.jetbrains.kotlin.cli.jvm.compiler.KotlinToJVMBytecodeCompiler.analyze(Lorg/jetbrains/kotlin/cli/jvm/compiler/KotlinCoreEnvironment;Ljava/lang/String;)Lorg/jetbrains/kotlin/analyzer/AnalysisResult;+49
j  org.jetbrains.kotlin.cli.jvm.compiler.KotlinToJVMBytecodeCompiler.compileModules(Lorg/jetbrains/kotlin/cli/jvm/compiler/KotlinCoreEnvironment;Ljava/io/File;)Z+215
j  org.jetbrains.kotlin.cli.jvm.K2JVMCompiler.doExecute(Lorg/jetbrains/kotlin/cli/common/arguments/K2JVMCompilerArguments;Lorg/jetbrains/kotlin/config/CompilerConfiguration;Lorg/jetbrains/kotlin/com/intellij/openapi/Disposable;Lorg/jetbrains/kotlin/utils/KotlinPaths;)Lorg/jetbrains/kotlin/cli/common/ExitCode;+724
j  org.jetbrains.kotlin.cli.jvm.K2JVMCompiler.doExecute(Lorg/jetbrains/kotlin/cli/common/arguments/CommonCompilerArguments;Lorg/jetbrains/kotlin/config/CompilerConfiguration;Lorg/jetbrains/kotlin/com/intellij/openapi/Disposable;Lorg/jetbrains/kotlin/utils/KotlinPaths;)Lorg/jetbrains/kotlin/cli/common/ExitCode;+9
j  org.jetbrains.kotlin.cli.common.CLICompiler.execImpl(Lorg/jetbrains/kotlin/cli/common/messages/MessageCollector;Lorg/jetbrains/kotlin/config/Services;Lorg/jetbrains/kotlin/cli/common/arguments/CommonCompilerArguments;)Lorg/jetbrains/kotlin/cli/common/ExitCode;+162
j  org.jetbrains.kotlin.cli.common.CLICompiler.execImpl(Lorg/jetbrains/kotlin/cli/common/messages/MessageCollector;Lorg/jetbrains/kotlin/config/Services;Lorg/jetbrains/kotlin/cli/common/arguments/CommonToolArguments;)Lorg/jetbrains/kotlin/cli/common/ExitCode;+7
j  org.jetbrains.kotlin.cli.common.CLITool.exec(Lorg/jetbrains/kotlin/cli/common/messages/MessageCollector;Lorg/jetbrains/kotlin/config/Services;Lorg/jetbrains/kotlin/cli/common/arguments/CommonToolArguments;)Lorg/jetbrains/kotlin/cli/common/ExitCode;+76
j  org.jetbrains.kotlin.incremental.IncrementalJvmCompilerRunner.runCompiler(Ljava/util/Set;Lorg/jetbrains/kotlin/cli/common/arguments/K2JVMCompilerArguments;Lorg/jetbrains/kotlin/incremental/IncrementalJvmCachesManager;Lorg/jetbrains/kotlin/config/Services;Lorg/jetbrains/kotlin/cli/common/messages/MessageCollector;)Lorg/jetbrains/kotlin/cli/common/ExitCode;+172
j  org.jetbrains.kotlin.incremental.IncrementalJvmCompilerRunner.runCompiler(Ljava/util/Set;Lorg/jetbrains/kotlin/cli/common/arguments/CommonCompilerArguments;Lorg/jetbrains/kotlin/incremental/IncrementalCachesManager;Lorg/jetbrains/kotlin/config/Services;Lorg/jetbrains/kotlin/cli/common/messages/MessageCollector;)Lorg/jetbrains/kotlin/cli/common/ExitCode;+14
j  org.jetbrains.kotlin.incremental.IncrementalCompilerRunner.compileIncrementally(Lorg/jetbrains/kotlin/cli/common/arguments/CommonCompilerArguments;Lorg/jetbrains/kotlin/incremental/IncrementalCachesManager;Ljava/util/List;Lorg/jetbrains/kotlin/incremental/IncrementalCompilerRunner$CompilationMode;Lorg/jetbrains/kotlin/cli/common/messages/MessageCollector;)Lorg/jetbrains/kotlin/cli/common/ExitCode;+422
j  org.jetbrains.kotlin.incremental.IncrementalCompilerRunner.access$compileIncrementally(Lorg/jetbrains/kotlin/incremental/IncrementalCompilerRunner;Lorg/jetbrains/kotlin/cli/common/arguments/CommonCompilerArguments;Lorg/jetbrains/kotlin/incremental/IncrementalCachesManager;Ljava/util/List;Lorg/jetbrains/kotlin/incremental/IncrementalCompilerRunner$CompilationMode;Lorg/jetbrains/kotlin/cli/common/messages/MessageCollector;)Lorg/jetbrains/kotlin/cli/common/ExitCode;+8
j  org.jetbrains.kotlin.incremental.IncrementalCompilerRunner$compile$2.invoke()Lorg/jetbrains/kotlin/cli/common/ExitCode;+123
j  org.jetbrains.kotlin.incremental.IncrementalCompilerRunner.compile(Ljava/util/List;Lorg/jetbrains/kotlin/cli/common/arguments/CommonCompilerArguments;Lorg/jetbrains/kotlin/cli/common/messages/MessageCollector;Lkotlin/jvm/functions/Function1;)Lorg/jetbrains/kotlin/cli/common/ExitCode;+194
j  org.jetbrains.kotlin.daemon.CompileServiceImpl.execIncrementalCompiler(Lorg/jetbrains/kotlin/cli/common/arguments/K2JVMCompilerArguments;Lorg/jetbrains/kotlin/daemon/common/IncrementalCompilationOptions;Lorg/jetbrains/kotlin/daemon/common/IncrementalCompilerServicesFacade;Lorg/jetbrains/kotlin/daemon/common/CompilationResults;Lorg/jetbrains/kotlin/cli/common/messages/MessageCollector;Lorg/jetbrains/kotlin/daemon/report/DaemonMessageReporter;)Lorg/jetbrains/kotlin/cli/common/ExitCode;+980
j  org.jetbrains.kotlin.daemon.CompileServiceImpl.access$execIncrementalCompiler(Lorg/jetbrains/kotlin/daemon/CompileServiceImpl;Lorg/jetbrains/kotlin/cli/common/arguments/K2JVMCompilerArguments;Lorg/jetbrains/kotlin/daemon/common/IncrementalCompilationOptions;Lorg/jetbrains/kotlin/daemon/common/IncrementalCompilerServicesFacade;Lorg/jetbrains/kotlin/daemon/common/CompilationResults;Lorg/jetbrains/kotlin/cli/common/messages/MessageCollector;Lorg/jetbrains/kotlin/daemon/report/DaemonMessageReporter;)Lorg/jetbrains/kotlin/cli/common/ExitCode;+10
j  org.jetbrains.kotlin.daemon.CompileServiceImpl$compile$$inlined$ifAlive$lambda$2.invoke(Lorg/jetbrains/kotlin/daemon/EventManager;Lorg/jetbrains/kotlin/daemon/common/Profiler;)Lorg/jetbrains/kotlin/cli/common/ExitCode;+50
j  org.jetbrains.kotlin.daemon.CompileServiceImpl$compile$$inlined$ifAlive$lambda$2.invoke(Ljava/lang/Object;Ljava/lang/Object;)Ljava/lang/Object;+9
j  org.jetbrains.kotlin.daemon.CompileServiceImpl$doCompile$$inlined$ifAlive$lambda$2.invoke()I+12
j  org.jetbrains.kotlin.daemon.CompileServiceImpl$doCompile$$inlined$ifAlive$lambda$2.invoke()Ljava/lang/Object;+1
j  org.jetbrains.kotlin.daemon.common.DummyProfiler.withMeasure(Ljava/lang/Object;Lkotlin/jvm/functions/Function0;)Ljava/lang/Object;+7
j  org.jetbrains.kotlin.daemon.CompileServiceImpl.checkedCompile(Lorg/jetbrains/kotlin/daemon/report/DaemonMessageReporter;Lorg/jetbrains/kotlin/daemon/common/Profiler;Lkotlin/jvm/functions/Function0;)Ljava/lang/Object;+41
j  org.jetbrains.kotlin.daemon.CompileServiceImpl.doCompile(ILorg/jetbrains/kotlin/daemon/report/DaemonMessageReporter;Lorg/jetbrains/kotlin/daemon/common/RemoteOperationsTracer;Lkotlin/jvm/functions/Function2;)Lorg/jetbrains/kotlin/daemon/common/CompileService$CallResult;+300
j  org.jetbrains.kotlin.daemon.CompileServiceImpl.compile(I[Ljava/lang/String;Lorg/jetbrains/kotlin/daemon/common/CompilationOptions;Lorg/jetbrains/kotlin/daemon/common/CompilerServicesFacadeBase;Lorg/jetbrains/kotlin/daemon/common/CompilationResults;)Lorg/jetbrains/kotlin/daemon/common/CompileService$CallResult;+655
v  ~StubRoutines::call_stub
V  [libjvm.dylib+0x2bf2fd]
V  [libjvm.dylib+0x47d8f7]
V  [libjvm.dylib+0x47e357]
V  [libjvm.dylib+0x3063cd]
J 1504  sun.reflect.NativeMethodAccessorImpl.invoke0(Ljava/lang/reflect/Method;Ljava/lang/Object;[Ljava/lang/Object;)Ljava/lang/Object; (0 bytes) @ 0x000000011affc2ad [0x000000011affc1c0+0xed]
J 1503 C1 sun.reflect.NativeMethodAccessorImpl.invoke(Ljava/lang/Object;[Ljava/lang/Object;)Ljava/lang/Object; (104 bytes) @ 0x000000011b00099c [0x000000011afff7c0+0x11dc]
J 5297 C2 java.lang.reflect.Method.invoke(Ljava/lang/Object;[Ljava/lang/Object;)Ljava/lang/Object; (62 bytes) @ 0x000000011bcf8390 [0x000000011bcf8300+0x90]
j  sun.rmi.server.UnicastServerRef.dispatch(Ljava/rmi/Remote;Ljava/rmi/server/RemoteCall;)V+209
j  sun.rmi.transport.Transport$1.run()Ljava/lang/Void;+23
j  sun.rmi.transport.Transport$1.run()Ljava/lang/Object;+1
v  ~StubRoutines::call_stub
V  [libjvm.dylib+0x2bf2fd]
V  [libjvm.dylib+0x2fca92]
J 179  java.security.AccessController.doPrivileged(Ljava/security/PrivilegedExceptionAction;Ljava/security/AccessControlContext;)Ljava/lang/Object; (0 bytes) @ 0x000000011acfe895 [0x000000011acfe7c0+0xd5]
j  sun.rmi.transport.Transport.serviceCall(Ljava/rmi/server/RemoteCall;)Z+157
j  sun.rmi.transport.tcp.TCPTransport.handleMessages(Lsun/rmi/transport/Connection;Z)V+185
j  sun.rmi.transport.tcp.TCPTransport$ConnectionHandler.run0()V+680
j  sun.rmi.transport.tcp.TCPTransport$ConnectionHandler.lambda$run$0()Ljava/lang/Void;+1
j  sun.rmi.transport.tcp.TCPTransport$ConnectionHandler$$Lambda$5.run()Ljava/lang/Object;+4
v  ~StubRoutines::call_stub
V  [libjvm.dylib+0x2bf2fd]
V  [libjvm.dylib+0x2fca92]
J 6391  java.security.AccessController.doPrivileged(Ljava/security/PrivilegedAction;Ljava/security/AccessControlContext;)Ljava/lang/Object; (0 bytes) @ 0x000000011b1f1495 [0x000000011b1f13c0+0xd5]
j  sun.rmi.transport.tcp.TCPTransport$ConnectionHandler.run()V+58
j  java.util.concurrent.ThreadPoolExecutor.runWorker(Ljava/util/concurrent/ThreadPoolExecutor$Worker;)V+95
j  java.util.concurrent.ThreadPoolExecutor$Worker.run()V+5
j  java.lang.Thread.run()V+11
v  ~StubRoutines::call_stub
V  [libjvm.dylib+0x2bf2fd]
V  [libjvm.dylib+0x2be432]
V  [libjvm.dylib+0x2be571]
V  [libjvm.dylib+0x303066]
V  [libjvm.dylib+0x504ac0]
V  [libjvm.dylib+0x504985]
V  [libjvm.dylib+0x4345d9]
C  [libsystem_pthread.dylib+0x36c1]  _pthread_body+0x154
C  [libsystem_pthread.dylib+0x356d]  _pthread_body+0x0
C  [libsystem_pthread.dylib+0x2c5d]  thread_start+0xd
C  0x0000000000000000

Java frames: (J=compiled Java code, j=interpreted, Vv=VM code)
J 108  java.util.zip.ZipFile.getEntry(J[BZ)J (0 bytes) @ 0x000000011acc5ed8 [0x000000011acc5e80+0x58]
J 146 C1 java.util.zip.ZipFile.getEntry(Ljava/lang/String;)Ljava/util/zip/ZipEntry; (86 bytes) @ 0x000000011ace920c [0x000000011ace8fa0+0x26c]
J 204 C1 java.util.jar.JarFile.getEntry(Ljava/lang/String;)Ljava/util/zip/ZipEntry; (22 bytes) @ 0x000000011ad095e4 [0x000000011ad09560+0x84]
j  sun.net.www.protocol.jar.URLJarFile.getEntry(Ljava/lang/String;)Ljava/util/zip/ZipEntry;+2
j  sun.net.www.protocol.jar.JarURLConnection.connect()V+78
j  sun.net.www.protocol.jar.JarURLConnection.getInputStream()Ljava/io/InputStream;+1
j  java.net.URL.openStream()Ljava/io/InputStream;+4
j  java.util.ServiceLoader.parse(Ljava/lang/Class;Ljava/net/URL;)Ljava/util/Iterator;+15
j  java.util.ServiceLoader.access$200(Ljava/util/ServiceLoader;Ljava/lang/Class;Ljava/net/URL;)Ljava/util/Iterator;+3
j  java.util.ServiceLoader$LazyIterator.hasNextService()Z+140
j  java.util.ServiceLoader$LazyIterator.hasNext()Z+11
j  java.util.ServiceLoader$1.hasNext()Z+21
J 8387 C1 kotlin.collections.CollectionsKt___CollectionsKt.toCollection(Ljava/lang/Iterable;Ljava/util/Collection;)Ljava/util/Collection; (49 bytes) @ 0x000000011c4a441c [0x000000011c4a3f80+0x49c]
j  kotlin.collections.CollectionsKt___CollectionsKt.toMutableList(Ljava/lang/Iterable;)Ljava/util/List;+32
J 5065 C2 kotlin.collections.CollectionsKt___CollectionsKt.toList(Ljava/lang/Iterable;)Ljava/util/List; (107 bytes) @ 0x000000011bc14aac [0x000000011bc14880+0x22c]
j  org.jetbrains.kotlin.kapt3.ClasspathBasedKapt3Extension.loadProcessors()Ljava/util/List;+192
j  org.jetbrains.kotlin.kapt3.AbstractKapt3Extension.analysisCompleted(Lorg/jetbrains/kotlin/com/intellij/openapi/project/Project;Lorg/jetbrains/kotlin/descriptors/ModuleDescriptor;Lorg/jetbrains/kotlin/resolve/BindingTrace;Ljava/util/Collection;)Lorg/jetbrains/kotlin/analyzer/AnalysisResult;+104
j  org.jetbrains.kotlin.kapt3.ClasspathBasedKapt3Extension.analysisCompleted(Lorg/jetbrains/kotlin/com/intellij/openapi/project/Project;Lorg/jetbrains/kotlin/descriptors/ModuleDescriptor;Lorg/jetbrains/kotlin/resolve/BindingTrace;Ljava/util/Collection;)Lorg/jetbrains/kotlin/analyzer/AnalysisResult;+32
j  org.jetbrains.kotlin.cli.jvm.compiler.TopDownAnalyzerFacadeForJVM$analyzeFilesWithJavaIntegration$2.invoke()Lorg/jetbrains/kotlin/analyzer/AnalysisResult;+46
j  org.jetbrains.kotlin.cli.jvm.compiler.TopDownAnalyzerFacadeForJVM.analyzeFilesWithJavaIntegration(Lorg/jetbrains/kotlin/com/intellij/openapi/project/Project;Ljava/util/Collection;Lorg/jetbrains/kotlin/resolve/BindingTrace;Lorg/jetbrains/kotlin/config/CompilerConfiguration;Lkotlin/jvm/functions/Function1;Lkotlin/jvm/functions/Function2;Lorg/jetbrains/kotlin/com/intellij/psi/search/GlobalSearchScope;)Lorg/jetbrains/kotlin/analyzer/AnalysisResult;+179
j  org.jetbrains.kotlin.cli.jvm.compiler.TopDownAnalyzerFacadeForJVM.analyzeFilesWithJavaIntegration$default(Lorg/jetbrains/kotlin/com/intellij/openapi/project/Project;Ljava/util/Collection;Lorg/jetbrains/kotlin/resolve/BindingTrace;Lorg/jetbrains/kotlin/config/CompilerConfiguration;Lkotlin/jvm/functions/Function1;Lkotlin/jvm/functions/Function2;Lorg/jetbrains/kotlin/com/intellij/psi/search/GlobalSearchScope;ILjava/lang/Object;)Lorg/jetbrains/kotlin/analyzer/AnalysisResult;+44
j  org.jetbrains.kotlin.cli.jvm.compiler.KotlinToJVMBytecodeCompiler$analyze$1.invoke()Lorg/jetbrains/kotlin/analyzer/AnalysisResult;+254
j  org.jetbrains.kotlin.cli.jvm.compiler.KotlinToJVMBytecodeCompiler$analyze$1.invoke()Ljava/lang/Object;+1
j  org.jetbrains.kotlin.cli.common.messages.AnalyzerWithCompilerReport.analyzeAndReport(Ljava/util/Collection;Lkotlin/jvm/functions/Function0;)V+16
j  org.jetbrains.kotlin.cli.jvm.compiler.KotlinToJVMBytecodeCompiler.analyze(Lorg/jetbrains/kotlin/cli/jvm/compiler/KotlinCoreEnvironment;Ljava/lang/String;)Lorg/jetbrains/kotlin/analyzer/AnalysisResult;+49
j  org.jetbrains.kotlin.cli.jvm.compiler.KotlinToJVMBytecodeCompiler.compileModules(Lorg/jetbrains/kotlin/cli/jvm/compiler/KotlinCoreEnvironment;Ljava/io/File;)Z+215
j  org.jetbrains.kotlin.cli.jvm.K2JVMCompiler.doExecute(Lorg/jetbrains/kotlin/cli/common/arguments/K2JVMCompilerArguments;Lorg/jetbrains/kotlin/config/CompilerConfiguration;Lorg/jetbrains/kotlin/com/intellij/openapi/Disposable;Lorg/jetbrains/kotlin/utils/KotlinPaths;)Lorg/jetbrains/kotlin/cli/common/ExitCode;+724
j  org.jetbrains.kotlin.cli.jvm.K2JVMCompiler.doExecute(Lorg/jetbrains/kotlin/cli/common/arguments/CommonCompilerArguments;Lorg/jetbrains/kotlin/config/CompilerConfiguration;Lorg/jetbrains/kotlin/com/intellij/openapi/Disposable;Lorg/jetbrains/kotlin/utils/KotlinPaths;)Lorg/jetbrains/kotlin/cli/common/ExitCode;+9
j  org.jetbrains.kotlin.cli.common.CLICompiler.execImpl(Lorg/jetbrains/kotlin/cli/common/messages/MessageCollector;Lorg/jetbrains/kotlin/config/Services;Lorg/jetbrains/kotlin/cli/common/arguments/CommonCompilerArguments;)Lorg/jetbrains/kotlin/cli/common/ExitCode;+162
j  org.jetbrains.kotlin.cli.common.CLICompiler.execImpl(Lorg/jetbrains/kotlin/cli/common/messages/MessageCollector;Lorg/jetbrains/kotlin/config/Services;Lorg/jetbrains/kotlin/cli/common/arguments/CommonToolArguments;)Lorg/jetbrains/kotlin/cli/common/ExitCode;+7
j  org.jetbrains.kotlin.cli.common.CLITool.exec(Lorg/jetbrains/kotlin/cli/common/messages/MessageCollector;Lorg/jetbrains/kotlin/config/Services;Lorg/jetbrains/kotlin/cli/common/arguments/CommonToolArguments;)Lorg/jetbrains/kotlin/cli/common/ExitCode;+76
j  org.jetbrains.kotlin.incremental.IncrementalJvmCompilerRunner.runCompiler(Ljava/util/Set;Lorg/jetbrains/kotlin/cli/common/arguments/K2JVMCompilerArguments;Lorg/jetbrains/kotlin/incremental/IncrementalJvmCachesManager;Lorg/jetbrains/kotlin/config/Services;Lorg/jetbrains/kotlin/cli/common/messages/MessageCollector;)Lorg/jetbrains/kotlin/cli/common/ExitCode;+172
j  org.jetbrains.kotlin.incremental.IncrementalJvmCompilerRunner.runCompiler(Ljava/util/Set;Lorg/jetbrains/kotlin/cli/common/arguments/CommonCompilerArguments;Lorg/jetbrains/kotlin/incremental/IncrementalCachesManager;Lorg/jetbrains/kotlin/config/Services;Lorg/jetbrains/kotlin/cli/common/messages/MessageCollector;)Lorg/jetbrains/kotlin/cli/common/ExitCode;+14
j  org.jetbrains.kotlin.incremental.IncrementalCompilerRunner.compileIncrementally(Lorg/jetbrains/kotlin/cli/common/arguments/CommonCompilerArguments;Lorg/jetbrains/kotlin/incremental/IncrementalCachesManager;Ljava/util/List;Lorg/jetbrains/kotlin/incremental/IncrementalCompilerRunner$CompilationMode;Lorg/jetbrains/kotlin/cli/common/messages/MessageCollector;)Lorg/jetbrains/kotlin/cli/common/ExitCode;+422
j  org.jetbrains.kotlin.incremental.IncrementalCompilerRunner.access$compileIncrementally(Lorg/jetbrains/kotlin/incremental/IncrementalCompilerRunner;Lorg/jetbrains/kotlin/cli/common/arguments/CommonCompilerArguments;Lorg/jetbrains/kotlin/incremental/IncrementalCachesManager;Ljava/util/List;Lorg/jetbrains/kotlin/incremental/IncrementalCompilerRunner$CompilationMode;Lorg/jetbrains/kotlin/cli/common/messages/MessageCollector;)Lorg/jetbrains/kotlin/cli/common/ExitCode;+8
j  org.jetbrains.kotlin.incremental.IncrementalCompilerRunner$compile$2.invoke()Lorg/jetbrains/kotlin/cli/common/ExitCode;+123
j  org.jetbrains.kotlin.incremental.IncrementalCompilerRunner.compile(Ljava/util/List;Lorg/jetbrains/kotlin/cli/common/arguments/CommonCompilerArguments;Lorg/jetbrains/kotlin/cli/common/messages/MessageCollector;Lkotlin/jvm/functions/Function1;)Lorg/jetbrains/kotlin/cli/common/ExitCode;+194
j  org.jetbrains.kotlin.daemon.CompileServiceImpl.execIncrementalCompiler(Lorg/jetbrains/kotlin/cli/common/arguments/K2JVMCompilerArguments;Lorg/jetbrains/kotlin/daemon/common/IncrementalCompilationOptions;Lorg/jetbrains/kotlin/daemon/common/IncrementalCompilerServicesFacade;Lorg/jetbrains/kotlin/daemon/common/CompilationResults;Lorg/jetbrains/kotlin/cli/common/messages/MessageCollector;Lorg/jetbrains/kotlin/daemon/report/DaemonMessageReporter;)Lorg/jetbrains/kotlin/cli/common/ExitCode;+980
j  org.jetbrains.kotlin.daemon.CompileServiceImpl.access$execIncrementalCompiler(Lorg/jetbrains/kotlin/daemon/CompileServiceImpl;Lorg/jetbrains/kotlin/cli/common/arguments/K2JVMCompilerArguments;Lorg/jetbrains/kotlin/daemon/common/IncrementalCompilationOptions;Lorg/jetbrains/kotlin/daemon/common/IncrementalCompilerServicesFacade;Lorg/jetbrains/kotlin/daemon/common/CompilationResults;Lorg/jetbrains/kotlin/cli/common/messages/MessageCollector;Lorg/jetbrains/kotlin/daemon/report/DaemonMessageReporter;)Lorg/jetbrains/kotlin/cli/common/ExitCode;+10
j  org.jetbrains.kotlin.daemon.CompileServiceImpl$compile$$inlined$ifAlive$lambda$2.invoke(Lorg/jetbrains/kotlin/daemon/EventManager;Lorg/jetbrains/kotlin/daemon/common/Profiler;)Lorg/jetbrains/kotlin/cli/common/ExitCode;+50
j  org.jetbrains.kotlin.daemon.CompileServiceImpl$compile$$inlined$ifAlive$lambda$2.invoke(Ljava/lang/Object;Ljava/lang/Object;)Ljava/lang/Object;+9
j  org.jetbrains.kotlin.daemon.CompileServiceImpl$doCompile$$inlined$ifAlive$lambda$2.invoke()I+12
j  org.jetbrains.kotlin.daemon.CompileServiceImpl$doCompile$$inlined$ifAlive$lambda$2.invoke()Ljava/lang/Object;+1
j  org.jetbrains.kotlin.daemon.common.DummyProfiler.withMeasure(Ljava/lang/Object;Lkotlin/jvm/functions/Function0;)Ljava/lang/Object;+7
j  org.jetbrains.kotlin.daemon.CompileServiceImpl.checkedCompile(Lorg/jetbrains/kotlin/daemon/report/DaemonMessageReporter;Lorg/jetbrains/kotlin/daemon/common/Profiler;Lkotlin/jvm/functions/Function0;)Ljava/lang/Object;+41
j  org.jetbrains.kotlin.daemon.CompileServiceImpl.doCompile(ILorg/jetbrains/kotlin/daemon/report/DaemonMessageReporter;Lorg/jetbrains/kotlin/daemon/common/RemoteOperationsTracer;Lkotlin/jvm/functions/Function2;)Lorg/jetbrains/kotlin/daemon/common/CompileService$CallResult;+300
j  org.jetbrains.kotlin.daemon.CompileServiceImpl.compile(I[Ljava/lang/String;Lorg/jetbrains/kotlin/daemon/common/CompilationOptions;Lorg/jetbrains/kotlin/daemon/common/CompilerServicesFacadeBase;Lorg/jetbrains/kotlin/daemon/common/CompilationResults;)Lorg/jetbrains/kotlin/daemon/common/CompileService$CallResult;+655
v  ~StubRoutines::call_stub
J 1504  sun.reflect.NativeMethodAccessorImpl.invoke0(Ljava/lang/reflect/Method;Ljava/lang/Object;[Ljava/lang/Object;)Ljava/lang/Object; (0 bytes) @ 0x000000011affc237 [0x000000011affc1c0+0x77]
J 1503 C1 sun.reflect.NativeMethodAccessorImpl.invoke(Ljava/lang/Object;[Ljava/lang/Object;)Ljava/lang/Object; (104 bytes) @ 0x000000011b00099c [0x000000011afff7c0+0x11dc]
J 5297 C2 java.lang.reflect.Method.invoke(Ljava/lang/Object;[Ljava/lang/Object;)Ljava/lang/Object; (62 bytes) @ 0x000000011bcf8390 [0x000000011bcf8300+0x90]
j  sun.rmi.server.UnicastServerRef.dispatch(Ljava/rmi/Remote;Ljava/rmi/server/RemoteCall;)V+209
j  sun.rmi.transport.Transport$1.run()Ljava/lang/Void;+23
j  sun.rmi.transport.Transport$1.run()Ljava/lang/Object;+1
v  ~StubRoutines::call_stub
J 179  java.security.AccessController.doPrivileged(Ljava/security/PrivilegedExceptionAction;Ljava/security/AccessControlContext;)Ljava/lang/Object; (0 bytes) @ 0x000000011acfe823 [0x000000011acfe7c0+0x63]
j  sun.rmi.transport.Transport.serviceCall(Ljava/rmi/server/RemoteCall;)Z+157
j  sun.rmi.transport.tcp.TCPTransport.handleMessages(Lsun/rmi/transport/Connection;Z)V+185
j  sun.rmi.transport.tcp.TCPTransport$ConnectionHandler.run0()V+680
j  sun.rmi.transport.tcp.TCPTransport$ConnectionHandler.lambda$run$0()Ljava/lang/Void;+1
j  sun.rmi.transport.tcp.TCPTransport$ConnectionHandler$$Lambda$5.run()Ljava/lang/Object;+4
v  ~StubRoutines::call_stub
J 6391  java.security.AccessController.doPrivileged(Ljava/security/PrivilegedAction;Ljava/security/AccessControlContext;)Ljava/lang/Object; (0 bytes) @ 0x000000011b1f1423 [0x000000011b1f13c0+0x63]
j  sun.rmi.transport.tcp.TCPTransport$ConnectionHandler.run()V+58
j  java.util.concurrent.ThreadPoolExecutor.runWorker(Ljava/util/concurrent/ThreadPoolExecutor$Worker;)V+95
j  java.util.concurrent.ThreadPoolExecutor$Worker.run()V+5
j  java.lang.Thread.run()V+11
v  ~StubRoutines::call_stub

---------------  P R O C E S S  ---------------

Java Threads: ( => current thread )
  0x00007fe6fe20e000 JavaThread "RMI RenewClean-[localhost:55429,org.jetbrains.kotlin.daemon.common.LoopbackNetworkInterface$ClientLoopbackSocketFactory@1f2aa398]" daemon [_thread_blocked, id=30467, stack(0x000070000d104000,0x000070000d204000)]
  0x00007fe6fb39e000 JavaThread "RMI TCP Connection(16)-127.0.0.1" daemon [_thread_in_native, id=28419, stack(0x000070000ccf8000,0x000070000cdf8000)]
  0x00007fe6fb88a800 JavaThread "RMI TCP Connection(13)-127.0.0.1" daemon [_thread_in_native, id=4359, stack(0x000070000caf2000,0x000070000cbf2000)]
  0x00007fe6fa397000 JavaThread "RMI RenewClean-[localhost:55429,org.jetbrains.kotlin.daemon.common.LoopbackNetworkInterface$ClientLoopbackSocketFactory@3a667c66]" daemon [_thread_blocked, id=27395, stack(0x000070000c9ef000,0x000070000caef000)]
  0x00007fe6faa8e000 JavaThread "RMI TCP Connection(15)-127.0.0.1" daemon [_thread_in_native, id=26883, stack(0x000070000c8ec000,0x000070000c9ec000)]
  0x00007fe6fc83a000 JavaThread "RMI RenewClean-[localhost:55429,org.jetbrains.kotlin.daemon.common.LoopbackNetworkInterface$ClientLoopbackSocketFactory@2beaaf74]" daemon [_thread_blocked, id=26371, stack(0x000070000c7e9000,0x000070000c8e9000)]
  0x00007fe6fc8bb000 JavaThread "RMI TCP Connection(idle)" daemon [_thread_blocked, id=22791, stack(0x000070000c0d4000,0x000070000c1d4000)]
  0x00007fe6f794a800 JavaThread "RMI RenewClean-[localhost:55429,org.jetbrains.kotlin.daemon.common.LoopbackNetworkInterface$ClientLoopbackSocketFactory@43cc50c8]" daemon [_thread_blocked, id=25859, stack(0x000070000c6e6000,0x000070000c7e6000)]
=>0x00007fe6fb838800 JavaThread "RMI TCP Connection(17)-127.0.0.1" daemon [_thread_in_native, id=25347, stack(0x000070000c5e3000,0x000070000c6e3000)]
  0x00007fe6fb00c000 JavaThread "RMI Scheduler(0)" daemon [_thread_blocked, id=24835, stack(0x000070000c4e0000,0x000070000c5e0000)]
  0x00007fe6fb82a800 JavaThread "RMI TCP Connection(14)-127.0.0.1" daemon [_thread_in_native, id=24323, stack(0x000070000c3dd000,0x000070000c4dd000)]
  0x00007fe6fa186000 JavaThread "DestroyJavaVM" [_thread_blocked, id=6659, stack(0x000070000ab95000,0x000070000ac95000)]
  0x00007fe6f9860000 JavaThread "GC Daemon" daemon [_thread_blocked, id=23811, stack(0x000070000c2da000,0x000070000c3da000)]
  0x00007fe6fa1a8000 JavaThread "RMI Reaper" [_thread_blocked, id=23299, stack(0x000070000c1d7000,0x000070000c2d7000)]
  0x00007fe6f78f1000 JavaThread "Timer-0" daemon [_thread_blocked, id=22275, stack(0x000070000bfd1000,0x000070000c0d1000)]
  0x00007fe6f78f0000 JavaThread "RMI TCP Accept-17988" daemon [_thread_in_native, id=21763, stack(0x000070000bece000,0x000070000bfce000)]
  0x00007fe6fa01a800 JavaThread "Service Thread" daemon [_thread_blocked, id=20739, stack(0x000070000bcc8000,0x000070000bdc8000)]
  0x00007fe6f8049000 JavaThread "C1 CompilerThread3" daemon [_thread_blocked, id=20227, stack(0x000070000bbc5000,0x000070000bcc5000)]
  0x00007fe6f9803000 JavaThread "C2 CompilerThread2" daemon [_thread_in_native, id=19715, stack(0x000070000bac2000,0x000070000bbc2000)]
  0x00007fe6f8048000 JavaThread "C2 CompilerThread1" daemon [_thread_in_native, id=19203, stack(0x000070000b9bf000,0x000070000babf000)]
  0x00007fe6f7817800 JavaThread "C2 CompilerThread0" daemon [_thread_in_native, id=18691, stack(0x000070000b8bc000,0x000070000b9bc000)]
  0x00007fe6f7817000 JavaThread "Signal Dispatcher" daemon [_thread_blocked, id=18187, stack(0x000070000b7b9000,0x000070000b8b9000)]
  0x00007fe6f780d000 JavaThread "Finalizer" daemon [_thread_blocked, id=14851, stack(0x000070000b6b6000,0x000070000b7b6000)]
  0x00007fe6fa00c000 JavaThread "Reference Handler" daemon [_thread_blocked, id=14339, stack(0x000070000b5b3000,0x000070000b6b3000)]

Other Threads:
  0x00007fe6fa007800 VMThread [stack: 0x000070000b4b0000,0x000070000b5b0000] [id=13827]
  0x00007fe6fa017000 WatcherThread [stack: 0x000070000bdcb000,0x000070000becb000] [id=21251]

VM state:not at safepoint (normal execution)

VM Mutex/Monitor currently owned by a thread: None

Heap:
 PSYoungGen      total 371712K, used 52196K [0x00000007a0000000, 0x00000007c0000000, 0x00000007c0000000)
  eden space 309760K, 8% used [0x00000007a0000000,0x00000007a1b25af8,0x00000007b2e80000)
  from space 61952K, 39% used [0x00000007b2e80000,0x00000007b4653660,0x00000007b6b00000)
  to   space 58880K, 0% used [0x00000007bc680000,0x00000007bc680000,0x00000007c0000000)
 ParOldGen       total 164352K, used 91620K [0x0000000760000000, 0x000000076a080000, 0x00000007a0000000)
  object space 164352K, 55% used [0x0000000760000000,0x00000007659791a8,0x000000076a080000)
 Metaspace       used 56095K, capacity 57386K, committed 57600K, reserved 1099776K
  class space    used 6828K, capacity 7162K, committed 7168K, reserved 1048576K

Card table byte_map: [0x000000010ea26000,0x000000010ed27000] byte_map_base: 0x000000010af26000

Marking Bits: (ParMarkBitMap*) 0x000000010e3f7128
 Begin Bits: [0x000000010ef27000, 0x0000000110727000)
 End Bits:   [0x0000000110727000, 0x0000000111f27000)

Polling page: 0x000000010ca79000

CodeCache: size=245760Kb used=25411Kb max_used=25911Kb free=220348Kb
 bounds [0x000000011ab8e000, 0x000000011c51e000, 0x0000000129b8e000]
 total_blobs=7927 nmethods=7392 adapters=448
 compilation: enabled

Compilation events (10 events):
Event: 76.158 Thread 0x00007fe6f8049000 8590       3       org.jetbrains.kotlin.resolve.OverridingUtil$5::invoke (9 bytes)
Event: 76.158 Thread 0x00007fe6f8049000 nmethod 8590 0x000000011aca1250 code [0x000000011aca13c0, 0x000000011aca16f0]
Event: 76.158 Thread 0x00007fe6f8049000 8591       3       org.jetbrains.kotlin.resolve.OverridingUtil$5::invoke (2 bytes)
Event: 76.158 Thread 0x00007fe6f8049000 nmethod 8591 0x000000011b4f11d0 code [0x000000011b4f1320, 0x000000011b4f1470]
Event: 76.161 Thread 0x00007fe6f8049000 8592       3       org.jetbrains.kotlin.types.TypeSubstitution::filterAnnotations (8 bytes)
Event: 76.161 Thread 0x00007fe6f8049000 nmethod 8592 0x000000011ba12fd0 code [0x000000011ba13140, 0x000000011ba13368]
Event: 76.161 Thread 0x00007fe6f9803000 nmethod 8547 0x000000011b4c8110 code [0x000000011b4c83a0, 0x000000011b4c9890]
Event: 76.162 Thread 0x00007fe6f8049000 8593       3       org.jetbrains.kotlin.com.intellij.openapi.util.CompositeModificationTracker::<init> (50 bytes)
Event: 76.163 Thread 0x00007fe6f8049000 nmethod 8593 0x000000011b4d9910 code [0x000000011b4d9b80, 0x000000011b4dabd8]
Event: 76.163 Thread 0x00007fe6f9803000 8589       4       org.jetbrains.kotlin.load.java.typeEnhancement.SignatureEnhancement$SignatureParts$extractQualifiersFromAnnotations$1::invoke (113 bytes)

GC Heap History (10 events):
Event: 4.889 GC heap before
{Heap before GC invocations=10 (full 3):
 PSYoungGen      total 158208K, used 148808K [0x00000007a0000000, 0x00000007afa80000, 0x00000007c0000000)
  eden space 147456K, 93% used [0x00000007a0000000,0x00000007a86d6350,0x00000007a9000000)
  from space 10752K, 99% used [0x00000007ab200000,0x00000007abc7bdc8,0x00000007abc80000)
  to   space 34816K, 0% used [0x00000007a9000000,0x00000007a9000000,0x00000007ab200000)
 ParOldGen       total 164352K, used 45081K [0x0000000760000000, 0x000000076a080000, 0x00000007a0000000)
  object space 164352K, 27% used [0x0000000760000000,0x0000000762c06638,0x000000076a080000)
 Metaspace       used 51836K, capacity 52608K, committed 52992K, reserved 1095680K
  class space    used 6452K, capacity 6647K, committed 6656K, reserved 1048576K
Event: 4.918 GC heap after
Heap after GC invocations=10 (full 3):
 PSYoungGen      total 182272K, used 34784K [0x00000007a0000000, 0x00000007b2900000, 0x00000007c0000000)
  eden space 147456K, 0% used [0x00000007a0000000,0x00000007a0000000,0x00000007a9000000)
  from space 34816K, 99% used [0x00000007a9000000,0x00000007ab1f80f8,0x00000007ab200000)
  to   space 47616K, 0% used [0x00000007afa80000,0x00000007afa80000,0x00000007b2900000)
 ParOldGen       total 164352K, used 56659K [0x0000000760000000, 0x000000076a080000, 0x00000007a0000000)
  object space 164352K, 34% used [0x0000000760000000,0x0000000763754c18,0x000000076a080000)
 Metaspace       used 51836K, capacity 52608K, committed 52992K, reserved 1095680K
  class space    used 6452K, capacity 6647K, committed 6656K, reserved 1048576K
}
Event: 4.932 GC heap before
{Heap before GC invocations=11 (full 3):
 PSYoungGen      total 182272K, used 157195K [0x00000007a0000000, 0x00000007b2900000, 0x00000007c0000000)
  eden space 147456K, 83% used [0x00000007a0000000,0x00000007a778ab70,0x00000007a9000000)
  from space 34816K, 99% used [0x00000007a9000000,0x00000007ab1f80f8,0x00000007ab200000)
  to   space 47616K, 0% used [0x00000007afa80000,0x00000007afa80000,0x00000007b2900000)
 ParOldGen       total 164352K, used 56659K [0x0000000760000000, 0x000000076a080000, 0x00000007a0000000)
  object space 164352K, 34% used [0x0000000760000000,0x0000000763754c18,0x000000076a080000)
 Metaspace       used 51856K, capacity 52692K, committed 53248K, reserved 1095680K
  class space    used 6457K, capacity 6651K, committed 6656K, reserved 1048576K
Event: 4.958 GC heap after
Heap after GC invocations=11 (full 3):
 PSYoungGen      total 248320K, used 45311K [0x00000007a0000000, 0x00000007b7300000, 0x00000007c0000000)
  eden space 200704K, 0% used [0x00000007a0000000,0x00000007a0000000,0x00000007ac400000)
  from space 47616K, 95% used [0x00000007afa80000,0x00000007b26bfe40,0x00000007b2900000)
  to   space 55808K, 0% used [0x00000007ac400000,0x00000007ac400000,0x00000007afa80000)
 ParOldGen       total 164352K, used 56667K [0x0000000760000000, 0x000000076a080000, 0x00000007a0000000)
  object space 164352K, 34% used [0x0000000760000000,0x0000000763756c18,0x000000076a080000)
 Metaspace       used 51856K, capacity 52692K, committed 53248K, reserved 1095680K
  class space    used 6457K, capacity 6651K, committed 6656K, reserved 1048576K
}
Event: 5.041 GC heap before
{Heap before GC invocations=12 (full 3):
 PSYoungGen      total 248320K, used 217633K [0x00000007a0000000, 0x00000007b7300000, 0x00000007c0000000)
  eden space 200704K, 85% used [0x00000007a0000000,0x00000007aa848720,0x00000007ac400000)
  from space 47616K, 95% used [0x00000007afa80000,0x00000007b26bfe40,0x00000007b2900000)
  to   space 55808K, 0% used [0x00000007ac400000,0x00000007ac400000,0x00000007afa80000)
 ParOldGen       total 164352K, used 56667K [0x0000000760000000, 0x000000076a080000, 0x00000007a0000000)
  object space 164352K, 34% used [0x0000000760000000,0x0000000763756c18,0x000000076a080000)
 Metaspace       used 52844K, capacity 53746K, committed 54272K, reserved 1097728K
  class space    used 6599K, capacity 6826K, committed 6912K, reserved 1048576K
Event: 5.070 GC heap after
Heap after GC invocations=12 (full 3):
 PSYoungGen      total 256512K, used 46263K [0x00000007a0000000, 0x00000007be080000, 0x00000007c0000000)
  eden space 200704K, 0% used [0x00000007a0000000,0x00000007a0000000,0x00000007ac400000)
  from space 55808K, 82% used [0x00000007ac400000,0x00000007af12dd88,0x00000007afa80000)
  to   space 61952K, 0% used [0x00000007ba400000,0x00000007ba400000,0x00000007be080000)
 ParOldGen       total 164352K, used 56675K [0x0000000760000000, 0x000000076a080000, 0x00000007a0000000)
  object space 164352K, 34% used [0x0000000760000000,0x0000000763758c18,0x000000076a080000)
 Metaspace       used 52844K, capacity 53746K, committed 54272K, reserved 1097728K
  class space    used 6599K, capacity 6826K, committed 6912K, reserved 1048576K
}
Event: 26.933 GC heap before
{Heap before GC invocations=13 (full 3):
 PSYoungGen      total 256512K, used 246967K [0x00000007a0000000, 0x00000007be080000, 0x00000007c0000000)
  eden space 200704K, 100% used [0x00000007a0000000,0x00000007ac400000,0x00000007ac400000)
  from space 55808K, 82% used [0x00000007ac400000,0x00000007af12dd88,0x00000007afa80000)
  to   space 61952K, 0% used [0x00000007ba400000,0x00000007ba400000,0x00000007be080000)
 ParOldGen       total 164352K, used 56675K [0x0000000760000000, 0x000000076a080000, 0x00000007a0000000)
  object space 164352K, 34% used [0x0000000760000000,0x0000000763758c18,0x000000076a080000)
 Metaspace       used 53741K, capacity 54636K, committed 55040K, reserved 1097728K
  class space    used 6652K, capacity 6903K, committed 6912K, reserved 1048576K
Event: 26.955 GC heap after
Heap after GC invocations=13 (full 3):
 PSYoungGen      total 299520K, used 3453K [0x00000007a0000000, 0x00000007ba780000, 0x00000007c0000000)
  eden space 295936K, 0% used [0x00000007a0000000,0x00000007a0000000,0x00000007b2100000)
  from space 3584K, 96% used [0x00000007ba400000,0x00000007ba75f478,0x00000007ba780000)
  to   space 61952K, 0% used [0x00000007b2e80000,0x00000007b2e80000,0x00000007b6b00000)
 ParOldGen       total 164352K, used 91436K [0x0000000760000000, 0x000000076a080000, 0x00000007a0000000)
  object space 164352K, 55% used [0x0000000760000000,0x000000076594b1a8,0x000000076a080000)
 Metaspace       used 53741K, capacity 54636K, committed 55040K, reserved 1097728K
  class space    used 6652K, capacity 6903K, committed 6912K, reserved 1048576K
}
Event: 76.011 GC heap before
{Heap before GC invocations=14 (full 3):
 PSYoungGen      total 299520K, used 299389K [0x00000007a0000000, 0x00000007ba780000, 0x00000007c0000000)
  eden space 295936K, 100% used [0x00000007a0000000,0x00000007b2100000,0x00000007b2100000)
  from space 3584K, 96% used [0x00000007ba400000,0x00000007ba75f478,0x00000007ba780000)
  to   space 61952K, 0% used [0x00000007b2e80000,0x00000007b2e80000,0x00000007b6b00000)
 ParOldGen       total 164352K, used 91436K [0x0000000760000000, 0x000000076a080000, 0x00000007a0000000)
  object space 164352K, 55% used [0x0000000760000000,0x000000076594b1a8,0x000000076a080000)
 Metaspace       used 56022K, capacity 57322K, committed 57344K, reserved 1099776K
  class space    used 6828K, capacity 7162K, committed 7168K, reserved 1048576K
Event: 76.030 GC heap after
Heap after GC invocations=14 (full 3):
 PSYoungGen      total 371712K, used 24397K [0x00000007a0000000, 0x00000007c0000000, 0x00000007c0000000)
  eden space 309760K, 0% used [0x00000007a0000000,0x00000007a0000000,0x00000007b2e80000)
  from space 61952K, 39% used [0x00000007b2e80000,0x00000007b4653660,0x00000007b6b00000)
  to   space 58880K, 0% used [0x00000007bc680000,0x00000007bc680000,0x00000007c0000000)
 ParOldGen       total 164352K, used 91620K [0x0000000760000000, 0x000000076a080000, 0x00000007a0000000)
  object space 164352K, 55% used [0x0000000760000000,0x00000007659791a8,0x000000076a080000)
 Metaspace       used 56022K, capacity 57322K, committed 57344K, reserved 1099776K
  class space    used 6828K, capacity 7162K, committed 7168K, reserved 1048576K
}

Deoptimization events (10 events):
Event: 74.399 Thread 0x00007fe6faa8e000 Uncommon trap: reason=bimorphic action=maybe_recompile pc=0x000000011c17b1dc method=org.jetbrains.kotlin.load.kotlin.TypeSignatureMappingKt.mapType(Lorg/jetbrains/kotlin/types/KotlinType;Lorg/jetbrains/kotlin/load/kotlin/JvmTypeFactory;Lorg/jetbrains/kotl
Event: 74.399 Thread 0x00007fe6faa8e000 Uncommon trap: reason=bimorphic action=maybe_recompile pc=0x000000011c17b1dc method=org.jetbrains.kotlin.load.kotlin.TypeSignatureMappingKt.mapType(Lorg/jetbrains/kotlin/types/KotlinType;Lorg/jetbrains/kotlin/load/kotlin/JvmTypeFactory;Lorg/jetbrains/kotl
Event: 74.399 Thread 0x00007fe6faa8e000 Uncommon trap: reason=bimorphic action=maybe_recompile pc=0x000000011c17b1dc method=org.jetbrains.kotlin.load.kotlin.TypeSignatureMappingKt.mapType(Lorg/jetbrains/kotlin/types/KotlinType;Lorg/jetbrains/kotlin/load/kotlin/JvmTypeFactory;Lorg/jetbrains/kotl
Event: 74.400 Thread 0x00007fe6faa8e000 Uncommon trap: reason=bimorphic action=maybe_recompile pc=0x000000011c17b1dc method=org.jetbrains.kotlin.load.kotlin.TypeSignatureMappingKt.mapType(Lorg/jetbrains/kotlin/types/KotlinType;Lorg/jetbrains/kotlin/load/kotlin/JvmTypeFactory;Lorg/jetbrains/kotl
Event: 74.400 Thread 0x00007fe6faa8e000 Uncommon trap: reason=class_check action=maybe_recompile pc=0x000000011ae4790c method=org.jetbrains.kotlin.resolve.MemberComparator$NameAndTypeMemberComparator.getDeclarationPriority(Lorg/jetbrains/kotlin/descriptors/DeclarationDescriptor;)I @ 28
Event: 75.867 Thread 0x00007fe6fb838800 Uncommon trap: reason=class_check action=maybe_recompile pc=0x000000011bf8edc8 method=org.jetbrains.kotlin.com.intellij.util.text.ImmutableText.getChars(II[CI)V @ 51
Event: 75.900 Thread 0x00007fe6fb838800 Uncommon trap: reason=class_check action=maybe_recompile pc=0x000000011c418670 method=org.jetbrains.kotlin.load.java.lazy.descriptors.JvmPackageScope.getContributedClassifier(Lorg/jetbrains/kotlin/name/Name;Lorg/jetbrains/kotlin/incremental/components/Loo
Event: 75.903 Thread 0x00007fe6fb838800 Uncommon trap: reason=class_check action=maybe_recompile pc=0x000000011c418670 method=org.jetbrains.kotlin.load.java.lazy.descriptors.JvmPackageScope.getContributedClassifier(Lorg/jetbrains/kotlin/name/Name;Lorg/jetbrains/kotlin/incremental/components/Loo
Event: 75.904 Thread 0x00007fe6fb838800 Uncommon trap: reason=class_check action=maybe_recompile pc=0x000000011c418670 method=org.jetbrains.kotlin.load.java.lazy.descriptors.JvmPackageScope.getContributedClassifier(Lorg/jetbrains/kotlin/name/Name;Lorg/jetbrains/kotlin/incremental/components/Loo
Event: 75.904 Thread 0x00007fe6fb838800 Uncommon trap: reason=class_check action=maybe_recompile pc=0x000000011c418670 method=org.jetbrains.kotlin.load.java.lazy.descriptors.JvmPackageScope.getContributedClassifier(Lorg/jetbrains/kotlin/name/Name;Lorg/jetbrains/kotlin/incremental/components/Loo

Classes redefined (0 events):
No events

Internal exceptions (10 events):
Event: 75.571 Thread 0x00007fe6fb39e000 Exception <a 'sun/nio/fs/UnixException'> (0x00000007ae8376c8) thrown at [/Volumes/android/AOSP-openjdk-git/jdk8u/hotspot/src/share/vm/prims/jni.cpp, line 709]
Event: 75.574 Thread 0x00007fe6fb39e000 Exception <a 'sun/nio/fs/UnixException'> (0x00000007ae852a88) thrown at [/Volumes/android/AOSP-openjdk-git/jdk8u/hotspot/src/share/vm/prims/jni.cpp, line 709]
Event: 75.579 Thread 0x00007fe6fb39e000 Exception <a 'sun/nio/fs/UnixException'> (0x00000007ae879458) thrown at [/Volumes/android/AOSP-openjdk-git/jdk8u/hotspot/src/share/vm/prims/jni.cpp, line 709]
Event: 75.581 Thread 0x00007fe6fb39e000 Exception <a 'sun/nio/fs/UnixException'> (0x00000007ae88f1d8) thrown at [/Volumes/android/AOSP-openjdk-git/jdk8u/hotspot/src/share/vm/prims/jni.cpp, line 709]
Event: 75.584 Thread 0x00007fe6fb39e000 Exception <a 'sun/nio/fs/UnixException'> (0x00000007ae8b15c8) thrown at [/Volumes/android/AOSP-openjdk-git/jdk8u/hotspot/src/share/vm/prims/jni.cpp, line 709]
Event: 75.586 Thread 0x00007fe6fb39e000 Exception <a 'sun/nio/fs/UnixException'> (0x00000007ae8ca858) thrown at [/Volumes/android/AOSP-openjdk-git/jdk8u/hotspot/src/share/vm/prims/jni.cpp, line 709]
Event: 75.589 Thread 0x00007fe6fb39e000 Exception <a 'sun/nio/fs/UnixException'> (0x00000007ae8e9ea8) thrown at [/Volumes/android/AOSP-openjdk-git/jdk8u/hotspot/src/share/vm/prims/jni.cpp, line 709]
Event: 75.591 Thread 0x00007fe6fb39e000 Exception <a 'sun/nio/fs/UnixException'> (0x00000007ae90bb10) thrown at [/Volumes/android/AOSP-openjdk-git/jdk8u/hotspot/src/share/vm/prims/jni.cpp, line 709]
Event: 75.779 Thread 0x00007fe6fe20e000 Exception <a 'java/lang/InterruptedException'> (0x00000007aec75658) thrown at [/Volumes/android/AOSP-openjdk-git/jdk8u/hotspot/src/share/vm/runtime/objectMonitor.cpp, line 1684]
Event: 75.786 Thread 0x00007fe6fb838800 Exception <a 'sun/nio/fs/UnixException'> (0x00000007aeb36298) thrown at [/Volumes/android/AOSP-openjdk-git/jdk8u/hotspot/src/share/vm/prims/jni.cpp, line 709]

Events (10 events):
Event: 76.059 Thread 0x00007fe6f8049000 flushing nmethod 0x000000011bffd0d0
Event: 76.059 Thread 0x00007fe6f8049000 flushing nmethod 0x000000011c059f50
Event: 76.150 loading class org/jetbrains/kotlin/psi/KtExpression
Event: 76.150 loading class org/jetbrains/kotlin/psi/KtExpression done
Event: 76.150 loading class org/jetbrains/kotlin/descriptors/PropertyDescriptor
Event: 76.150 loading class org/jetbrains/kotlin/descriptors/PropertyDescriptor done
Event: 76.158 Executing VM operation: ForceSafepoint
Event: 76.159 Executing VM operation: ForceSafepoint done
Event: 76.162 loading class org/jetbrains/kotlin/kapt3/AbstractKapt3Extension$analysisCompleted$1
Event: 76.162 loading class org/jetbrains/kotlin/kapt3/AbstractKapt3Extension$analysisCompleted$1 done


Dynamic libraries:
0x0000000026776000 	/System/Library/Frameworks/Cocoa.framework/Versions/A/Cocoa
0x0000000026776000 	/System/Library/Frameworks/Security.framework/Versions/A/Security
0x0000000026776000 	/System/Library/Frameworks/ApplicationServices.framework/Versions/A/ApplicationServices
0x0000000026776000 	/usr/lib/libz.1.dylib
0x0000000026776000 	/usr/lib/libSystem.B.dylib
0x0000000026776000 	/System/Library/Frameworks/CoreFoundation.framework/Versions/A/CoreFoundation
0x0000000026776000 	/System/Library/Frameworks/Foundation.framework/Versions/C/Foundation
0x0000000026776000 	/usr/lib/libobjc.A.dylib
0x0000000026776000 	/System/Library/Frameworks/AppKit.framework/Versions/C/AppKit
0x0000000026776000 	/System/Library/Frameworks/CoreData.framework/Versions/A/CoreData
0x0000000026776000 	/System/Library/PrivateFrameworks/RemoteViewServices.framework/Versions/A/RemoteViewServices
0x0000000026776000 	/System/Library/PrivateFrameworks/UIFoundation.framework/Versions/A/UIFoundation
0x0000000026776000 	/System/Library/PrivateFrameworks/DFRFoundation.framework/Versions/A/DFRFoundation
0x0000000026776000 	/System/Library/Frameworks/Metal.framework/Versions/A/Metal
0x0000000026776000 	/System/Library/PrivateFrameworks/DesktopServicesPriv.framework/Versions/A/DesktopServicesPriv
0x0000000026776000 	/usr/lib/libenergytrace.dylib
0x0000000026776000 	/System/Library/PrivateFrameworks/SkyLight.framework/Versions/A/SkyLight
0x0000000026776000 	/System/Library/Frameworks/CoreGraphics.framework/Versions/A/CoreGraphics
0x0000000026776000 	/usr/lib/libScreenReader.dylib
0x0000000026776000 	/System/Library/Frameworks/Accelerate.framework/Versions/A/Accelerate
0x0000000026776000 	/System/Library/Frameworks/IOSurface.framework/Versions/A/IOSurface
0x0000000026776000 	/System/Library/Frameworks/AudioToolbox.framework/Versions/A/AudioToolbox
0x0000000026776000 	/System/Library/Frameworks/AudioUnit.framework/Versions/A/AudioUnit
0x0000000026776000 	/System/Library/PrivateFrameworks/DataDetectorsCore.framework/Versions/A/DataDetectorsCore
0x0000000026776000 	/System/Library/Frameworks/Carbon.framework/Versions/A/Frameworks/HIToolbox.framework/Versions/A/HIToolbox
0x0000000026776000 	/usr/lib/libicucore.A.dylib
0x0000000026776000 	/System/Library/Frameworks/QuartzCore.framework/Versions/A/QuartzCore
0x0000000026776000 	/System/Library/Frameworks/Carbon.framework/Versions/A/Frameworks/SpeechRecognition.framework/Versions/A/SpeechRecognition
0x0000000026776000 	/usr/lib/libauto.dylib
0x0000000026776000 	/usr/lib/libxml2.2.dylib
0x0000000026776000 	/System/Library/PrivateFrameworks/CoreUI.framework/Versions/A/CoreUI
0x0000000026776000 	/System/Library/Frameworks/CoreAudio.framework/Versions/A/CoreAudio
0x0000000026776000 	/System/Library/Frameworks/DiskArbitration.framework/Versions/A/DiskArbitration
0x0000000026776000 	/usr/lib/liblangid.dylib
0x0000000026776000 	/System/Library/PrivateFrameworks/MultitouchSupport.framework/Versions/A/MultitouchSupport
0x0000000026776000 	/System/Library/Frameworks/IOKit.framework/Versions/A/IOKit
0x0000000026776000 	/usr/lib/libDiagnosticMessagesClient.dylib
0x0000000026776000 	/System/Library/Frameworks/CoreServices.framework/Versions/A/CoreServices
0x0000000026776000 	/System/Library/PrivateFrameworks/PerformanceAnalysis.framework/Versions/A/PerformanceAnalysis
0x0000000026776000 	/System/Library/Frameworks/OpenGL.framework/Versions/A/OpenGL
0x0000000026776000 	/System/Library/Frameworks/ColorSync.framework/Versions/A/ColorSync
0x0000000026776000 	/System/Library/Frameworks/CoreImage.framework/Versions/A/CoreImage
0x0000000026776000 	/System/Library/Frameworks/CoreText.framework/Versions/A/CoreText
0x0000000026776000 	/System/Library/Frameworks/ImageIO.framework/Versions/A/ImageIO
0x0000000026776000 	/System/Library/PrivateFrameworks/Backup.framework/Versions/A/Backup
0x0000000026776000 	/usr/lib/libarchive.2.dylib
0x0000000026776000 	/System/Library/Frameworks/CFNetwork.framework/Versions/A/CFNetwork
0x0000000026776000 	/System/Library/Frameworks/SystemConfiguration.framework/Versions/A/SystemConfiguration
0x0000000026776000 	/usr/lib/libCRFSuite.dylib
0x0000000026776000 	/usr/lib/libc++.1.dylib
0x0000000026776000 	/usr/lib/libc++abi.dylib
0x0000000026776000 	/usr/lib/system/libcache.dylib
0x0000000026776000 	/usr/lib/system/libcommonCrypto.dylib
0x0000000026776000 	/usr/lib/system/libcompiler_rt.dylib
0x0000000026776000 	/usr/lib/system/libcopyfile.dylib
0x0000000026776000 	/usr/lib/system/libcorecrypto.dylib
0x0000000026776000 	/usr/lib/system/libdispatch.dylib
0x0000000026776000 	/usr/lib/system/libdyld.dylib
0x0000000026776000 	/usr/lib/system/libkeymgr.dylib
0x0000000026776000 	/usr/lib/system/liblaunch.dylib
0x0000000026776000 	/usr/lib/system/libmacho.dylib
0x0000000026776000 	/usr/lib/system/libquarantine.dylib
0x0000000026776000 	/usr/lib/system/libremovefile.dylib
0x0000000026776000 	/usr/lib/system/libsystem_asl.dylib
0x0000000026776000 	/usr/lib/system/libsystem_blocks.dylib
0x0000000026776000 	/usr/lib/system/libsystem_c.dylib
0x0000000026776000 	/usr/lib/system/libsystem_configuration.dylib
0x0000000026776000 	/usr/lib/system/libsystem_coreservices.dylib
0x0000000026776000 	/usr/lib/system/libsystem_darwin.dylib
0x0000000026776000 	/usr/lib/system/libsystem_dnssd.dylib
0x0000000026776000 	/usr/lib/system/libsystem_info.dylib
0x0000000026776000 	/usr/lib/system/libsystem_m.dylib
0x0000000026776000 	/usr/lib/system/libsystem_malloc.dylib
0x0000000026776000 	/usr/lib/system/libsystem_network.dylib
0x0000000026776000 	/usr/lib/system/libsystem_networkextension.dylib
0x0000000026776000 	/usr/lib/system/libsystem_notify.dylib
0x0000000026776000 	/usr/lib/system/libsystem_sandbox.dylib
0x0000000026776000 	/usr/lib/system/libsystem_secinit.dylib
0x0000000026776000 	/usr/lib/system/libsystem_kernel.dylib
0x0000000026776000 	/usr/lib/system/libsystem_platform.dylib
0x0000000026776000 	/usr/lib/system/libsystem_pthread.dylib
0x0000000026776000 	/usr/lib/system/libsystem_symptoms.dylib
0x0000000026776000 	/usr/lib/system/libsystem_trace.dylib
0x0000000026776000 	/usr/lib/system/libunwind.dylib
0x0000000026776000 	/usr/lib/system/libxpc.dylib
0x0000000026776000 	/usr/lib/closure/libclosured.dylib
0x0000000026776000 	/usr/lib/libbsm.0.dylib
0x0000000026776000 	/usr/lib/system/libkxld.dylib
0x0000000026776000 	/usr/lib/libOpenScriptingUtil.dylib
0x0000000026776000 	/usr/lib/libcoretls.dylib
0x0000000026776000 	/usr/lib/libcoretls_cfhelpers.dylib
0x0000000026776000 	/usr/lib/libpam.2.dylib
0x0000000026776000 	/usr/lib/libsqlite3.dylib
0x0000000026776000 	/usr/lib/libxar.1.dylib
0x0000000026776000 	/usr/lib/libbz2.1.0.dylib
0x0000000026776000 	/usr/lib/liblzma.5.dylib
0x0000000026776000 	/usr/lib/libnetwork.dylib
0x0000000026776000 	/usr/lib/libapple_nghttp2.dylib
0x0000000026776000 	/usr/lib/libpcap.A.dylib
0x0000000026776000 	/usr/lib/libboringssl.dylib
0x0000000026776000 	/usr/lib/libusrtcp.dylib
0x0000000026776000 	/usr/lib/libapple_crypto.dylib
0x0000000026776000 	/System/Library/Frameworks/CoreServices.framework/Versions/A/Frameworks/FSEvents.framework/Versions/A/FSEvents
0x0000000026776000 	/System/Library/Frameworks/CoreServices.framework/Versions/A/Frameworks/CarbonCore.framework/Versions/A/CarbonCore
0x0000000026776000 	/System/Library/Frameworks/CoreServices.framework/Versions/A/Frameworks/Metadata.framework/Versions/A/Metadata
0x0000000026776000 	/System/Library/Frameworks/CoreServices.framework/Versions/A/Frameworks/OSServices.framework/Versions/A/OSServices
0x0000000026776000 	/System/Library/Frameworks/CoreServices.framework/Versions/A/Frameworks/SearchKit.framework/Versions/A/SearchKit
0x0000000026776000 	/System/Library/Frameworks/CoreServices.framework/Versions/A/Frameworks/AE.framework/Versions/A/AE
0x0000000026776000 	/System/Library/Frameworks/CoreServices.framework/Versions/A/Frameworks/LaunchServices.framework/Versions/A/LaunchServices
0x0000000026776000 	/System/Library/Frameworks/CoreServices.framework/Versions/A/Frameworks/DictionaryServices.framework/Versions/A/DictionaryServices
0x0000000026776000 	/System/Library/Frameworks/CoreServices.framework/Versions/A/Frameworks/SharedFileList.framework/Versions/A/SharedFileList
0x0000000026776000 	/System/Library/Frameworks/NetFS.framework/Versions/A/NetFS
0x0000000026776000 	/System/Library/PrivateFrameworks/NetAuth.framework/Versions/A/NetAuth
0x0000000026776000 	/System/Library/PrivateFrameworks/login.framework/Versions/A/Frameworks/loginsupport.framework/Versions/A/loginsupport
0x0000000026776000 	/System/Library/PrivateFrameworks/TCC.framework/Versions/A/TCC
0x0000000026776000 	/usr/lib/libmecabra.dylib
0x0000000026776000 	/System/Library/Frameworks/ApplicationServices.framework/Versions/A/Frameworks/ATS.framework/Versions/A/ATS
0x0000000026776000 	/System/Library/Frameworks/ApplicationServices.framework/Versions/A/Frameworks/ColorSyncLegacy.framework/Versions/A/ColorSyncLegacy
0x0000000026776000 	/System/Library/Frameworks/ApplicationServices.framework/Versions/A/Frameworks/HIServices.framework/Versions/A/HIServices
0x0000000026776000 	/System/Library/Frameworks/ApplicationServices.framework/Versions/A/Frameworks/LangAnalysis.framework/Versions/A/LangAnalysis
0x0000000026776000 	/System/Library/Frameworks/ApplicationServices.framework/Versions/A/Frameworks/PrintCore.framework/Versions/A/PrintCore
0x0000000026776000 	/System/Library/Frameworks/ApplicationServices.framework/Versions/A/Frameworks/QD.framework/Versions/A/QD
0x0000000026776000 	/System/Library/Frameworks/ApplicationServices.framework/Versions/A/Frameworks/SpeechSynthesis.framework/Versions/A/SpeechSynthesis
0x0000000026776000 	/System/Library/Frameworks/CoreDisplay.framework/Versions/A/CoreDisplay
0x0000000026776000 	/System/Library/Frameworks/Accelerate.framework/Versions/A/Frameworks/vImage.framework/Versions/A/vImage
0x0000000026776000 	/System/Library/Frameworks/Accelerate.framework/Versions/A/Frameworks/vecLib.framework/Versions/A/vecLib
0x0000000026776000 	/System/Library/Frameworks/Accelerate.framework/Versions/A/Frameworks/vecLib.framework/Versions/A/libvDSP.dylib
0x0000000026776000 	/System/Library/Frameworks/Accelerate.framework/Versions/A/Frameworks/vecLib.framework/Versions/A/libBNNS.dylib
0x0000000026776000 	/System/Library/Frameworks/Accelerate.framework/Versions/A/Frameworks/vecLib.framework/Versions/A/libQuadrature.dylib
0x0000000026776000 	/System/Library/Frameworks/Accelerate.framework/Versions/A/Frameworks/vecLib.framework/Versions/A/libvMisc.dylib
0x0000000026776000 	/System/Library/Frameworks/Accelerate.framework/Versions/A/Frameworks/vecLib.framework/Versions/A/libLAPACK.dylib
0x0000000026776000 	/System/Library/Frameworks/Accelerate.framework/Versions/A/Frameworks/vecLib.framework/Versions/A/libBLAS.dylib
0x0000000026776000 	/System/Library/Frameworks/Accelerate.framework/Versions/A/Frameworks/vecLib.framework/Versions/A/libLinearAlgebra.dylib
0x0000000026776000 	/System/Library/Frameworks/Accelerate.framework/Versions/A/Frameworks/vecLib.framework/Versions/A/libSparse.dylib
0x0000000026776000 	/System/Library/Frameworks/Accelerate.framework/Versions/A/Frameworks/vecLib.framework/Versions/A/libSparseBLAS.dylib
0x0000000026776000 	/System/Library/PrivateFrameworks/IOAccelerator.framework/Versions/A/IOAccelerator
0x0000000026776000 	/System/Library/PrivateFrameworks/IOPresentment.framework/Versions/A/IOPresentment
0x0000000026776000 	/System/Library/PrivateFrameworks/DSExternalDisplay.framework/Versions/A/DSExternalDisplay
0x0000000026776000 	/System/Library/Frameworks/OpenGL.framework/Versions/A/Libraries/libCoreFSCache.dylib
0x0000000026776000 	/System/Library/Frameworks/CoreVideo.framework/Versions/A/CoreVideo
0x0000000026776000 	/System/Library/PrivateFrameworks/GraphVisualizer.framework/Versions/A/GraphVisualizer
0x0000000026776000 	/System/Library/Frameworks/MetalPerformanceShaders.framework/Versions/A/MetalPerformanceShaders
0x0000000026776000 	/usr/lib/libFosl_dynamic.dylib
0x0000000026776000 	/System/Library/PrivateFrameworks/FaceCore.framework/Versions/A/FaceCore
0x0000000026776000 	/System/Library/Frameworks/OpenCL.framework/Versions/A/OpenCL
0x0000000026776000 	/usr/lib/libcompression.dylib
0x0000000026776000 	/System/Library/Frameworks/ApplicationServices.framework/Versions/A/Frameworks/ATS.framework/Versions/A/Resources/libFontParser.dylib
0x0000000026776000 	/System/Library/Frameworks/ApplicationServices.framework/Versions/A/Frameworks/ATS.framework/Versions/A/Resources/libFontRegistry.dylib
0x0000000026776000 	/System/Library/Frameworks/ImageIO.framework/Versions/A/Resources/libJPEG.dylib
0x0000000026776000 	/System/Library/Frameworks/ImageIO.framework/Versions/A/Resources/libTIFF.dylib
0x0000000026776000 	/System/Library/Frameworks/ImageIO.framework/Versions/A/Resources/libPng.dylib
0x0000000026776000 	/System/Library/Frameworks/ImageIO.framework/Versions/A/Resources/libGIF.dylib
0x0000000026776000 	/System/Library/Frameworks/ImageIO.framework/Versions/A/Resources/libJP2.dylib
0x0000000026776000 	/System/Library/Frameworks/ImageIO.framework/Versions/A/Resources/libRadiance.dylib
0x0000000026776000 	/System/Library/PrivateFrameworks/AppleJPEG.framework/Versions/A/AppleJPEG
0x0000000026776000 	/System/Library/PrivateFrameworks/MetalTools.framework/Versions/A/MetalTools
0x0000000026776000 	/System/Library/Frameworks/MetalPerformanceShaders.framework/Frameworks/MPSCore.framework/Versions/A/MPSCore
0x0000000026776000 	/System/Library/Frameworks/MetalPerformanceShaders.framework/Frameworks/MPSImage.framework/Versions/A/MPSImage
0x0000000026776000 	/System/Library/Frameworks/MetalPerformanceShaders.framework/Frameworks/MPSMatrix.framework/Versions/A/MPSMatrix
0x0000000026776000 	/System/Library/Frameworks/MetalPerformanceShaders.framework/Frameworks/MPSNeuralNetwork.framework/Versions/A/MPSNeuralNetwork
0x0000000026776000 	/System/Library/Frameworks/OpenGL.framework/Versions/A/Libraries/libGLU.dylib
0x0000000026776000 	/System/Library/Frameworks/OpenGL.framework/Versions/A/Libraries/libGFXShared.dylib
0x0000000026776000 	/System/Library/Frameworks/OpenGL.framework/Versions/A/Libraries/libGL.dylib
0x0000000026776000 	/System/Library/Frameworks/OpenGL.framework/Versions/A/Libraries/libGLImage.dylib
0x0000000026776000 	/System/Library/Frameworks/OpenGL.framework/Versions/A/Libraries/libCVMSPluginSupport.dylib
0x0000000026776000 	/System/Library/Frameworks/OpenGL.framework/Versions/A/Libraries/libCoreVMClient.dylib
0x0000000026776000 	/usr/lib/libcups.2.dylib
0x0000000026776000 	/System/Library/Frameworks/Kerberos.framework/Versions/A/Kerberos
0x0000000026776000 	/System/Library/Frameworks/GSS.framework/Versions/A/GSS
0x0000000026776000 	/usr/lib/libresolv.9.dylib
0x0000000026776000 	/usr/lib/libiconv.2.dylib
0x0000000026776000 	/System/Library/PrivateFrameworks/Heimdal.framework/Versions/A/Heimdal
0x0000000026776000 	/usr/lib/libheimdal-asn1.dylib
0x000000010c9b4000 	/System/Library/Frameworks/OpenDirectory.framework/Versions/A/OpenDirectory
0x0000000026776000 	/System/Library/PrivateFrameworks/CommonAuth.framework/Versions/A/CommonAuth
0x000000010c9d8000 	/System/Library/Frameworks/OpenDirectory.framework/Versions/A/Frameworks/CFOpenDirectory.framework/Versions/A/CFOpenDirectory
0x0000000026776000 	/System/Library/Frameworks/SecurityFoundation.framework/Versions/A/SecurityFoundation
0x0000000026776000 	/System/Library/PrivateFrameworks/APFS.framework/Versions/A/APFS
0x0000000026776000 	/usr/lib/libutil.dylib
0x0000000026776000 	/System/Library/PrivateFrameworks/AppleSauce.framework/Versions/A/AppleSauce
0x0000000026776000 	/System/Library/PrivateFrameworks/LinguisticData.framework/Versions/A/LinguisticData
0x0000000026776000 	/usr/lib/libmarisa.dylib
0x0000000026776000 	/System/Library/PrivateFrameworks/Lexicon.framework/Versions/A/Lexicon
0x0000000026776000 	/usr/lib/libChineseTokenizer.dylib
0x0000000026776000 	/usr/lib/libcmph.dylib
0x0000000026776000 	/System/Library/PrivateFrameworks/LanguageModeling.framework/Versions/A/LanguageModeling
0x0000000026776000 	/System/Library/PrivateFrameworks/CoreEmoji.framework/Versions/A/CoreEmoji
0x0000000026776000 	/System/Library/Frameworks/ServiceManagement.framework/Versions/A/ServiceManagement
0x0000000026776000 	/System/Library/PrivateFrameworks/BackgroundTaskManagement.framework/Versions/A/BackgroundTaskManagement
0x0000000026776000 	/usr/lib/libxslt.1.dylib
0x0000000026776000 	/System/Library/Frameworks/Carbon.framework/Versions/A/Frameworks/Ink.framework/Versions/A/Ink
0x0000000026776000 	/System/Library/PrivateFrameworks/TextureIO.framework/Versions/A/TextureIO
0x0000000026776000 	/usr/lib/libate.dylib
0x0000000026776000 	/System/Library/PrivateFrameworks/CrashReporterSupport.framework/Versions/A/CrashReporterSupport
0x0000000026776000 	/System/Library/PrivateFrameworks/Sharing.framework/Versions/A/Sharing
0x0000000026776000 	/System/Library/PrivateFrameworks/IconServices.framework/Versions/A/IconServices
0x0000000026776000 	/System/Library/PrivateFrameworks/ProtocolBuffer.framework/Versions/A/ProtocolBuffer
0x0000000026776000 	/System/Library/PrivateFrameworks/Apple80211.framework/Versions/A/Apple80211
0x0000000026776000 	/System/Library/Frameworks/CoreWLAN.framework/Versions/A/CoreWLAN
0x0000000026776000 	/System/Library/PrivateFrameworks/CoreUtils.framework/Versions/A/CoreUtils
0x0000000026776000 	/System/Library/Frameworks/IOBluetooth.framework/Versions/A/IOBluetooth
0x0000000026776000 	/System/Library/PrivateFrameworks/CoreWiFi.framework/Versions/A/CoreWiFi
0x0000000026776000 	/System/Library/Frameworks/CoreBluetooth.framework/Versions/A/CoreBluetooth
0x0000000026776000 	/System/Library/PrivateFrameworks/SignpostNotification.framework/Versions/A/SignpostNotification
0x0000000026776000 	/System/Library/PrivateFrameworks/DebugSymbols.framework/Versions/A/DebugSymbols
0x0000000026776000 	/System/Library/PrivateFrameworks/CoreSymbolication.framework/Versions/A/CoreSymbolication
0x0000000026776000 	/System/Library/PrivateFrameworks/Symbolication.framework/Versions/A/Symbolication
0x0000000026776000 	/System/Library/PrivateFrameworks/AppleFSCompression.framework/Versions/A/AppleFSCompression
0x0000000026776000 	/System/Library/PrivateFrameworks/SpeechRecognitionCore.framework/Versions/A/SpeechRecognitionCore
0x0000000026776000 	/System/Library/CoreServices/Encodings/libSimplifiedChineseConverter.dylib
0x000000010dc00000 	/Applications/Android Studio.app/Contents/jre/jdk/Contents/Home/jre/lib/server/libjvm.dylib
0x0000000026776000 	/usr/lib/libstdc++.6.0.9.dylib
0x000000010ca39000 	/Applications/Android Studio.app/Contents/jre/jdk/Contents/Home/jre/lib/libverify.dylib
0x000000010ca45000 	/Applications/Android Studio.app/Contents/jre/jdk/Contents/Home/jre/lib/libjava.dylib
0x000000010cac3000 	/Applications/Android Studio.app/Contents/jre/jdk/Contents/Home/jre/lib/libzip.dylib
0x00000001164b9000 	/Applications/Android Studio.app/Contents/jre/jdk/Contents/Home/jre/lib/libmanagement.dylib
0x00000001164c3000 	/Applications/Android Studio.app/Contents/jre/jdk/Contents/Home/jre/lib/libnio.dylib
0x00000001164d3000 	/Applications/Android Studio.app/Contents/jre/jdk/Contents/Home/jre/lib/./libnet.dylib

VM Arguments:
jvm_args: -Djava.awt.headless=true -Djava.rmi.server.hostname=localhost -Xmx1536m -Dkotlin.environment.keepalive 
java_command: org.jetbrains.kotlin.daemon.KotlinCompileDaemon --daemon-runFilesPath /Users/zenochan/Library/Application Support/kotlin/daemon --daemon-autoshutdownIdleSeconds=7200 --daemon-compilerClasspath /Users/zenochan/.gradle/caches/modules-2/files-2.1/org.jetbrains.kotlin/kotlin-compiler-embeddable/1.2.0/17eefd45a8efe1fd7d537d3f8e981f6d76c5ae0e/kotlin-compiler-embeddable-1.2.0.jar:/Users/zenochan/.gradle/caches/modules-2/files-2.1/org.jetbrains.kotlin/kotlin-stdlib/1.2.0/25eb440d6eeb9fc60299121020fe726eb2100d03/kotlin-stdlib-1.2.0.jar:/Users/zenochan/.gradle/caches/modules-2/files-2.1/org.jetbrains.kotlin/kotlin-script-runtime/1.2.0/269ab8b6a2d55c23dbf2e317a1af2b4c7e8d54b6/kotlin-script-runtime-1.2.0.jar:/Users/zenochan/.gradle/caches/modules-2/files-2.1/org.jetbrains.kotlin/kotlin-reflect/1.2.0/4bbda3b5425aa38a9f6960468a29c5ef3e8a28c9/kotlin-reflect-1.2.0.jar:/Applications/Android Studio.app/Contents/jre/jdk/Contents/Home/lib/tools.jar
java_class_path (initial): /Users/zenochan/.gradle/caches/modules-2/files-2.1/org.jetbrains.kotlin/kotlin-compiler-embeddable/1.2.0/17eefd45a8efe1fd7d537d3f8e981f6d76c5ae0e/kotlin-compiler-embeddable-1.2.0.jar:/Users/zenochan/.gradle/caches/modules-2/files-2.1/org.jetbrains.kotlin/kotlin-stdlib/1.2.0/25eb440d6eeb9fc60299121020fe726eb2100d03/kotlin-stdlib-1.2.0.jar:/Users/zenochan/.gradle/caches/modules-2/files-2.1/org.jetbrains.kotlin/kotlin-script-runtime/1.2.0/269ab8b6a2d55c23dbf2e317a1af2b4c7e8d54b6/kotlin-script-runtime-1.2.0.jar:/Users/zenochan/.gradle/caches/modules-2/files-2.1/org.jetbrains.kotlin/kotlin-reflect/1.2.0/4bbda3b5425aa38a9f6960468a29c5ef3e8a28c9/kotlin-reflect-1.2.0.jar:/Applications/Android Studio.app/Contents/jre/jdk/Contents/Home/lib/tools.jar
Launcher Type: SUN_STANDARD

Environment Variables:
PATH=/usr/bin:/bin:/usr/sbin:/sbin
SHELL=/bin/bash
DISPLAY=/private/tmp/com.apple.launchd.xor9cR1wPf/org.macosforge.xquartz:0

Signal Handlers:
SIGSEGV: [libjvm.dylib+0x53e133], sa_mask[0]=11111111011111110111111111111111, sa_flags=SA_ONSTACK|SA_RESTART|SA_SIGINFO
SIGBUS: [libjvm.dylib+0x53e133], sa_mask[0]=11111111011111110111111111111111, sa_flags=SA_RESTART|SA_SIGINFO
SIGFPE: [libjvm.dylib+0x4369af], sa_mask[0]=11111111011111110111111111111111, sa_flags=SA_RESTART|SA_SIGINFO
SIGPIPE: [libjvm.dylib+0x4369af], sa_mask[0]=11111111011111110111111111111111, sa_flags=SA_RESTART|SA_SIGINFO
SIGXFSZ: [libjvm.dylib+0x4369af], sa_mask[0]=11111111011111110111111111111111, sa_flags=SA_RESTART|SA_SIGINFO
SIGILL: [libjvm.dylib+0x4369af], sa_mask[0]=11111111011111110111111111111111, sa_flags=SA_RESTART|SA_SIGINFO
SIGUSR1: SIG_DFL, sa_mask[0]=00000000000000000000000000000000, sa_flags=none
SIGUSR2: [libjvm.dylib+0x4372d4], sa_mask[0]=00100000000000000000000000000000, sa_flags=SA_RESTART|SA_SIGINFO
SIGHUP: [libjvm.dylib+0x4354c9], sa_mask[0]=11111111011111110111111111111111, sa_flags=SA_RESTART|SA_SIGINFO
SIGINT: [libjvm.dylib+0x4354c9], sa_mask[0]=11111111011111110111111111111111, sa_flags=SA_RESTART|SA_SIGINFO
SIGTERM: [libjvm.dylib+0x4354c9], sa_mask[0]=11111111011111110111111111111111, sa_flags=SA_RESTART|SA_SIGINFO
SIGQUIT: [libjvm.dylib+0x4354c9], sa_mask[0]=11111111011111110111111111111111, sa_flags=SA_RESTART|SA_SIGINFO


---------------  S Y S T E M  ---------------

OS:Bsduname:Darwin 17.2.0 Darwin Kernel Version 17.2.0: Fri Sep 29 18:27:05 PDT 2017; root:xnu-4570.20.62~3/RELEASE_X86_64 x86_64
rlimit: STACK 8192k, CORE 0k, NPROC 1418, NOFILE 10240, AS infinity
load average:3.54 3.04 3.01

CPU:total 8 (initial active 8) (4 cores per cpu, 2 threads per core) family 6 model 70 stepping 1, cmov, cx8, fxsr, mmx, sse, sse2, sse3, ssse3, sse4.1, sse4.2, popcnt, avx, avx2, aes, clmul, erms, lzcnt, ht, tsc, tscinvbit, bmi1, bmi2

Memory: 4k page, physical 16777216k(799656k free)

/proc/meminfo:


vm_info: OpenJDK 64-Bit Server VM (25.152-b08) for bsd-amd64 JRE (1.8.0_152-release-915-b08), built by "builder" with gcc 4.2.1 Compatible Apple LLVM 8.1.0 (clang-802.0.42)

time: Thu Dec  7 15:34:25 2017
elapsed time: 76 seconds (0d 0h 1m 16s)

